#
# There is insufficient memory for the Java Runtime Environment to continue.
# Native memory allocation (malloc) failed to allocate 1712336 bytes for Chunk::new
# Possible reasons:
#   The system is out of physical RAM or swap space
#   The process is running with CompressedOops enabled, and the Java Heap may be blocking the growth of the native heap
# Possible solutions:
#   Reduce memory load on the system
#   Increase physical memory or swap space
#   Check if swap backing store is full
#   Decrease Java heap size (-Xmx/-Xms)
#   Decrease number of Java threads
#   Decrease Java thread stack sizes (-Xss)
#   Set larger code cache with -XX:ReservedCodeCacheSize=
#   JVM is running with Zero Based Compressed Oops mode in which the Java heap is
#     placed in the first 32GB address space. The Java Heap base address is the
#     maximum limit for the native heap growth. Please use -XX:HeapBaseMinAddress
#     to set the Java Heap base and to place the Java Heap above 32GB virtual address.
# This output file may be truncated or incomplete.
#
#  Out of Memory Error (./src/hotspot/share/memory/arena.cpp:197), pid=30896, tid=24404
#
# JRE version: OpenJDK Runtime Environment (11.0.11+9) (build 11.0.11+9-b60-7590822)
# Java VM: OpenJDK 64-Bit Server VM (11.0.11+9-b60-7590822, mixed mode, tiered, compressed oops, g1 gc, windows-amd64)
# No core dump will be written. Minidumps are not enabled by default on client versions of Windows
#

---------------  S U M M A R Y ------------

Command Line: org.jetbrains.kotlin.cli.jvm.K2JVMCompiler @C:\Users\khk68\Desktop\test\BCSD-Beginner-KangHeeKwon\app\build\20220512_16399497760871121969.compiler.options

Host: Intel(R) Core(TM) i7-7700HQ CPU @ 2.80GHz, 8 cores, 15G,  Windows 10 , 64 bit Build 19041 (10.0.19041.1706)
Time: Thu May 12 15:27:51 2022 대한민국 표준시 elapsed time: 2.957695 seconds (0d 0h 0m 2s)

---------------  T H R E A D  ---------------

Current thread (0x000001fcf0ad2000):  JavaThread "C2 CompilerThread2" daemon [_thread_in_native, id=24404, stack(0x000000f812b00000,0x000000f812c00000)]


Current CompileTask:
C2:   2957 2904       4       jdk.internal.loader.ClassLoaders$AppClassLoader::loadClass (40 bytes)

Stack: [0x000000f812b00000,0x000000f812c00000]
Native frames: (J=compiled Java code, j=interpreted, Vv=VM code, C=native code)
V  [jvm.dll+0x5f214a]
V  [jvm.dll+0x726fb5]
V  [jvm.dll+0x7285cd]
V  [jvm.dll+0x728c83]
V  [jvm.dll+0x243278]
V  [jvm.dll+0xbc53c]
V  [jvm.dll+0xbca3c]
V  [jvm.dll+0x353e3b]
V  [jvm.dll+0x19875c]
V  [jvm.dll+0x1fc2ee]
V  [jvm.dll+0x1fb3d4]
V  [jvm.dll+0x183d6c]
V  [jvm.dll+0x209a57]
V  [jvm.dll+0x2082a1]
V  [jvm.dll+0x6ef58f]
V  [jvm.dll+0x6e80b5]
V  [jvm.dll+0x5f1036]
C  [ucrtbase.dll+0x21bb2]
C  [KERNEL32.DLL+0x17034]
C  [ntdll.dll+0x52651]


---------------  P R O C E S S  ---------------

Threads class SMR info:
_java_thread_list=0x000001fcf0292ec0, length=12, elements={
0x000001fccf4cb800, 0x000001fceee74000, 0x000001fceee7d800, 0x000001fceeeca800,
0x000001fceeecb000, 0x000001fceeece000, 0x000001fceeed0000, 0x000001fceeed6000,
0x000001fceeed7000, 0x000001fcef040800, 0x000001fcef060800, 0x000001fcf0ad2000
}

Java Threads: ( => current thread )
  0x000001fccf4cb800 JavaThread "main" [_thread_in_Java, id=4040, stack(0x000000f811900000,0x000000f811a00000)]
  0x000001fceee74000 JavaThread "Reference Handler" daemon [_thread_blocked, id=29264, stack(0x000000f812000000,0x000000f812100000)]
  0x000001fceee7d800 JavaThread "Finalizer" daemon [_thread_blocked, id=23728, stack(0x000000f812100000,0x000000f812200000)]
  0x000001fceeeca800 JavaThread "Signal Dispatcher" daemon [_thread_blocked, id=27628, stack(0x000000f812200000,0x000000f812300000)]
  0x000001fceeecb000 JavaThread "Attach Listener" daemon [_thread_blocked, id=23940, stack(0x000000f812300000,0x000000f812400000)]
  0x000001fceeece000 JavaThread "Service Thread" daemon [_thread_blocked, id=16428, stack(0x000000f812400000,0x000000f812500000)]
  0x000001fceeed0000 JavaThread "C2 CompilerThread0" daemon [_thread_in_native, id=30632, stack(0x000000f812500000,0x000000f812600000)]
  0x000001fceeed6000 JavaThread "C1 CompilerThread0" daemon [_thread_blocked, id=12964, stack(0x000000f812600000,0x000000f812700000)]
  0x000001fceeed7000 JavaThread "Sweeper thread" daemon [_thread_blocked, id=9224, stack(0x000000f812700000,0x000000f812800000)]
  0x000001fcef040800 JavaThread "Common-Cleaner" daemon [_thread_blocked, id=27988, stack(0x000000f812900000,0x000000f812a00000)]
  0x000001fcef060800 JavaThread "C2 CompilerThread1" daemon [_thread_in_native, id=26788, stack(0x000000f812a00000,0x000000f812b00000)]
=>0x000001fcf0ad2000 JavaThread "C2 CompilerThread2" daemon [_thread_in_native, id=24404, stack(0x000000f812b00000,0x000000f812c00000)]

Other Threads:
  0x000001fcee5a4000 VMThread "VM Thread" [stack: 0x000000f811f00000,0x000000f812000000] [id=10464]
  0x000001fcef03f000 WatcherThread [stack: 0x000000f812800000,0x000000f812900000] [id=31236]
  0x000001fccf4e3000 GCTaskThread "GC Thread#0" [stack: 0x000000f811a00000,0x000000f811b00000] [id=26824]
  0x000001fcef694800 GCTaskThread "GC Thread#1" [stack: 0x000000f812c00000,0x000000f812d00000] [id=9736]
  0x000001fcef695800 GCTaskThread "GC Thread#2" [stack: 0x000000f812d00000,0x000000f812e00000] [id=31576]
  0x000001fcef65a000 GCTaskThread "GC Thread#3" [stack: 0x000000f812e00000,0x000000f812f00000] [id=28864]
  0x000001fcef65a800 GCTaskThread "GC Thread#4" [stack: 0x000000f812f00000,0x000000f813000000] [id=24568]
  0x000001fcef65b800 GCTaskThread "GC Thread#5" [stack: 0x000000f813000000,0x000000f813100000] [id=28904]
  0x000001fccf542000 ConcurrentGCThread "G1 Main Marker" [stack: 0x000000f811b00000,0x000000f811c00000] [id=31512]
  0x000001fccf543800 ConcurrentGCThread "G1 Conc#0" [stack: 0x000000f811c00000,0x000000f811d00000] [id=28108]
  0x000001fcf00ac000 ConcurrentGCThread "G1 Conc#1" [stack: 0x000000f813100000,0x000000f813200000] [id=17524]
  0x000001fcee48a800 ConcurrentGCThread "G1 Refine#0" [stack: 0x000000f811d00000,0x000000f811e00000] [id=30740]
  0x000001fcf0053000 ConcurrentGCThread "G1 Refine#1" [stack: 0x000000f813200000,0x000000f813300000] [id=24864]
  0x000001fcee48c800 ConcurrentGCThread "G1 Young RemSet Sampling" [stack: 0x000000f811e00000,0x000000f811f00000] [id=21508]

Threads with active compile tasks:
C2 CompilerThread0   2982 2762       4       java.lang.ClassLoader::loadClass (7 bytes)
C1 CompilerThread0   2982 3321       2       org.jetbrains.org.objectweb.asm.ClassReader::readParameterAnnotations (106 bytes)
C2 CompilerThread1   2982 2903   !   4       jdk.internal.loader.BuiltinClassLoader::findClassOnClassPathOrNull (64 bytes)
C2 CompilerThread2   2982 2904       4       jdk.internal.loader.ClassLoaders$AppClassLoader::loadClass (40 bytes)

VM state:not at safepoint (normal execution)

VM Mutex/Monitor currently owned by a thread: None

Heap address: 0x0000000701e00000, size: 4066 MB, Compressed Oops mode: Zero based, Oop shift amount: 3
Narrow klass base: 0x0000000800000000, Narrow klass shift: 0
Compressed class space size: 1073741824 Address: 0x0000000800000000

Heap:
 garbage-first heap   total 315392K, used 79950K [0x0000000701e00000, 0x0000000800000000)
  region size 1024K, 60 young (61440K), 2 survivors (2048K)
 Metaspace       used 47022K, capacity 47558K, committed 47644K, reserved 1091584K
  class space    used 5593K, capacity 5816K, committed 5836K, reserved 1048576K
Heap Regions: E=young(eden), S=young(survivor), O=old, HS=humongous(starts), HC=humongous(continues), CS=collection set, F=free, A=archive, TAMS=top-at-mark-start (previous, next)
|   0|0x0000000701e00000, 0x0000000701f00000, 0x0000000701f00000|100%|HS|  |TAMS 0x0000000701f00000, 0x0000000701e00000| Complete 
|   1|0x0000000701f00000, 0x0000000702000000, 0x0000000702000000|100%|HC|  |TAMS 0x0000000702000000, 0x0000000701f00000| Complete 
|   2|0x0000000702000000, 0x0000000702100000, 0x0000000702100000|100%|HC|  |TAMS 0x0000000702100000, 0x0000000702000000| Complete 
|   3|0x0000000702100000, 0x0000000702200000, 0x0000000702200000|100%|HS|  |TAMS 0x0000000702200000, 0x0000000702100000| Complete 
|   4|0x0000000702200000, 0x0000000702300000, 0x0000000702300000|100%|HC|  |TAMS 0x0000000702300000, 0x0000000702200000| Complete 
|   5|0x0000000702300000, 0x0000000702400000, 0x0000000702400000|100%|HC|  |TAMS 0x0000000702400000, 0x0000000702300000| Complete 
|   6|0x0000000702400000, 0x0000000702500000, 0x0000000702500000|100%|HS|  |TAMS 0x0000000702500000, 0x0000000702400000| Complete 
|   7|0x0000000702500000, 0x0000000702600000, 0x0000000702600000|100%|HC|  |TAMS 0x0000000702600000, 0x0000000702500000| Complete 
|   8|0x0000000702600000, 0x0000000702700000, 0x0000000702700000|100%| O|  |TAMS 0x0000000702700000, 0x0000000702600000| Untracked 
|   9|0x0000000702700000, 0x0000000702800000, 0x0000000702800000|100%| O|  |TAMS 0x0000000702800000, 0x0000000702700000| Untracked 
|  10|0x0000000702800000, 0x0000000702900000, 0x0000000702900000|100%| O|  |TAMS 0x0000000702900000, 0x0000000702800000| Untracked 
|  11|0x0000000702900000, 0x0000000702a00000, 0x0000000702a00000|100%| O|  |TAMS 0x0000000702a00000, 0x0000000702900000| Untracked 
|  12|0x0000000702a00000, 0x0000000702b00000, 0x0000000702b00000|100%| O|  |TAMS 0x0000000702b00000, 0x0000000702a00000| Untracked 
|  13|0x0000000702b00000, 0x0000000702c00000, 0x0000000702c00000|100%| O|  |TAMS 0x0000000702c00000, 0x0000000702b00000| Untracked 
|  14|0x0000000702c00000, 0x0000000702d00000, 0x0000000702d00000|100%| O|  |TAMS 0x0000000702d00000, 0x0000000702c00000| Untracked 
|  15|0x0000000702d00000, 0x0000000702e00000, 0x0000000702e00000|100%| O|  |TAMS 0x0000000702e00000, 0x0000000702d00000| Untracked 
|  16|0x0000000702e00000, 0x0000000702f00000, 0x0000000702f00000|100%| O|  |TAMS 0x0000000702f00000, 0x0000000702e00000| Untracked 
|  17|0x0000000702f00000, 0x0000000703000000, 0x0000000703000000|100%| O|  |TAMS 0x0000000703000000, 0x0000000702f00000| Untracked 
|  18|0x0000000703000000, 0x0000000703100000, 0x0000000703100000|100%| O|  |TAMS 0x0000000703100000, 0x0000000703000000| Untracked 
|  19|0x0000000703100000, 0x00000007031db800, 0x0000000703200000| 85%| O|  |TAMS 0x00000007031db800, 0x0000000703100000| Untracked 
|  20|0x0000000703200000, 0x0000000703200000, 0x0000000703300000|  0%| F|  |TAMS 0x0000000703200000, 0x0000000703200000| Untracked 
|  21|0x0000000703300000, 0x0000000703300000, 0x0000000703400000|  0%| F|  |TAMS 0x0000000703300000, 0x0000000703300000| Untracked 
|  22|0x0000000703400000, 0x0000000703400000, 0x0000000703500000|  0%| F|  |TAMS 0x0000000703400000, 0x0000000703400000| Untracked 
|  23|0x0000000703500000, 0x0000000703500000, 0x0000000703600000|  0%| F|  |TAMS 0x0000000703500000, 0x0000000703500000| Untracked 
|  24|0x0000000703600000, 0x0000000703600000, 0x0000000703700000|  0%| F|  |TAMS 0x0000000703600000, 0x0000000703600000| Untracked 
|  25|0x0000000703700000, 0x0000000703700000, 0x0000000703800000|  0%| F|  |TAMS 0x0000000703700000, 0x0000000703700000| Untracked 
|  26|0x0000000703800000, 0x0000000703800000, 0x0000000703900000|  0%| F|  |TAMS 0x0000000703800000, 0x0000000703800000| Untracked 
|  27|0x0000000703900000, 0x0000000703900000, 0x0000000703a00000|  0%| F|  |TAMS 0x0000000703900000, 0x0000000703900000| Untracked 
|  28|0x0000000703a00000, 0x0000000703a00000, 0x0000000703b00000|  0%| F|  |TAMS 0x0000000703a00000, 0x0000000703a00000| Untracked 
|  29|0x0000000703b00000, 0x0000000703b00000, 0x0000000703c00000|  0%| F|  |TAMS 0x0000000703b00000, 0x0000000703b00000| Untracked 
|  30|0x0000000703c00000, 0x0000000703c00000, 0x0000000703d00000|  0%| F|  |TAMS 0x0000000703c00000, 0x0000000703c00000| Untracked 
|  31|0x0000000703d00000, 0x0000000703d00000, 0x0000000703e00000|  0%| F|  |TAMS 0x0000000703d00000, 0x0000000703d00000| Untracked 
|  32|0x0000000703e00000, 0x0000000703e00000, 0x0000000703f00000|  0%| F|  |TAMS 0x0000000703e00000, 0x0000000703e00000| Untracked 
|  33|0x0000000703f00000, 0x0000000703f00000, 0x0000000704000000|  0%| F|  |TAMS 0x0000000703f00000, 0x0000000703f00000| Untracked 
|  34|0x0000000704000000, 0x0000000704000000, 0x0000000704100000|  0%| F|  |TAMS 0x0000000704000000, 0x0000000704000000| Untracked 
|  35|0x0000000704100000, 0x0000000704100000, 0x0000000704200000|  0%| F|  |TAMS 0x0000000704100000, 0x0000000704100000| Untracked 
|  36|0x0000000704200000, 0x0000000704200000, 0x0000000704300000|  0%| F|  |TAMS 0x0000000704200000, 0x0000000704200000| Untracked 
|  37|0x0000000704300000, 0x0000000704300000, 0x0000000704400000|  0%| F|  |TAMS 0x0000000704300000, 0x0000000704300000| Untracked 
|  38|0x0000000704400000, 0x0000000704400000, 0x0000000704500000|  0%| F|  |TAMS 0x0000000704400000, 0x0000000704400000| Untracked 
|  39|0x0000000704500000, 0x0000000704500000, 0x0000000704600000|  0%| F|  |TAMS 0x0000000704500000, 0x0000000704500000| Untracked 
|  40|0x0000000704600000, 0x0000000704600000, 0x0000000704700000|  0%| F|  |TAMS 0x0000000704600000, 0x0000000704600000| Untracked 
|  41|0x0000000704700000, 0x0000000704700000, 0x0000000704800000|  0%| F|  |TAMS 0x0000000704700000, 0x0000000704700000| Untracked 
|  42|0x0000000704800000, 0x0000000704800000, 0x0000000704900000|  0%| F|  |TAMS 0x0000000704800000, 0x0000000704800000| Untracked 
|  43|0x0000000704900000, 0x0000000704900000, 0x0000000704a00000|  0%| F|  |TAMS 0x0000000704900000, 0x0000000704900000| Untracked 
|  44|0x0000000704a00000, 0x0000000704a00000, 0x0000000704b00000|  0%| F|  |TAMS 0x0000000704a00000, 0x0000000704a00000| Untracked 
|  45|0x0000000704b00000, 0x0000000704b00000, 0x0000000704c00000|  0%| F|  |TAMS 0x0000000704b00000, 0x0000000704b00000| Untracked 
|  46|0x0000000704c00000, 0x0000000704c00000, 0x0000000704d00000|  0%| F|  |TAMS 0x0000000704c00000, 0x0000000704c00000| Untracked 
|  47|0x0000000704d00000, 0x0000000704d00000, 0x0000000704e00000|  0%| F|  |TAMS 0x0000000704d00000, 0x0000000704d00000| Untracked 
|  48|0x0000000704e00000, 0x0000000704e00000, 0x0000000704f00000|  0%| F|  |TAMS 0x0000000704e00000, 0x0000000704e00000| Untracked 
|  49|0x0000000704f00000, 0x0000000704f00000, 0x0000000705000000|  0%| F|  |TAMS 0x0000000704f00000, 0x0000000704f00000| Untracked 
|  50|0x0000000705000000, 0x0000000705000000, 0x0000000705100000|  0%| F|  |TAMS 0x0000000705000000, 0x0000000705000000| Untracked 
|  51|0x0000000705100000, 0x0000000705100000, 0x0000000705200000|  0%| F|  |TAMS 0x0000000705100000, 0x0000000705100000| Untracked 
|  52|0x0000000705200000, 0x0000000705200000, 0x0000000705300000|  0%| F|  |TAMS 0x0000000705200000, 0x0000000705200000| Untracked 
|  53|0x0000000705300000, 0x0000000705300000, 0x0000000705400000|  0%| F|  |TAMS 0x0000000705300000, 0x0000000705300000| Untracked 
|  54|0x0000000705400000, 0x0000000705400000, 0x0000000705500000|  0%| F|  |TAMS 0x0000000705400000, 0x0000000705400000| Untracked 
|  55|0x0000000705500000, 0x0000000705500000, 0x0000000705600000|  0%| F|  |TAMS 0x0000000705500000, 0x0000000705500000| Untracked 
|  56|0x0000000705600000, 0x0000000705600000, 0x0000000705700000|  0%| F|  |TAMS 0x0000000705600000, 0x0000000705600000| Untracked 
|  57|0x0000000705700000, 0x0000000705700000, 0x0000000705800000|  0%| F|  |TAMS 0x0000000705700000, 0x0000000705700000| Untracked 
|  58|0x0000000705800000, 0x0000000705800000, 0x0000000705900000|  0%| F|  |TAMS 0x0000000705800000, 0x0000000705800000| Untracked 
|  59|0x0000000705900000, 0x0000000705900000, 0x0000000705a00000|  0%| F|  |TAMS 0x0000000705900000, 0x0000000705900000| Untracked 
|  60|0x0000000705a00000, 0x0000000705a00000, 0x0000000705b00000|  0%| F|  |TAMS 0x0000000705a00000, 0x0000000705a00000| Untracked 
|  61|0x0000000705b00000, 0x0000000705b00000, 0x0000000705c00000|  0%| F|  |TAMS 0x0000000705b00000, 0x0000000705b00000| Untracked 
|  62|0x0000000705c00000, 0x0000000705c00000, 0x0000000705d00000|  0%| F|  |TAMS 0x0000000705c00000, 0x0000000705c00000| Untracked 
|  63|0x0000000705d00000, 0x0000000705d00000, 0x0000000705e00000|  0%| F|  |TAMS 0x0000000705d00000, 0x0000000705d00000| Untracked 
|  64|0x0000000705e00000, 0x0000000705e00000, 0x0000000705f00000|  0%| F|  |TAMS 0x0000000705e00000, 0x0000000705e00000| Untracked 
|  65|0x0000000705f00000, 0x0000000705f00000, 0x0000000706000000|  0%| F|  |TAMS 0x0000000705f00000, 0x0000000705f00000| Untracked 
|  66|0x0000000706000000, 0x0000000706000000, 0x0000000706100000|  0%| F|  |TAMS 0x0000000706000000, 0x0000000706000000| Untracked 
|  67|0x0000000706100000, 0x0000000706100000, 0x0000000706200000|  0%| F|  |TAMS 0x0000000706100000, 0x0000000706100000| Untracked 
|  68|0x0000000706200000, 0x0000000706200000, 0x0000000706300000|  0%| F|  |TAMS 0x0000000706200000, 0x0000000706200000| Untracked 
|  69|0x0000000706300000, 0x0000000706300000, 0x0000000706400000|  0%| F|  |TAMS 0x0000000706300000, 0x0000000706300000| Untracked 
|  70|0x0000000706400000, 0x0000000706400000, 0x0000000706500000|  0%| F|  |TAMS 0x0000000706400000, 0x0000000706400000| Untracked 
|  71|0x0000000706500000, 0x0000000706500000, 0x0000000706600000|  0%| F|  |TAMS 0x0000000706500000, 0x0000000706500000| Untracked 
|  72|0x0000000706600000, 0x0000000706600000, 0x0000000706700000|  0%| F|  |TAMS 0x0000000706600000, 0x0000000706600000| Untracked 
|  73|0x0000000706700000, 0x0000000706700000, 0x0000000706800000|  0%| F|  |TAMS 0x0000000706700000, 0x0000000706700000| Untracked 
|  74|0x0000000706800000, 0x0000000706800000, 0x0000000706900000|  0%| F|  |TAMS 0x0000000706800000, 0x0000000706800000| Untracked 
|  75|0x0000000706900000, 0x0000000706900000, 0x0000000706a00000|  0%| F|  |TAMS 0x0000000706900000, 0x0000000706900000| Untracked 
|  76|0x0000000706a00000, 0x0000000706a00000, 0x0000000706b00000|  0%| F|  |TAMS 0x0000000706a00000, 0x0000000706a00000| Untracked 
|  77|0x0000000706b00000, 0x0000000706b00000, 0x0000000706c00000|  0%| F|  |TAMS 0x0000000706b00000, 0x0000000706b00000| Untracked 
|  78|0x0000000706c00000, 0x0000000706c00000, 0x0000000706d00000|  0%| F|  |TAMS 0x0000000706c00000, 0x0000000706c00000| Untracked 
|  79|0x0000000706d00000, 0x0000000706d00000, 0x0000000706e00000|  0%| F|  |TAMS 0x0000000706d00000, 0x0000000706d00000| Untracked 
|  80|0x0000000706e00000, 0x0000000706e00000, 0x0000000706f00000|  0%| F|  |TAMS 0x0000000706e00000, 0x0000000706e00000| Untracked 
|  81|0x0000000706f00000, 0x0000000706f00000, 0x0000000707000000|  0%| F|  |TAMS 0x0000000706f00000, 0x0000000706f00000| Untracked 
|  82|0x0000000707000000, 0x0000000707000000, 0x0000000707100000|  0%| F|  |TAMS 0x0000000707000000, 0x0000000707000000| Untracked 
|  83|0x0000000707100000, 0x0000000707100000, 0x0000000707200000|  0%| F|  |TAMS 0x0000000707100000, 0x0000000707100000| Untracked 
|  84|0x0000000707200000, 0x0000000707200000, 0x0000000707300000|  0%| F|  |TAMS 0x0000000707200000, 0x0000000707200000| Untracked 
|  85|0x0000000707300000, 0x0000000707300000, 0x0000000707400000|  0%| F|  |TAMS 0x0000000707300000, 0x0000000707300000| Untracked 
|  86|0x0000000707400000, 0x0000000707400000, 0x0000000707500000|  0%| F|  |TAMS 0x0000000707400000, 0x0000000707400000| Untracked 
|  87|0x0000000707500000, 0x0000000707500000, 0x0000000707600000|  0%| F|  |TAMS 0x0000000707500000, 0x0000000707500000| Untracked 
|  88|0x0000000707600000, 0x0000000707600000, 0x0000000707700000|  0%| F|  |TAMS 0x0000000707600000, 0x0000000707600000| Untracked 
|  89|0x0000000707700000, 0x0000000707700000, 0x0000000707800000|  0%| F|  |TAMS 0x0000000707700000, 0x0000000707700000| Untracked 
|  90|0x0000000707800000, 0x0000000707800000, 0x0000000707900000|  0%| F|  |TAMS 0x0000000707800000, 0x0000000707800000| Untracked 
|  91|0x0000000707900000, 0x0000000707900000, 0x0000000707a00000|  0%| F|  |TAMS 0x0000000707900000, 0x0000000707900000| Untracked 
|  92|0x0000000707a00000, 0x0000000707a00000, 0x0000000707b00000|  0%| F|  |TAMS 0x0000000707a00000, 0x0000000707a00000| Untracked 
|  93|0x0000000707b00000, 0x0000000707b00000, 0x0000000707c00000|  0%| F|  |TAMS 0x0000000707b00000, 0x0000000707b00000| Untracked 
|  94|0x0000000707c00000, 0x0000000707c00000, 0x0000000707d00000|  0%| F|  |TAMS 0x0000000707c00000, 0x0000000707c00000| Untracked 
|  95|0x0000000707d00000, 0x0000000707d00000, 0x0000000707e00000|  0%| F|  |TAMS 0x0000000707d00000, 0x0000000707d00000| Untracked 
|  96|0x0000000707e00000, 0x0000000707e00000, 0x0000000707f00000|  0%| F|  |TAMS 0x0000000707e00000, 0x0000000707e00000| Untracked 
|  97|0x0000000707f00000, 0x0000000707f00000, 0x0000000708000000|  0%| F|  |TAMS 0x0000000707f00000, 0x0000000707f00000| Untracked 
|  98|0x0000000708000000, 0x0000000708000000, 0x0000000708100000|  0%| F|  |TAMS 0x0000000708000000, 0x0000000708000000| Untracked 
|  99|0x0000000708100000, 0x0000000708100000, 0x0000000708200000|  0%| F|  |TAMS 0x0000000708100000, 0x0000000708100000| Untracked 
| 100|0x0000000708200000, 0x0000000708200000, 0x0000000708300000|  0%| F|  |TAMS 0x0000000708200000, 0x0000000708200000| Untracked 
| 101|0x0000000708300000, 0x0000000708300000, 0x0000000708400000|  0%| F|  |TAMS 0x0000000708300000, 0x0000000708300000| Untracked 
| 102|0x0000000708400000, 0x0000000708400000, 0x0000000708500000|  0%| F|  |TAMS 0x0000000708400000, 0x0000000708400000| Untracked 
| 103|0x0000000708500000, 0x0000000708500000, 0x0000000708600000|  0%| F|  |TAMS 0x0000000708500000, 0x0000000708500000| Untracked 
| 104|0x0000000708600000, 0x0000000708600000, 0x0000000708700000|  0%| F|  |TAMS 0x0000000708600000, 0x0000000708600000| Untracked 
| 105|0x0000000708700000, 0x0000000708700000, 0x0000000708800000|  0%| F|  |TAMS 0x0000000708700000, 0x0000000708700000| Untracked 
| 106|0x0000000708800000, 0x0000000708800000, 0x0000000708900000|  0%| F|  |TAMS 0x0000000708800000, 0x0000000708800000| Untracked 
| 107|0x0000000708900000, 0x0000000708900000, 0x0000000708a00000|  0%| F|  |TAMS 0x0000000708900000, 0x0000000708900000| Untracked 
| 108|0x0000000708a00000, 0x0000000708a00000, 0x0000000708b00000|  0%| F|  |TAMS 0x0000000708a00000, 0x0000000708a00000| Untracked 
| 109|0x0000000708b00000, 0x0000000708b00000, 0x0000000708c00000|  0%| F|  |TAMS 0x0000000708b00000, 0x0000000708b00000| Untracked 
| 110|0x0000000708c00000, 0x0000000708c00000, 0x0000000708d00000|  0%| F|  |TAMS 0x0000000708c00000, 0x0000000708c00000| Untracked 
| 111|0x0000000708d00000, 0x0000000708d00000, 0x0000000708e00000|  0%| F|  |TAMS 0x0000000708d00000, 0x0000000708d00000| Untracked 
| 112|0x0000000708e00000, 0x0000000708e00000, 0x0000000708f00000|  0%| F|  |TAMS 0x0000000708e00000, 0x0000000708e00000| Untracked 
| 113|0x0000000708f00000, 0x0000000708f00000, 0x0000000709000000|  0%| F|  |TAMS 0x0000000708f00000, 0x0000000708f00000| Untracked 
| 114|0x0000000709000000, 0x0000000709000000, 0x0000000709100000|  0%| F|  |TAMS 0x0000000709000000, 0x0000000709000000| Untracked 
| 115|0x0000000709100000, 0x0000000709100000, 0x0000000709200000|  0%| F|  |TAMS 0x0000000709100000, 0x0000000709100000| Untracked 
| 116|0x0000000709200000, 0x0000000709200000, 0x0000000709300000|  0%| F|  |TAMS 0x0000000709200000, 0x0000000709200000| Untracked 
| 117|0x0000000709300000, 0x0000000709300000, 0x0000000709400000|  0%| F|  |TAMS 0x0000000709300000, 0x0000000709300000| Untracked 
| 118|0x0000000709400000, 0x0000000709400000, 0x0000000709500000|  0%| F|  |TAMS 0x0000000709400000, 0x0000000709400000| Untracked 
| 119|0x0000000709500000, 0x0000000709500000, 0x0000000709600000|  0%| F|  |TAMS 0x0000000709500000, 0x0000000709500000| Untracked 
| 120|0x0000000709600000, 0x0000000709600000, 0x0000000709700000|  0%| F|  |TAMS 0x0000000709600000, 0x0000000709600000| Untracked 
| 121|0x0000000709700000, 0x0000000709700000, 0x0000000709800000|  0%| F|  |TAMS 0x0000000709700000, 0x0000000709700000| Untracked 
| 122|0x0000000709800000, 0x0000000709800000, 0x0000000709900000|  0%| F|  |TAMS 0x0000000709800000, 0x0000000709800000| Untracked 
| 123|0x0000000709900000, 0x0000000709900000, 0x0000000709a00000|  0%| F|  |TAMS 0x0000000709900000, 0x0000000709900000| Untracked 
| 124|0x0000000709a00000, 0x0000000709a00000, 0x0000000709b00000|  0%| F|  |TAMS 0x0000000709a00000, 0x0000000709a00000| Untracked 
| 125|0x0000000709b00000, 0x0000000709b00000, 0x0000000709c00000|  0%| F|  |TAMS 0x0000000709b00000, 0x0000000709b00000| Untracked 
| 126|0x0000000709c00000, 0x0000000709c00000, 0x0000000709d00000|  0%| F|  |TAMS 0x0000000709c00000, 0x0000000709c00000| Untracked 
| 127|0x0000000709d00000, 0x0000000709d00000, 0x0000000709e00000|  0%| F|  |TAMS 0x0000000709d00000, 0x0000000709d00000| Untracked 
| 128|0x0000000709e00000, 0x0000000709e00000, 0x0000000709f00000|  0%| F|  |TAMS 0x0000000709e00000, 0x0000000709e00000| Untracked 
| 129|0x0000000709f00000, 0x0000000709f00000, 0x000000070a000000|  0%| F|  |TAMS 0x0000000709f00000, 0x0000000709f00000| Untracked 
| 130|0x000000070a000000, 0x000000070a000000, 0x000000070a100000|  0%| F|  |TAMS 0x000000070a000000, 0x000000070a000000| Untracked 
| 131|0x000000070a100000, 0x000000070a100000, 0x000000070a200000|  0%| F|  |TAMS 0x000000070a100000, 0x000000070a100000| Untracked 
| 132|0x000000070a200000, 0x000000070a200000, 0x000000070a300000|  0%| F|  |TAMS 0x000000070a200000, 0x000000070a200000| Untracked 
| 133|0x000000070a300000, 0x000000070a300000, 0x000000070a400000|  0%| F|  |TAMS 0x000000070a300000, 0x000000070a300000| Untracked 
| 134|0x000000070a400000, 0x000000070a400000, 0x000000070a500000|  0%| F|  |TAMS 0x000000070a400000, 0x000000070a400000| Untracked 
| 135|0x000000070a500000, 0x000000070a500000, 0x000000070a600000|  0%| F|  |TAMS 0x000000070a500000, 0x000000070a500000| Untracked 
| 136|0x000000070a600000, 0x000000070a600000, 0x000000070a700000|  0%| F|  |TAMS 0x000000070a600000, 0x000000070a600000| Untracked 
| 137|0x000000070a700000, 0x000000070a700000, 0x000000070a800000|  0%| F|  |TAMS 0x000000070a700000, 0x000000070a700000| Untracked 
| 138|0x000000070a800000, 0x000000070a800000, 0x000000070a900000|  0%| F|  |TAMS 0x000000070a800000, 0x000000070a800000| Untracked 
| 139|0x000000070a900000, 0x000000070a900000, 0x000000070aa00000|  0%| F|  |TAMS 0x000000070a900000, 0x000000070a900000| Untracked 
| 140|0x000000070aa00000, 0x000000070aa00000, 0x000000070ab00000|  0%| F|  |TAMS 0x000000070aa00000, 0x000000070aa00000| Untracked 
| 141|0x000000070ab00000, 0x000000070ab00000, 0x000000070ac00000|  0%| F|  |TAMS 0x000000070ab00000, 0x000000070ab00000| Untracked 
| 142|0x000000070ac00000, 0x000000070ac00000, 0x000000070ad00000|  0%| F|  |TAMS 0x000000070ac00000, 0x000000070ac00000| Untracked 
| 143|0x000000070ad00000, 0x000000070ad00000, 0x000000070ae00000|  0%| F|  |TAMS 0x000000070ad00000, 0x000000070ad00000| Untracked 
| 144|0x000000070ae00000, 0x000000070ae00000, 0x000000070af00000|  0%| F|  |TAMS 0x000000070ae00000, 0x000000070ae00000| Untracked 
| 145|0x000000070af00000, 0x000000070af00000, 0x000000070b000000|  0%| F|  |TAMS 0x000000070af00000, 0x000000070af00000| Untracked 
| 146|0x000000070b000000, 0x000000070b000000, 0x000000070b100000|  0%| F|  |TAMS 0x000000070b000000, 0x000000070b000000| Untracked 
| 147|0x000000070b100000, 0x000000070b100000, 0x000000070b200000|  0%| F|  |TAMS 0x000000070b100000, 0x000000070b100000| Untracked 
| 148|0x000000070b200000, 0x000000070b200000, 0x000000070b300000|  0%| F|  |TAMS 0x000000070b200000, 0x000000070b200000| Untracked 
| 149|0x000000070b300000, 0x000000070b300000, 0x000000070b400000|  0%| F|  |TAMS 0x000000070b300000, 0x000000070b300000| Untracked 
| 150|0x000000070b400000, 0x000000070b400000, 0x000000070b500000|  0%| F|  |TAMS 0x000000070b400000, 0x000000070b400000| Untracked 
| 151|0x000000070b500000, 0x000000070b500000, 0x000000070b600000|  0%| F|  |TAMS 0x000000070b500000, 0x000000070b500000| Untracked 
| 152|0x000000070b600000, 0x000000070b600000, 0x000000070b700000|  0%| F|  |TAMS 0x000000070b600000, 0x000000070b600000| Untracked 
| 153|0x000000070b700000, 0x000000070b700000, 0x000000070b800000|  0%| F|  |TAMS 0x000000070b700000, 0x000000070b700000| Untracked 
| 154|0x000000070b800000, 0x000000070b800000, 0x000000070b900000|  0%| F|  |TAMS 0x000000070b800000, 0x000000070b800000| Untracked 
| 155|0x000000070b900000, 0x000000070b900000, 0x000000070ba00000|  0%| F|  |TAMS 0x000000070b900000, 0x000000070b900000| Untracked 
| 156|0x000000070ba00000, 0x000000070ba00000, 0x000000070bb00000|  0%| F|  |TAMS 0x000000070ba00000, 0x000000070ba00000| Untracked 
| 157|0x000000070bb00000, 0x000000070bb00000, 0x000000070bc00000|  0%| F|  |TAMS 0x000000070bb00000, 0x000000070bb00000| Untracked 
| 158|0x000000070bc00000, 0x000000070bc00000, 0x000000070bd00000|  0%| F|  |TAMS 0x000000070bc00000, 0x000000070bc00000| Untracked 
| 159|0x000000070bd00000, 0x000000070bd00000, 0x000000070be00000|  0%| F|  |TAMS 0x000000070bd00000, 0x000000070bd00000| Untracked 
| 160|0x000000070be00000, 0x000000070be00000, 0x000000070bf00000|  0%| F|  |TAMS 0x000000070be00000, 0x000000070be00000| Untracked 
| 161|0x000000070bf00000, 0x000000070bf00000, 0x000000070c000000|  0%| F|  |TAMS 0x000000070bf00000, 0x000000070bf00000| Untracked 
| 162|0x000000070c000000, 0x000000070c000000, 0x000000070c100000|  0%| F|  |TAMS 0x000000070c000000, 0x000000070c000000| Untracked 
| 163|0x000000070c100000, 0x000000070c100000, 0x000000070c200000|  0%| F|  |TAMS 0x000000070c100000, 0x000000070c100000| Untracked 
| 164|0x000000070c200000, 0x000000070c200000, 0x000000070c300000|  0%| F|  |TAMS 0x000000070c200000, 0x000000070c200000| Untracked 
| 165|0x000000070c300000, 0x000000070c300000, 0x000000070c400000|  0%| F|  |TAMS 0x000000070c300000, 0x000000070c300000| Untracked 
| 166|0x000000070c400000, 0x000000070c400000, 0x000000070c500000|  0%| F|  |TAMS 0x000000070c400000, 0x000000070c400000| Untracked 
| 167|0x000000070c500000, 0x000000070c500000, 0x000000070c600000|  0%| F|  |TAMS 0x000000070c500000, 0x000000070c500000| Untracked 
| 168|0x000000070c600000, 0x000000070c600000, 0x000000070c700000|  0%| F|  |TAMS 0x000000070c600000, 0x000000070c600000| Untracked 
| 169|0x000000070c700000, 0x000000070c700000, 0x000000070c800000|  0%| F|  |TAMS 0x000000070c700000, 0x000000070c700000| Untracked 
| 170|0x000000070c800000, 0x000000070c800000, 0x000000070c900000|  0%| F|  |TAMS 0x000000070c800000, 0x000000070c800000| Untracked 
| 171|0x000000070c900000, 0x000000070c900000, 0x000000070ca00000|  0%| F|  |TAMS 0x000000070c900000, 0x000000070c900000| Untracked 
| 172|0x000000070ca00000, 0x000000070ca00000, 0x000000070cb00000|  0%| F|  |TAMS 0x000000070ca00000, 0x000000070ca00000| Untracked 
| 173|0x000000070cb00000, 0x000000070cb00000, 0x000000070cc00000|  0%| F|  |TAMS 0x000000070cb00000, 0x000000070cb00000| Untracked 
| 174|0x000000070cc00000, 0x000000070cc00000, 0x000000070cd00000|  0%| F|  |TAMS 0x000000070cc00000, 0x000000070cc00000| Untracked 
| 175|0x000000070cd00000, 0x000000070cd00000, 0x000000070ce00000|  0%| F|  |TAMS 0x000000070cd00000, 0x000000070cd00000| Untracked 
| 176|0x000000070ce00000, 0x000000070ce00000, 0x000000070cf00000|  0%| F|  |TAMS 0x000000070ce00000, 0x000000070ce00000| Untracked 
| 177|0x000000070cf00000, 0x000000070cf00000, 0x000000070d000000|  0%| F|  |TAMS 0x000000070cf00000, 0x000000070cf00000| Untracked 
| 178|0x000000070d000000, 0x000000070d000000, 0x000000070d100000|  0%| F|  |TAMS 0x000000070d000000, 0x000000070d000000| Untracked 
| 179|0x000000070d100000, 0x000000070d100000, 0x000000070d200000|  0%| F|  |TAMS 0x000000070d100000, 0x000000070d100000| Untracked 
| 180|0x000000070d200000, 0x000000070d200000, 0x000000070d300000|  0%| F|  |TAMS 0x000000070d200000, 0x000000070d200000| Untracked 
| 181|0x000000070d300000, 0x000000070d300000, 0x000000070d400000|  0%| F|  |TAMS 0x000000070d300000, 0x000000070d300000| Untracked 
| 182|0x000000070d400000, 0x000000070d400000, 0x000000070d500000|  0%| F|  |TAMS 0x000000070d400000, 0x000000070d400000| Untracked 
| 183|0x000000070d500000, 0x000000070d500000, 0x000000070d600000|  0%| F|  |TAMS 0x000000070d500000, 0x000000070d500000| Untracked 
| 184|0x000000070d600000, 0x000000070d600000, 0x000000070d700000|  0%| F|  |TAMS 0x000000070d600000, 0x000000070d600000| Untracked 
| 185|0x000000070d700000, 0x000000070d700000, 0x000000070d800000|  0%| F|  |TAMS 0x000000070d700000, 0x000000070d700000| Untracked 
| 186|0x000000070d800000, 0x000000070d800000, 0x000000070d900000|  0%| F|  |TAMS 0x000000070d800000, 0x000000070d800000| Untracked 
| 187|0x000000070d900000, 0x000000070d900000, 0x000000070da00000|  0%| F|  |TAMS 0x000000070d900000, 0x000000070d900000| Untracked 
| 188|0x000000070da00000, 0x000000070da00000, 0x000000070db00000|  0%| F|  |TAMS 0x000000070da00000, 0x000000070da00000| Untracked 
| 189|0x000000070db00000, 0x000000070db00000, 0x000000070dc00000|  0%| F|  |TAMS 0x000000070db00000, 0x000000070db00000| Untracked 
| 190|0x000000070dc00000, 0x000000070dc00000, 0x000000070dd00000|  0%| F|  |TAMS 0x000000070dc00000, 0x000000070dc00000| Untracked 
| 191|0x000000070dd00000, 0x000000070dd00000, 0x000000070de00000|  0%| F|  |TAMS 0x000000070dd00000, 0x000000070dd00000| Untracked 
| 192|0x000000070de00000, 0x000000070de00000, 0x000000070df00000|  0%| F|  |TAMS 0x000000070de00000, 0x000000070de00000| Untracked 
| 193|0x000000070df00000, 0x000000070df00000, 0x000000070e000000|  0%| F|  |TAMS 0x000000070df00000, 0x000000070df00000| Untracked 
| 194|0x000000070e000000, 0x000000070e000000, 0x000000070e100000|  0%| F|  |TAMS 0x000000070e000000, 0x000000070e000000| Untracked 
| 195|0x000000070e100000, 0x000000070e100000, 0x000000070e200000|  0%| F|  |TAMS 0x000000070e100000, 0x000000070e100000| Untracked 
| 196|0x000000070e200000, 0x000000070e200000, 0x000000070e300000|  0%| F|  |TAMS 0x000000070e200000, 0x000000070e200000| Untracked 
| 197|0x000000070e300000, 0x000000070e300000, 0x000000070e400000|  0%| F|  |TAMS 0x000000070e300000, 0x000000070e300000| Untracked 
| 198|0x000000070e400000, 0x000000070e400000, 0x000000070e500000|  0%| F|  |TAMS 0x000000070e400000, 0x000000070e400000| Untracked 
| 199|0x000000070e500000, 0x000000070e500000, 0x000000070e600000|  0%| F|  |TAMS 0x000000070e500000, 0x000000070e500000| Untracked 
| 200|0x000000070e600000, 0x000000070e600000, 0x000000070e700000|  0%| F|  |TAMS 0x000000070e600000, 0x000000070e600000| Untracked 
| 201|0x000000070e700000, 0x000000070e700000, 0x000000070e800000|  0%| F|  |TAMS 0x000000070e700000, 0x000000070e700000| Untracked 
| 202|0x000000070e800000, 0x000000070e800000, 0x000000070e900000|  0%| F|  |TAMS 0x000000070e800000, 0x000000070e800000| Untracked 
| 203|0x000000070e900000, 0x000000070e900000, 0x000000070ea00000|  0%| F|  |TAMS 0x000000070e900000, 0x000000070e900000| Untracked 
| 204|0x000000070ea00000, 0x000000070ea00000, 0x000000070eb00000|  0%| F|  |TAMS 0x000000070ea00000, 0x000000070ea00000| Untracked 
| 205|0x000000070eb00000, 0x000000070eb00000, 0x000000070ec00000|  0%| F|  |TAMS 0x000000070eb00000, 0x000000070eb00000| Untracked 
| 206|0x000000070ec00000, 0x000000070ec00000, 0x000000070ed00000|  0%| F|  |TAMS 0x000000070ec00000, 0x000000070ec00000| Untracked 
| 207|0x000000070ed00000, 0x000000070ed00000, 0x000000070ee00000|  0%| F|  |TAMS 0x000000070ed00000, 0x000000070ed00000| Untracked 
| 208|0x000000070ee00000, 0x000000070ee00000, 0x000000070ef00000|  0%| F|  |TAMS 0x000000070ee00000, 0x000000070ee00000| Untracked 
| 209|0x000000070ef00000, 0x000000070ef00000, 0x000000070f000000|  0%| F|  |TAMS 0x000000070ef00000, 0x000000070ef00000| Untracked 
| 210|0x000000070f000000, 0x000000070f000000, 0x000000070f100000|  0%| F|  |TAMS 0x000000070f000000, 0x000000070f000000| Untracked 
| 211|0x000000070f100000, 0x000000070f100000, 0x000000070f200000|  0%| F|  |TAMS 0x000000070f100000, 0x000000070f100000| Untracked 
| 212|0x000000070f200000, 0x000000070f200000, 0x000000070f300000|  0%| F|  |TAMS 0x000000070f200000, 0x000000070f200000| Untracked 
| 213|0x000000070f300000, 0x000000070f300000, 0x000000070f400000|  0%| F|  |TAMS 0x000000070f300000, 0x000000070f300000| Untracked 
| 214|0x000000070f400000, 0x000000070f400000, 0x000000070f500000|  0%| F|  |TAMS 0x000000070f400000, 0x000000070f400000| Untracked 
| 215|0x000000070f500000, 0x000000070f500000, 0x000000070f600000|  0%| F|  |TAMS 0x000000070f500000, 0x000000070f500000| Untracked 
| 216|0x000000070f600000, 0x000000070f600000, 0x000000070f700000|  0%| F|  |TAMS 0x000000070f600000, 0x000000070f600000| Untracked 
| 217|0x000000070f700000, 0x000000070f700000, 0x000000070f800000|  0%| F|  |TAMS 0x000000070f700000, 0x000000070f700000| Untracked 
| 218|0x000000070f800000, 0x000000070f800000, 0x000000070f900000|  0%| F|  |TAMS 0x000000070f800000, 0x000000070f800000| Untracked 
| 219|0x000000070f900000, 0x000000070f900000, 0x000000070fa00000|  0%| F|  |TAMS 0x000000070f900000, 0x000000070f900000| Untracked 
| 220|0x000000070fa00000, 0x000000070fa00000, 0x000000070fb00000|  0%| F|  |TAMS 0x000000070fa00000, 0x000000070fa00000| Untracked 
| 221|0x000000070fb00000, 0x000000070fb00000, 0x000000070fc00000|  0%| F|  |TAMS 0x000000070fb00000, 0x000000070fb00000| Untracked 
| 222|0x000000070fc00000, 0x000000070fc00000, 0x000000070fd00000|  0%| F|  |TAMS 0x000000070fc00000, 0x000000070fc00000| Untracked 
| 223|0x000000070fd00000, 0x000000070fd00000, 0x000000070fe00000|  0%| F|  |TAMS 0x000000070fd00000, 0x000000070fd00000| Untracked 
| 224|0x000000070fe00000, 0x000000070fe00000, 0x000000070ff00000|  0%| F|  |TAMS 0x000000070fe00000, 0x000000070fe00000| Untracked 
| 225|0x000000070ff00000, 0x000000070ff00000, 0x0000000710000000|  0%| F|  |TAMS 0x000000070ff00000, 0x000000070ff00000| Untracked 
| 226|0x0000000710000000, 0x0000000710000000, 0x0000000710100000|  0%| F|  |TAMS 0x0000000710000000, 0x0000000710000000| Untracked 
| 227|0x0000000710100000, 0x0000000710100000, 0x0000000710200000|  0%| F|  |TAMS 0x0000000710100000, 0x0000000710100000| Untracked 
| 228|0x0000000710200000, 0x0000000710200000, 0x0000000710300000|  0%| F|  |TAMS 0x0000000710200000, 0x0000000710200000| Untracked 
| 229|0x0000000710300000, 0x0000000710300000, 0x0000000710400000|  0%| F|  |TAMS 0x0000000710300000, 0x0000000710300000| Untracked 
| 230|0x0000000710400000, 0x0000000710400000, 0x0000000710500000|  0%| F|  |TAMS 0x0000000710400000, 0x0000000710400000| Untracked 
| 231|0x0000000710500000, 0x0000000710500000, 0x0000000710600000|  0%| F|  |TAMS 0x0000000710500000, 0x0000000710500000| Untracked 
| 232|0x0000000710600000, 0x0000000710600000, 0x0000000710700000|  0%| F|  |TAMS 0x0000000710600000, 0x0000000710600000| Untracked 
| 233|0x0000000710700000, 0x0000000710700000, 0x0000000710800000|  0%| F|  |TAMS 0x0000000710700000, 0x0000000710700000| Untracked 
| 234|0x0000000710800000, 0x0000000710800000, 0x0000000710900000|  0%| F|  |TAMS 0x0000000710800000, 0x0000000710800000| Untracked 
| 235|0x0000000710900000, 0x0000000710900000, 0x0000000710a00000|  0%| F|  |TAMS 0x0000000710900000, 0x0000000710900000| Untracked 
| 236|0x0000000710a00000, 0x0000000710a00000, 0x0000000710b00000|  0%| F|  |TAMS 0x0000000710a00000, 0x0000000710a00000| Untracked 
| 237|0x0000000710b00000, 0x0000000710b00000, 0x0000000710c00000|  0%| F|  |TAMS 0x0000000710b00000, 0x0000000710b00000| Untracked 
| 238|0x0000000710c00000, 0x0000000710c00000, 0x0000000710d00000|  0%| F|  |TAMS 0x0000000710c00000, 0x0000000710c00000| Untracked 
| 239|0x0000000710d00000, 0x0000000710d00000, 0x0000000710e00000|  0%| F|  |TAMS 0x0000000710d00000, 0x0000000710d00000| Untracked 
| 240|0x0000000710e00000, 0x0000000710e00000, 0x0000000710f00000|  0%| F|  |TAMS 0x0000000710e00000, 0x0000000710e00000| Untracked 
| 241|0x0000000710f00000, 0x0000000710f00000, 0x0000000711000000|  0%| F|  |TAMS 0x0000000710f00000, 0x0000000710f00000| Untracked 
| 242|0x0000000711000000, 0x0000000711000000, 0x0000000711100000|  0%| F|  |TAMS 0x0000000711000000, 0x0000000711000000| Untracked 
| 243|0x0000000711100000, 0x0000000711100000, 0x0000000711200000|  0%| F|  |TAMS 0x0000000711100000, 0x0000000711100000| Untracked 
| 244|0x0000000711200000, 0x0000000711200000, 0x0000000711300000|  0%| F|  |TAMS 0x0000000711200000, 0x0000000711200000| Untracked 
| 245|0x0000000711300000, 0x0000000711300000, 0x0000000711400000|  0%| F|  |TAMS 0x0000000711300000, 0x0000000711300000| Untracked 
| 246|0x0000000711400000, 0x0000000711438208, 0x0000000711500000| 21%| S|CS|TAMS 0x0000000711400000, 0x0000000711400000| Complete 
| 247|0x0000000711500000, 0x0000000711600000, 0x0000000711600000|100%| S|CS|TAMS 0x0000000711500000, 0x0000000711500000| Complete 
| 248|0x0000000711600000, 0x0000000711600000, 0x0000000711700000|  0%| F|  |TAMS 0x0000000711600000, 0x0000000711600000| Untracked 
| 249|0x0000000711700000, 0x0000000711700000, 0x0000000711800000|  0%| F|  |TAMS 0x0000000711700000, 0x0000000711700000| Untracked 
| 250|0x0000000711800000, 0x0000000711900000, 0x0000000711900000|100%| E|  |TAMS 0x0000000711800000, 0x0000000711800000| Complete 
| 251|0x0000000711900000, 0x0000000711a00000, 0x0000000711a00000|100%| E|CS|TAMS 0x0000000711900000, 0x0000000711900000| Complete 
| 252|0x0000000711a00000, 0x0000000711b00000, 0x0000000711b00000|100%| E|CS|TAMS 0x0000000711a00000, 0x0000000711a00000| Complete 
| 253|0x0000000711b00000, 0x0000000711c00000, 0x0000000711c00000|100%| E|CS|TAMS 0x0000000711b00000, 0x0000000711b00000| Complete 
| 254|0x0000000711c00000, 0x0000000711d00000, 0x0000000711d00000|100%| E|CS|TAMS 0x0000000711c00000, 0x0000000711c00000| Complete 
| 255|0x0000000711d00000, 0x0000000711e00000, 0x0000000711e00000|100%| E|CS|TAMS 0x0000000711d00000, 0x0000000711d00000| Complete 
| 256|0x0000000711e00000, 0x0000000711f00000, 0x0000000711f00000|100%| E|CS|TAMS 0x0000000711e00000, 0x0000000711e00000| Complete 
| 257|0x0000000711f00000, 0x0000000712000000, 0x0000000712000000|100%| E|CS|TAMS 0x0000000711f00000, 0x0000000711f00000| Complete 
| 258|0x0000000712000000, 0x0000000712100000, 0x0000000712100000|100%| E|CS|TAMS 0x0000000712000000, 0x0000000712000000| Complete 
| 259|0x0000000712100000, 0x0000000712200000, 0x0000000712200000|100%| E|CS|TAMS 0x0000000712100000, 0x0000000712100000| Complete 
| 260|0x0000000712200000, 0x0000000712300000, 0x0000000712300000|100%| E|CS|TAMS 0x0000000712200000, 0x0000000712200000| Complete 
| 261|0x0000000712300000, 0x0000000712400000, 0x0000000712400000|100%| E|CS|TAMS 0x0000000712300000, 0x0000000712300000| Complete 
| 262|0x0000000712400000, 0x0000000712500000, 0x0000000712500000|100%| E|CS|TAMS 0x0000000712400000, 0x0000000712400000| Complete 
| 263|0x0000000712500000, 0x0000000712600000, 0x0000000712600000|100%| E|CS|TAMS 0x0000000712500000, 0x0000000712500000| Complete 
| 264|0x0000000712600000, 0x0000000712700000, 0x0000000712700000|100%| E|CS|TAMS 0x0000000712600000, 0x0000000712600000| Complete 
| 265|0x0000000712700000, 0x0000000712800000, 0x0000000712800000|100%| E|CS|TAMS 0x0000000712700000, 0x0000000712700000| Complete 
| 266|0x0000000712800000, 0x0000000712900000, 0x0000000712900000|100%| E|CS|TAMS 0x0000000712800000, 0x0000000712800000| Complete 
| 267|0x0000000712900000, 0x0000000712a00000, 0x0000000712a00000|100%| E|CS|TAMS 0x0000000712900000, 0x0000000712900000| Complete 
| 268|0x0000000712a00000, 0x0000000712b00000, 0x0000000712b00000|100%| E|CS|TAMS 0x0000000712a00000, 0x0000000712a00000| Complete 
| 269|0x0000000712b00000, 0x0000000712c00000, 0x0000000712c00000|100%| E|CS|TAMS 0x0000000712b00000, 0x0000000712b00000| Complete 
| 270|0x0000000712c00000, 0x0000000712d00000, 0x0000000712d00000|100%| E|CS|TAMS 0x0000000712c00000, 0x0000000712c00000| Complete 
| 271|0x0000000712d00000, 0x0000000712e00000, 0x0000000712e00000|100%| E|CS|TAMS 0x0000000712d00000, 0x0000000712d00000| Complete 
| 272|0x0000000712e00000, 0x0000000712f00000, 0x0000000712f00000|100%| E|CS|TAMS 0x0000000712e00000, 0x0000000712e00000| Complete 
| 273|0x0000000712f00000, 0x0000000713000000, 0x0000000713000000|100%| E|CS|TAMS 0x0000000712f00000, 0x0000000712f00000| Complete 
| 274|0x0000000713000000, 0x0000000713100000, 0x0000000713100000|100%| E|CS|TAMS 0x0000000713000000, 0x0000000713000000| Complete 
| 275|0x0000000713100000, 0x0000000713200000, 0x0000000713200000|100%| E|CS|TAMS 0x0000000713100000, 0x0000000713100000| Complete 
| 276|0x0000000713200000, 0x0000000713300000, 0x0000000713300000|100%| E|CS|TAMS 0x0000000713200000, 0x0000000713200000| Complete 
| 277|0x0000000713300000, 0x0000000713400000, 0x0000000713400000|100%| E|CS|TAMS 0x0000000713300000, 0x0000000713300000| Complete 
| 278|0x0000000713400000, 0x0000000713500000, 0x0000000713500000|100%| E|CS|TAMS 0x0000000713400000, 0x0000000713400000| Complete 
| 279|0x0000000713500000, 0x0000000713600000, 0x0000000713600000|100%| E|CS|TAMS 0x0000000713500000, 0x0000000713500000| Complete 
| 280|0x0000000713600000, 0x0000000713700000, 0x0000000713700000|100%| E|CS|TAMS 0x0000000713600000, 0x0000000713600000| Complete 
| 281|0x0000000713700000, 0x0000000713800000, 0x0000000713800000|100%| E|CS|TAMS 0x0000000713700000, 0x0000000713700000| Complete 
| 282|0x0000000713800000, 0x0000000713900000, 0x0000000713900000|100%| E|CS|TAMS 0x0000000713800000, 0x0000000713800000| Complete 
| 283|0x0000000713900000, 0x0000000713a00000, 0x0000000713a00000|100%| E|CS|TAMS 0x0000000713900000, 0x0000000713900000| Complete 
| 284|0x0000000713a00000, 0x0000000713b00000, 0x0000000713b00000|100%| E|CS|TAMS 0x0000000713a00000, 0x0000000713a00000| Complete 
| 285|0x0000000713b00000, 0x0000000713c00000, 0x0000000713c00000|100%| E|CS|TAMS 0x0000000713b00000, 0x0000000713b00000| Complete 
| 286|0x0000000713c00000, 0x0000000713d00000, 0x0000000713d00000|100%| E|CS|TAMS 0x0000000713c00000, 0x0000000713c00000| Complete 
| 287|0x0000000713d00000, 0x0000000713e00000, 0x0000000713e00000|100%| E|CS|TAMS 0x0000000713d00000, 0x0000000713d00000| Complete 
| 288|0x0000000713e00000, 0x0000000713f00000, 0x0000000713f00000|100%| E|CS|TAMS 0x0000000713e00000, 0x0000000713e00000| Complete 
| 289|0x0000000713f00000, 0x0000000714000000, 0x0000000714000000|100%| E|CS|TAMS 0x0000000713f00000, 0x0000000713f00000| Complete 
| 290|0x0000000714000000, 0x0000000714100000, 0x0000000714100000|100%| E|CS|TAMS 0x0000000714000000, 0x0000000714000000| Complete 
| 291|0x0000000714100000, 0x0000000714200000, 0x0000000714200000|100%| E|CS|TAMS 0x0000000714100000, 0x0000000714100000| Complete 
| 292|0x0000000714200000, 0x0000000714300000, 0x0000000714300000|100%| E|CS|TAMS 0x0000000714200000, 0x0000000714200000| Complete 
| 293|0x0000000714300000, 0x0000000714400000, 0x0000000714400000|100%| E|CS|TAMS 0x0000000714300000, 0x0000000714300000| Complete 
| 294|0x0000000714400000, 0x0000000714500000, 0x0000000714500000|100%| E|CS|TAMS 0x0000000714400000, 0x0000000714400000| Complete 
| 295|0x0000000714500000, 0x0000000714600000, 0x0000000714600000|100%| E|CS|TAMS 0x0000000714500000, 0x0000000714500000| Complete 
| 296|0x0000000714600000, 0x0000000714700000, 0x0000000714700000|100%| E|CS|TAMS 0x0000000714600000, 0x0000000714600000| Complete 
| 297|0x0000000714700000, 0x0000000714800000, 0x0000000714800000|100%| E|CS|TAMS 0x0000000714700000, 0x0000000714700000| Complete 
| 298|0x0000000714800000, 0x0000000714900000, 0x0000000714900000|100%| E|CS|TAMS 0x0000000714800000, 0x0000000714800000| Complete 
| 299|0x0000000714900000, 0x0000000714a00000, 0x0000000714a00000|100%| E|CS|TAMS 0x0000000714900000, 0x0000000714900000| Complete 
| 300|0x0000000714a00000, 0x0000000714b00000, 0x0000000714b00000|100%| E|CS|TAMS 0x0000000714a00000, 0x0000000714a00000| Complete 
| 301|0x0000000714b00000, 0x0000000714c00000, 0x0000000714c00000|100%| E|CS|TAMS 0x0000000714b00000, 0x0000000714b00000| Complete 
| 302|0x0000000714c00000, 0x0000000714d00000, 0x0000000714d00000|100%| E|CS|TAMS 0x0000000714c00000, 0x0000000714c00000| Complete 
| 303|0x0000000714d00000, 0x0000000714e00000, 0x0000000714e00000|100%| E|CS|TAMS 0x0000000714d00000, 0x0000000714d00000| Complete 
| 304|0x0000000714e00000, 0x0000000714f00000, 0x0000000714f00000|100%| E|CS|TAMS 0x0000000714e00000, 0x0000000714e00000| Complete 
| 305|0x0000000714f00000, 0x0000000715000000, 0x0000000715000000|100%| E|CS|TAMS 0x0000000714f00000, 0x0000000714f00000| Complete 
| 306|0x0000000715000000, 0x0000000715100000, 0x0000000715100000|100%| E|CS|TAMS 0x0000000715000000, 0x0000000715000000| Complete 
| 307|0x0000000715100000, 0x0000000715200000, 0x0000000715200000|100%| E|CS|TAMS 0x0000000715100000, 0x0000000715100000| Complete 

Card table byte_map: [0x000001fce2b00000,0x000001fce3300000] _byte_map_base: 0x000001fcdf2f1000

Marking Bits (Prev, Next): (CMBitMap*) 0x000001fccf531638, (CMBitMap*) 0x000001fccf531670
 Prev Bits: [0x000001fce3b00000, 0x000001fce7a88000)
 Next Bits: [0x000001fce7a90000, 0x000001fceba18000)

Polling page: 0x000001fccd670000

Metaspace:

Usage:
  Non-class:     40.96 MB capacity,    40.65 MB (>99%) used,   250.18 KB ( <1%) free+waste,    70.06 KB ( <1%) overhead. 
      Class:      5.71 MB capacity,     5.49 MB ( 96%) used,   196.90 KB (  3%) free+waste,    30.94 KB ( <1%) overhead. 
       Both:     46.67 MB capacity,    46.14 MB ( 99%) used,   447.08 KB ( <1%) free+waste,   101.00 KB ( <1%) overhead. 

Virtual space:
  Non-class space:       42.00 MB reserved,      41.08 MB ( 98%) committed 
      Class space:        1.00 GB reserved,       5.82 MB ( <1%) committed 
             Both:        1.04 GB reserved,      46.90 MB (  4%) committed 

Chunk freelists:
   Non-Class:  59.00 KB
       Class:  6.00 KB
        Both:  65.00 KB

MaxMetaspaceSize: 17179869184.00 GB
CompressedClassSpaceSize: 1.00 GB

CodeHeap 'non-profiled nmethods': size=120000Kb used=1326Kb max_used=1326Kb free=118673Kb
 bounds [0x000001fcdaaa0000, 0x000001fcdad10000, 0x000001fce1fd0000]
CodeHeap 'profiled nmethods': size=120000Kb used=6728Kb max_used=6728Kb free=113272Kb
 bounds [0x000001fcd3570000, 0x000001fcd3c10000, 0x000001fcdaaa0000]
CodeHeap 'non-nmethods': size=5760Kb used=1207Kb max_used=1253Kb free=4553Kb
 bounds [0x000001fcd2fd0000, 0x000001fcd3240000, 0x000001fcd3570000]
 total_blobs=3872 nmethods=3318 adapters=465
 compilation: enabled
              stopped_count=0, restarted_count=0
 full_count=0

Compilation events (20 events):
Event: 2.949 Thread 0x000001fceeed6000 nmethod 3258 0x000001fcd3bdfa10 code [0x000001fcd3bdfd20, 0x000001fcd3be0628]
Event: 2.949 Thread 0x000001fceeed6000 3259       2       org.jetbrains.kotlin.incremental.UtilsKt::recordPackageLookup (94 bytes)
Event: 2.951 Thread 0x000001fceeed6000 nmethod 3259 0x000001fcd3be0c90 code [0x000001fcd3be1100, 0x000001fcd3be2388]
Event: 2.951 Thread 0x000001fceeed6000 3262       2       org.jetbrains.kotlin.name.ClassId::topLevel (24 bytes)
Event: 2.951 Thread 0x000001fceeed6000 nmethod 3262 0x000001fcd3be2f10 code [0x000001fcd3be3140, 0x000001fcd3be3558]
Event: 2.951 Thread 0x000001fceeed6000 3264       2       org.jetbrains.kotlin.load.java.structure.impl.classFiles.AnnotationsAndParameterCollectorMethodVisitor::visitParameterAnnotation (83 bytes)
Event: 2.952 Thread 0x000001fceeed6000 nmethod 3264 0x000001fcd3be3810 code [0x000001fcd3be3a20, 0x000001fcd3be3e38]
Event: 2.952 Thread 0x000001fceeed6000 3265       2       gnu.trove.TObjectHash::capacity (6 bytes)
Event: 2.952 Thread 0x000001fceeed6000 nmethod 3265 0x000001fcd3be4090 code [0x000001fcd3be4240, 0x000001fcd3be4338]
Event: 2.952 Thread 0x000001fceeed6000 3260       1       org.jetbrains.kotlin.load.java.lazy.JavaResolverComponents::getAnnotationTypeQualifierResolver (5 bytes)
Event: 2.952 Thread 0x000001fceeed6000 nmethod 3260 0x000001fcdabd7790 code [0x000001fcdabd7940, 0x000001fcdabd79f8]
Event: 2.952 Thread 0x000001fceeed6000 3257       2       org.jetbrains.kotlin.descriptors.annotations.Annotations$Companion::getEMPTY (4 bytes)
Event: 2.952 Thread 0x000001fceeed6000 nmethod 3257 0x000001fcd3be4410 code [0x000001fcd3be45c0, 0x000001fcd3be46b8]
Event: 2.952 Thread 0x000001fceeed6000 3261       1       gnu.trove.THash::size (5 bytes)
Event: 2.952 Thread 0x000001fceeed6000 nmethod 3261 0x000001fcdabd7a90 code [0x000001fcdabd7c40, 0x000001fcdabd7cf8]
Event: 2.952 Thread 0x000001fceeed6000 3263       1       java.util.concurrent.locks.ReentrantReadWriteLock::readLock (5 bytes)
Event: 2.952 Thread 0x000001fceeed6000 nmethod 3263 0x000001fcdabd7d90 code [0x000001fcdabd7f40, 0x000001fcdabd7ff8]
Event: 2.953 Thread 0x000001fceeed6000 3266       2       org.jetbrains.kotlin.cli.jvm.index.JvmDependenciesIndexImpl::search (379 bytes)
Event: 2.956 Thread 0x000001fceeed6000 nmethod 3266 0x000001fcd3be4790 code [0x000001fcd3be4c40, 0x000001fcd3be6528]
Event: 2.956 Thread 0x000001fceeed6000 3269       2       org.jetbrains.kotlin.load.java.structure.impl.classFiles.PlainJavaClassifierType::<init> (33 bytes)

GC Heap History (10 events):
Event: 0.521 GC heap before
{Heap before GC invocations=0 (full 0):
 garbage-first heap   total 262144K, used 27648K [0x0000000701e00000, 0x0000000800000000)
  region size 1024K, 24 young (24576K), 0 survivors (0K)
 Metaspace       used 12285K, capacity 12408K, committed 12544K, reserved 1060864K
  class space    used 1155K, capacity 1175K, committed 1280K, reserved 1048576K
}
Event: 0.524 GC heap after
{Heap after GC invocations=1 (full 0):
 garbage-first heap   total 262144K, used 6048K [0x0000000701e00000, 0x0000000800000000)
  region size 1024K, 3 young (3072K), 3 survivors (3072K)
 Metaspace       used 12285K, capacity 12408K, committed 12544K, reserved 1060864K
  class space    used 1155K, capacity 1175K, committed 1280K, reserved 1048576K
}
Event: 1.079 GC heap before
{Heap before GC invocations=1 (full 0):
 garbage-first heap   total 262144K, used 41888K [0x0000000701e00000, 0x0000000800000000)
  region size 1024K, 39 young (39936K), 3 survivors (3072K)
 Metaspace       used 20908K, capacity 21118K, committed 21296K, reserved 1069056K
  class space    used 2233K, capacity 2344K, committed 2432K, reserved 1048576K
}
Event: 1.093 GC heap after
{Heap after GC invocations=2 (full 0):
 garbage-first heap   total 262144K, used 9539K [0x0000000701e00000, 0x0000000800000000)
  region size 1024K, 7 young (7168K), 7 survivors (7168K)
 Metaspace       used 20908K, capacity 21118K, committed 21296K, reserved 1069056K
  class space    used 2233K, capacity 2344K, committed 2432K, reserved 1048576K
}
Event: 1.923 GC heap before
{Heap before GC invocations=3 (full 0):
 garbage-first heap   total 262144K, used 65859K [0x0000000701e00000, 0x0000000800000000)
  region size 1024K, 57 young (58368K), 7 survivors (7168K)
 Metaspace       used 33276K, capacity 33752K, committed 34096K, reserved 1079296K
  class space    used 4182K, capacity 4374K, committed 4480K, reserved 1048576K
}
Event: 1.933 GC heap after
{Heap after GC invocations=4 (full 0):
 garbage-first heap   total 262144K, used 20236K [0x0000000701e00000, 0x0000000800000000)
  region size 1024K, 8 young (8192K), 8 survivors (8192K)
 Metaspace       used 33276K, capacity 33752K, committed 34096K, reserved 1079296K
  class space    used 4182K, capacity 4374K, committed 4480K, reserved 1048576K
}
Event: 2.001 GC heap before
{Heap before GC invocations=4 (full 0):
 garbage-first heap   total 262144K, used 25356K [0x0000000701e00000, 0x0000000800000000)
  region size 1024K, 13 young (13312K), 8 survivors (8192K)
 Metaspace       used 34342K, capacity 34808K, committed 34864K, reserved 1079296K
  class space    used 4293K, capacity 4470K, committed 4480K, reserved 1048576K
}
Event: 2.007 GC heap after
{Heap after GC invocations=5 (full 0):
 garbage-first heap   total 262144K, used 21584K [0x0000000701e00000, 0x0000000800000000)
  region size 1024K, 2 young (2048K), 2 survivors (2048K)
 Metaspace       used 34342K, capacity 34808K, committed 34864K, reserved 1079296K
  class space    used 4293K, capacity 4470K, committed 4480K, reserved 1048576K
}
Event: 2.075 GC heap before
{Heap before GC invocations=5 (full 0):
 garbage-first heap   total 262144K, used 26704K [0x0000000701e00000, 0x0000000800000000)
  region size 1024K, 8 young (8192K), 2 survivors (2048K)
 Metaspace       used 35442K, capacity 35843K, committed 35920K, reserved 1081344K
  class space    used 4419K, capacity 4602K, committed 4608K, reserved 1048576K
}
Event: 2.078 GC heap after
{Heap after GC invocations=6 (full 0):
 garbage-first heap   total 315392K, used 21582K [0x0000000701e00000, 0x0000000800000000)
  region size 1024K, 2 young (2048K), 2 survivors (2048K)
 Metaspace       used 35442K, capacity 35843K, committed 35920K, reserved 1081344K
  class space    used 4419K, capacity 4602K, committed 4608K, reserved 1048576K
}

Deoptimization events (20 events):
Event: 2.876 Thread 0x000001fccf4cb800 DEOPT PACKING pc=0x000001fcd3a8767f sp=0x000000f8119fa9b0
Event: 2.876 Thread 0x000001fccf4cb800 DEOPT UNPACKING pc=0x000001fcd2ff705e sp=0x000000f8119f9e28 mode 0
Event: 2.885 Thread 0x000001fccf4cb800 Uncommon trap: trap_request=0xffffffc6 fr.pc=0x000001fcdab8e6a8 relative=0x00000000000005a8
Event: 2.885 Thread 0x000001fccf4cb800 Uncommon trap: reason=bimorphic_or_optimized_type_check action=maybe_recompile pc=0x000001fcdab8e6a8 method=org.jetbrains.kotlin.protobuf.CodedInputStream.tryRefillBuffer(I)Z @ 177 c2
Event: 2.886 Thread 0x000001fccf4cb800 DEOPT PACKING pc=0x000001fcdab8e6a8 sp=0x000000f8119f8420
Event: 2.886 Thread 0x000001fccf4cb800 DEOPT UNPACKING pc=0x000001fcd2ff68af sp=0x000000f8119f8308 mode 2
Event: 2.889 Thread 0x000001fccf4cb800 Uncommon trap: trap_request=0xffffffc6 fr.pc=0x000001fcdab8e6a8 relative=0x00000000000005a8
Event: 2.889 Thread 0x000001fccf4cb800 Uncommon trap: reason=bimorphic_or_optimized_type_check action=maybe_recompile pc=0x000001fcdab8e6a8 method=org.jetbrains.kotlin.protobuf.CodedInputStream.tryRefillBuffer(I)Z @ 177 c2
Event: 2.889 Thread 0x000001fccf4cb800 DEOPT PACKING pc=0x000001fcdab8e6a8 sp=0x000000f8119f8420
Event: 2.889 Thread 0x000001fccf4cb800 DEOPT UNPACKING pc=0x000001fcd2ff68af sp=0x000000f8119f8308 mode 2
Event: 2.912 Thread 0x000001fccf4cb800 Uncommon trap: trap_request=0xffffffc6 fr.pc=0x000001fcdab8e6a8 relative=0x00000000000005a8
Event: 2.912 Thread 0x000001fccf4cb800 Uncommon trap: reason=bimorphic_or_optimized_type_check action=maybe_recompile pc=0x000001fcdab8e6a8 method=org.jetbrains.kotlin.protobuf.CodedInputStream.tryRefillBuffer(I)Z @ 177 c2
Event: 2.912 Thread 0x000001fccf4cb800 DEOPT PACKING pc=0x000001fcdab8e6a8 sp=0x000000f8119f88b0
Event: 2.912 Thread 0x000001fccf4cb800 DEOPT UNPACKING pc=0x000001fcd2ff68af sp=0x000000f8119f8798 mode 2
Event: 2.914 Thread 0x000001fccf4cb800 Uncommon trap: trap_request=0xffffffc6 fr.pc=0x000001fcdab8e6a8 relative=0x00000000000005a8
Event: 2.914 Thread 0x000001fccf4cb800 Uncommon trap: reason=bimorphic_or_optimized_type_check action=maybe_recompile pc=0x000001fcdab8e6a8 method=org.jetbrains.kotlin.protobuf.CodedInputStream.tryRefillBuffer(I)Z @ 177 c2
Event: 2.914 Thread 0x000001fccf4cb800 DEOPT PACKING pc=0x000001fcdab8e6a8 sp=0x000000f8119f88b0
Event: 2.914 Thread 0x000001fccf4cb800 DEOPT UNPACKING pc=0x000001fcd2ff68af sp=0x000000f8119f8798 mode 2
Event: 2.949 Thread 0x000001fccf4cb800 DEOPT PACKING pc=0x000001fcd3a8767f sp=0x000000f8119fa0d0
Event: 2.949 Thread 0x000001fccf4cb800 DEOPT UNPACKING pc=0x000001fcd2ff705e sp=0x000000f8119f9520 mode 0

Classes redefined (0 events):
No events

Internal exceptions (20 events):
Event: 1.339 Thread 0x000001fccf4cb800 Exception <a 'java/lang/NoSuchMethodError'{0x0000000710f13480}: 'java.lang.Object java.lang.invoke.DirectMethodHandle$Holder.invokeStatic(java.lang.Object, java.lang.Object, java.lang.Object, java.lang.Object, java.lang.Object, java.lang.Object, java.lang.Object, java.lang.Object, java.lang.Object, java.lang.Object, java.lang.Object, java.lang.Object, java.lang.Object, java.lang.Object, java.lang.Object)'> (0x0000000710f13480) thrown at [./src/hotspot/share/interpreter/linkResolver.cpp, line 773]
Event: 1.340 Thread 0x000001fccf4cb800 Exception <a 'java/lang/NoSuchMethodError'{0x0000000710f21488}: 'java.lang.Object java.lang.invoke.DirectMethodHandle$Holder.invokeStatic(java.lang.Object, java.lang.Object, java.lang.Object, java.lang.Object, java.lang.Object, java.lang.Object, java.lang.Object, java.lang.Object, java.lang.Object, java.lang.Object, java.lang.Object, java.lang.Object, java.lang.Object, java.lang.Object, java.lang.Object, java.lang.Object)'> (0x0000000710f21488) thrown at [./src/hotspot/share/interpreter/linkResolver.cpp, l
Event: 1.340 Thread 0x000001fccf4cb800 Exception <a 'java/lang/NoSuchMethodError'{0x0000000710f2f3a0}: 'java.lang.Object java.lang.invoke.DirectMethodHandle$Holder.invokeSpecial(java.lang.Object, java.lang.Object, int, int, java.lang.Object, java.lang.Object, java.lang.Object)'> (0x0000000710f2f3a0) thrown at [./src/hotspot/share/interpreter/linkResolver.cpp, line 773]
Event: 1.341 Thread 0x000001fccf4cb800 Exception <a 'java/lang/NoSuchMethodError'{0x0000000710f32bd8}: 'java.lang.Object java.lang.invoke.DelegatingMethodHandle$Holder.reinvoke_L(java.lang.Object, int, int, java.lang.Object, java.lang.Object, java.lang.Object)'> (0x0000000710f32bd8) thrown at [./src/hotspot/share/interpreter/linkResolver.cpp, line 773]
Event: 1.341 Thread 0x000001fccf4cb800 Exception <a 'java/lang/NoSuchMethodError'{0x0000000710f36f60}: 'java.lang.Object java.lang.invoke.DirectMethodHandle$Holder.invokeStatic(java.lang.Object, java.lang.Object, java.lang.Object, java.lang.Object, int)'> (0x0000000710f36f60) thrown at [./src/hotspot/share/interpreter/linkResolver.cpp, line 773]
Event: 1.376 Thread 0x000001fccf4cb800 Exception <a 'sun/nio/fs/WindowsException'{0x0000000710e76d68}> (0x0000000710e76d68) thrown at [./src/hotspot/share/prims/jni.cpp, line 615]
Event: 1.376 Thread 0x000001fccf4cb800 Exception <a 'sun/nio/fs/WindowsException'{0x0000000710e775e0}> (0x0000000710e775e0) thrown at [./src/hotspot/share/prims/jni.cpp, line 615]
Event: 1.376 Thread 0x000001fccf4cb800 Exception <a 'sun/nio/fs/WindowsException'{0x0000000710e77e68}> (0x0000000710e77e68) thrown at [./src/hotspot/share/prims/jni.cpp, line 615]
Event: 1.376 Thread 0x000001fccf4cb800 Exception <a 'sun/nio/fs/WindowsException'{0x0000000710e78860}> (0x0000000710e78860) thrown at [./src/hotspot/share/prims/jni.cpp, line 615]
Event: 1.377 Thread 0x000001fccf4cb800 Exception <a 'sun/nio/fs/WindowsException'{0x0000000710e79168}> (0x0000000710e79168) thrown at [./src/hotspot/share/prims/jni.cpp, line 615]
Event: 1.377 Thread 0x000001fccf4cb800 Exception <a 'sun/nio/fs/WindowsException'{0x0000000710e79aa0}> (0x0000000710e79aa0) thrown at [./src/hotspot/share/prims/jni.cpp, line 615]
Event: 1.379 Thread 0x000001fccf4cb800 Exception <a 'java/lang/NoSuchMethodError'{0x0000000710e802b0}: 'void java.lang.invoke.DirectMethodHandle$Holder.invokeStatic(java.lang.Object, java.lang.Object, java.lang.Object, java.lang.Object)'> (0x0000000710e802b0) thrown at [./src/hotspot/share/interpreter/linkResolver.cpp, line 773]
Event: 1.428 Thread 0x000001fccf4cb800 Exception <a 'java/lang/NoSuchMethodError'{0x0000000710a60600}: 'void java.lang.invoke.DirectMethodHandle$Holder.invokeStaticInit(java.lang.Object, java.lang.Object)'> (0x0000000710a60600) thrown at [./src/hotspot/share/interpreter/linkResolver.cpp, line 773]
Event: 1.488 Thread 0x000001fccf4cb800 Exception <a 'java/lang/NoSuchMethodError'{0x000000071067bb80}: 'void java.lang.invoke.DirectMethodHandle$Holder.invokeVirtual(java.lang.Object, java.lang.Object)'> (0x000000071067bb80) thrown at [./src/hotspot/share/interpreter/linkResolver.cpp, line 773]
Event: 1.495 Thread 0x000001fccf4cb800 Exception <a 'java/lang/NoSuchMethodError'{0x00000007106f94f0}: 'int java.lang.invoke.DirectMethodHandle$Holder.invokeVirtual(java.lang.Object, java.lang.Object)'> (0x00000007106f94f0) thrown at [./src/hotspot/share/interpreter/linkResolver.cpp, line 773]
Event: 2.023 Thread 0x000001fccf4cb800 Exception <a 'java/lang/NoSuchMethodError'{0x0000000711c3dfa8}: 'java.lang.Object java.lang.invoke.DirectMethodHandle$Holder.invokeVirtual(java.lang.Object, java.lang.Object, java.lang.Object)'> (0x0000000711c3dfa8) thrown at [./src/hotspot/share/interpreter/linkResolver.cpp, line 773]
Event: 2.604 Thread 0x000001fccf4cb800 Exception <a 'java/lang/NoSuchMethodError'{0x0000000712dddbb8}: 'java.lang.Object java.lang.invoke.DirectMethodHandle$Holder.invokeStatic(java.lang.Object, java.lang.Object, java.lang.Object, int)'> (0x0000000712dddbb8) thrown at [./src/hotspot/share/interpreter/linkResolver.cpp, line 773]
Event: 2.604 Thread 0x000001fccf4cb800 Exception <a 'java/lang/NoSuchMethodError'{0x0000000712de1828}: 'java.lang.Object java.lang.invoke.DirectMethodHandle$Holder.invokeSpecial(java.lang.Object, java.lang.Object, java.lang.Object, java.lang.Object, int)'> (0x0000000712de1828) thrown at [./src/hotspot/share/interpreter/linkResolver.cpp, line 773]
Event: 2.604 Thread 0x000001fccf4cb800 Exception <a 'java/lang/NoSuchMethodError'{0x0000000712de4b38}: 'java.lang.Object java.lang.invoke.Invokers$Holder.linkToTargetMethod(java.lang.Object, java.lang.Object, int, java.lang.Object)'> (0x0000000712de4b38) thrown at [./src/hotspot/share/interpreter/linkResolver.cpp, line 773]
Event: 2.782 Thread 0x000001fccf4cb800 Exception <a 'java/lang/NoSuchMethodError'{0x00000007125f04f0}: 'java.lang.Object java.lang.invoke.Invokers$Holder.linkToTargetMethod(java.lang.Object, int, java.lang.Object)'> (0x00000007125f04f0) thrown at [./src/hotspot/share/interpreter/linkResolver.cpp, line 773]

Events (20 events):
Event: 2.922 loading class org/jetbrains/kotlin/metadata/deserialization/ProtoBufUtilKt
Event: 2.922 loading class org/jetbrains/kotlin/metadata/deserialization/ProtoBufUtilKt done
Event: 2.923 loading class org/jetbrains/kotlin/metadata/jvm/deserialization/JvmNameResolver$WhenMappings
Event: 2.923 loading class org/jetbrains/kotlin/metadata/jvm/deserialization/JvmNameResolver$WhenMappings done
Event: 2.923 loading class org/jetbrains/kotlin/load/kotlin/DeserializedDescriptorResolver$createKotlinPackagePartScope$2
Event: 2.923 loading class org/jetbrains/kotlin/load/kotlin/DeserializedDescriptorResolver$createKotlinPackagePartScope$2 done
Event: 2.923 loading class org/jetbrains/kotlin/metadata/jvm/JvmProtoBuf$JvmPropertySignature$Builder
Event: 2.923 loading class org/jetbrains/kotlin/metadata/jvm/JvmProtoBuf$JvmPropertySignature$Builder done
Event: 2.930 loading class org/jetbrains/kotlin/metadata/ProtoBuf$TypeAlias
Event: 2.930 loading class org/jetbrains/kotlin/metadata/ProtoBuf$TypeAlias done
Event: 2.930 loading class org/jetbrains/kotlin/metadata/ProtoBuf$TypeAliasOrBuilder
Event: 2.930 loading class org/jetbrains/kotlin/metadata/ProtoBuf$TypeAliasOrBuilder done
Event: 2.931 loading class org/jetbrains/kotlin/metadata/ProtoBuf$TypeAlias$1
Event: 2.931 loading class org/jetbrains/kotlin/metadata/ProtoBuf$TypeAlias$1 done
Event: 2.939 loading class org/jetbrains/kotlin/metadata/deserialization/ProtoTypeTableUtilKt
Event: 2.939 loading class org/jetbrains/kotlin/metadata/deserialization/ProtoTypeTableUtilKt done
Event: 2.940 loading class org/jetbrains/kotlin/builtins/jvm/JvmBuiltInsSignatures
Event: 2.940 loading class org/jetbrains/kotlin/builtins/jvm/JvmBuiltInsSignatures done
Event: 2.940 loading class org/jetbrains/kotlin/load/kotlin/SignatureBuildingComponents
Event: 2.940 loading class org/jetbrains/kotlin/load/kotlin/SignatureBuildingComponents done


Dynamic libraries:
0x00007ff63bc40000 - 0x00007ff63bc4a000 	C:\Program Files\Android\Android Studio\jre\bin\java.exe
0x00007ffe983b0000 - 0x00007ffe985a5000 	C:\WINDOWS\SYSTEM32\ntdll.dll
0x00007ffe96640000 - 0x00007ffe966fd000 	C:\WINDOWS\System32\KERNEL32.DLL
0x00007ffe95c50000 - 0x00007ffe95f1d000 	C:\WINDOWS\System32\KERNELBASE.dll
0x00007ffe96190000 - 0x00007ffe96290000 	C:\WINDOWS\System32\ucrtbase.dll
0x00007ffe7c870000 - 0x00007ffe7c887000 	C:\Program Files\Android\Android Studio\jre\bin\VCRUNTIME140.dll
0x00007ffe70000000 - 0x00007ffe70019000 	C:\Program Files\Android\Android Studio\jre\bin\jli.dll
0x00007ffe97880000 - 0x00007ffe97a20000 	C:\WINDOWS\System32\USER32.dll
0x00007ffe95ac0000 - 0x00007ffe95ae2000 	C:\WINDOWS\System32\win32u.dll
0x00007ffe97ee0000 - 0x00007ffe97f0a000 	C:\WINDOWS\System32\GDI32.dll
0x00007ffe96080000 - 0x00007ffe9618b000 	C:\WINDOWS\System32\gdi32full.dll
0x00007ffe80c10000 - 0x00007ffe80eaa000 	C:\WINDOWS\WinSxS\amd64_microsoft.windows.common-controls_6595b64144ccf1df_6.0.19041.1110_none_60b5254171f9507e\COMCTL32.dll
0x00007ffe95b80000 - 0x00007ffe95c1d000 	C:\WINDOWS\System32\msvcp_win.dll
0x00007ffe97e40000 - 0x00007ffe97ede000 	C:\WINDOWS\System32\msvcrt.dll
0x00007ffe97d70000 - 0x00007ffe97da0000 	C:\WINDOWS\System32\IMM32.DLL
0x00007ffe6f090000 - 0x00007ffe6f12d000 	C:\Program Files\Android\Android Studio\jre\bin\msvcp140.dll
0x00007ffe37fe0000 - 0x00007ffe38ab5000 	C:\Program Files\Android\Android Studio\jre\bin\server\jvm.dll
0x00007ffe96530000 - 0x00007ffe965de000 	C:\WINDOWS\System32\ADVAPI32.dll
0x00007ffe97f70000 - 0x00007ffe9800c000 	C:\WINDOWS\System32\sechost.dll
0x00007ffe96700000 - 0x00007ffe96825000 	C:\WINDOWS\System32\RPCRT4.dll
0x00007ffe97260000 - 0x00007ffe97268000 	C:\WINDOWS\System32\PSAPI.DLL
0x00007ffe72330000 - 0x00007ffe72339000 	C:\WINDOWS\SYSTEM32\WSOCK32.dll
0x00007ffe80b20000 - 0x00007ffe80b47000 	C:\WINDOWS\SYSTEM32\WINMM.dll
0x00007ffe8e7a0000 - 0x00007ffe8e7aa000 	C:\WINDOWS\SYSTEM32\VERSION.dll
0x00007ffe97a20000 - 0x00007ffe97a8b000 	C:\WINDOWS\System32\WS2_32.dll
0x00007ffe939c0000 - 0x00007ffe939d2000 	C:\WINDOWS\SYSTEM32\kernel.appcore.dll
0x00007ffe6a160000 - 0x00007ffe6a171000 	C:\Program Files\Android\Android Studio\jre\bin\verify.dll
0x00007ffe7e680000 - 0x00007ffe7e864000 	C:\WINDOWS\SYSTEM32\DBGHELP.DLL
0x00007ffe76e40000 - 0x00007ffe76e6c000 	C:\WINDOWS\SYSTEM32\dbgcore.DLL
0x00007ffe95af0000 - 0x00007ffe95b72000 	C:\WINDOWS\System32\bcryptPrimitives.dll
0x00007ffe5c570000 - 0x00007ffe5c599000 	C:\Program Files\Android\Android Studio\jre\bin\java.dll
0x00007ffe70970000 - 0x00007ffe7097b000 	C:\Program Files\Android\Android Studio\jre\bin\jimage.dll
0x00007ffe67910000 - 0x00007ffe67928000 	C:\Program Files\Android\Android Studio\jre\bin\zip.dll
0x00007ffe96b10000 - 0x00007ffe97254000 	C:\WINDOWS\System32\SHELL32.dll
0x00007ffe93bc0000 - 0x00007ffe94354000 	C:\WINDOWS\SYSTEM32\windows.storage.dll
0x00007ffe98010000 - 0x00007ffe98364000 	C:\WINDOWS\System32\combase.dll
0x00007ffe95520000 - 0x00007ffe9554c000 	C:\WINDOWS\SYSTEM32\Wldp.dll
0x00007ffe96850000 - 0x00007ffe968fd000 	C:\WINDOWS\System32\SHCORE.dll
0x00007ffe96ab0000 - 0x00007ffe96b05000 	C:\WINDOWS\System32\shlwapi.dll
0x00007ffe95a00000 - 0x00007ffe95a1f000 	C:\WINDOWS\SYSTEM32\profapi.dll
0x00007ffe5c4a0000 - 0x00007ffe5c4ba000 	C:\Program Files\Android\Android Studio\jre\bin\net.dll
0x00007ffe81270000 - 0x00007ffe8137a000 	C:\WINDOWS\SYSTEM32\WINHTTP.dll
0x00007ffe95280000 - 0x00007ffe952ea000 	C:\WINDOWS\system32\mswsock.dll
0x00007ffe5c480000 - 0x00007ffe5c494000 	C:\Program Files\Android\Android Studio\jre\bin\nio.dll

dbghelp: loaded successfully - version: 4.0.5 - missing functions: none
symbol engine: initialized successfully - sym options: 0x614 - pdb path: .;C:\Program Files\Android\Android Studio\jre\bin;C:\WINDOWS\SYSTEM32;C:\WINDOWS\WinSxS\amd64_microsoft.windows.common-controls_6595b64144ccf1df_6.0.19041.1110_none_60b5254171f9507e;C:\Program Files\Android\Android Studio\jre\bin\server

VM Arguments:
java_command: org.jetbrains.kotlin.cli.jvm.K2JVMCompiler @C:\Users\khk68\Desktop\test\BCSD-Beginner-KangHeeKwon\app\build\20220512_16399497760871121969.compiler.options
java_class_path (initial): C:\Users\khk68\.gradle\caches\modules-2\files-2.1\org.jetbrains.kotlin\kotlin-compiler-embeddable\1.6.21\97bdd5a752ce73b58ef16c17bc7f0ea2faff7a2e\kotlin-compiler-embeddable-1.6.21.jar;C:\Users\khk68\.gradle\caches\modules-2\files-2.1\org.jetbrains.kotlin\kotlin-reflect\1.6.21\5dc3574d9b7bebfcb4ec6b10ada4aaa9e140bd0b\kotlin-reflect-1.6.21.jar;C:\Users\khk68\.gradle\caches\modules-2\files-2.1\org.jetbrains.kotlin\kotlin-stdlib\1.6.21\11ef67f1900634fd951bad28c53ec957fabbe5b8\kotlin-stdlib-1.6.21.jar;C:\Users\khk68\.gradle\caches\modules-2\files-2.1\org.jetbrains.kotlin\kotlin-script-runtime\1.6.21\99c6675100da5d6d5b1c5a1032f27f28008d101b\kotlin-script-runtime-1.6.21.jar;C:\Users\khk68\.gradle\caches\modules-2\files-2.1\org.jetbrains.kotlin\kotlin-daemon-embeddable\1.6.21\46b78cf392e1c4f10854c3cadba44abb7b82250f\kotlin-daemon-embeddable-1.6.21.jar;C:\Users\khk68\.gradle\caches\modules-2\files-2.1\org.jetbrains.intellij.deps\trove4j\1.0.20200330\3afb14d5f9ceb459d724e907a21145e8ff394f02\trove4j-1.0.20200330.jar;C:\Users\khk68\.gradle\caches\modules-2\files-2.1\net.java.dev.jna\jna\5.6.0\330f2244e9030119ab3030fc3fededc86713d9cc\jna-5.6.0.jar;C:\Users\khk68\.gradle\caches\modules-2\files-2.1\org.jetbrains.kotlin\kotlin-stdlib-common\1.6.21\5e5b55c26dbc80372a920aef60eb774b714559b8\kotlin-stdlib-common-1.6.21.jar;C:\Users\khk68\.gradle\caches\modules-2\files-2.1\org.jetbrains\annotations\13.0\919f0dfe192fb4e063e7dacadee7f8bb9a2672a9\annotations-13.0.jar
Launcher Type: SUN_STANDARD

[Global flags]
     intx CICompilerCount                          = 4                                         {product} {ergonomic}
     uint ConcGCThreads                            = 2                                         {product} {ergonomic}
     uint G1ConcRefinementThreads                  = 8                                         {product} {ergonomic}
   size_t G1HeapRegionSize                         = 1048576                                   {product} {ergonomic}
    uintx GCDrainStackTargetSize                   = 64                                        {product} {ergonomic}
   size_t InitialHeapSize                          = 268435456                                 {product} {ergonomic}
   size_t MarkStackSize                            = 4194304                                   {product} {ergonomic}
   size_t MaxHeapSize                              = 4263510016                                {product} {ergonomic}
   size_t MaxNewSize                               = 2557476864                                {product} {ergonomic}
   size_t MinHeapDeltaBytes                        = 1048576                                   {product} {ergonomic}
    uintx NonNMethodCodeHeapSize                   = 5836300                                {pd product} {ergonomic}
    uintx NonProfiledCodeHeapSize                  = 122910970                              {pd product} {ergonomic}
    uintx ProfiledCodeHeapSize                     = 122910970                              {pd product} {ergonomic}
    uintx ReservedCodeCacheSize                    = 251658240                              {pd product} {ergonomic}
     bool SegmentedCodeCache                       = true                                      {product} {ergonomic}
     bool UseCompressedClassPointers               = true                                 {lp64_product} {ergonomic}
     bool UseCompressedOops                        = true                                 {lp64_product} {ergonomic}
     bool UseG1GC                                  = true                                      {product} {ergonomic}
     bool UseLargePagesIndividualAllocation        = false                                  {pd product} {ergonomic}

Logging:
Log output configuration:
 #0: stdout all=warning uptime,level,tags
 #1: stderr all=off uptime,level,tags

Environment Variables:
PATH=C:\Program Files (x86)\NAT Service;C:\Program Files (x86)\Common Files\Oracle\Java\javapath;C:\Program Files (x86)\Common Files\Intel\Shared Libraries\redist\intel64\compiler;C:\Windows\system32;C:\Windows;C:\Windows\System32\Wbem;C:\Windows\System32\WindowsPowerShell\v1.0\;C:\Program Files (x86)\NVIDIA Corporation\PhysX\Common;C:\Program Files\dotnet\;C:\WINDOWS\system32;C:\WINDOWS;C:\WINDOWS\System32\Wbem;C:\WINDOWS\System32\WindowsPowerShell\v1.0\;C:\WINDOWS\System32\OpenSSH\;C:\Program Files\Intel\WiFi\bin\;C:\Program Files\Common Files\Intel\WirelessCommon\;C:\WINDOWS\system32;C:\WINDOWS;C:\WINDOWS\System32\Wbem;C:\WINDOWS\System32\WindowsPowerShell\v1.0\;C:\WINDOWS\System32\OpenSSH\;C:\Users\khk68\AppData\Local\Programs\Python\Python310;C:\Users\khk68\AppData\Local\Programs\Python\Python310\Scripts;C:\bin\bin;C:\Program Files\Git\cmd;C:\Users\khk68\AppData\Local\Microsoft\WindowsApps;C:\Program Files\Bandizip\;C:\Program Files\Intel\WiFi\bin\;C:\Program Files\Common Files\Intel\WirelessCommon\;
USERNAME=강희권
OS=Windows_NT
PROCESSOR_IDENTIFIER=Intel64 Family 6 Model 158 Stepping 9, GenuineIntel



---------------  S Y S T E M  ---------------

OS: Windows 10 , 64 bit Build 19041 (10.0.19041.1706)
OS uptime: 0 days 2:23 hours

CPU:total 8 (initial active 8) (4 cores per cpu, 2 threads per core) family 6 model 158 stepping 9 microcode 0xb4, cmov, cx8, fxsr, mmx, sse, sse2, sse3, ssse3, sse4.1, sse4.2, popcnt, avx, avx2, aes, clmul, erms, 3dnowpref, lzcnt, ht, tsc, tscinvbit, bmi1, bmi2, adx, fma

Memory: 4k page, system-wide physical 16259M (3284M free)
TotalPageFile size 16259M (AvailPageFile size 8M)
current process WorkingSet (physical memory assigned to process): 323M, peak: 333M
current process commit charge ("private bytes"): 535M, peak: 545M

vm_info: OpenJDK 64-Bit Server VM (11.0.11+9-b60-7590822) for windows-amd64 JRE (11.0.11+9-b60-7590822), built on Jul 29 2021 21:43:44 by "builder" with MS VC++ 14.0 (VS2015)

END.
