#
# There is insufficient memory for the Java Runtime Environment to continue.
# Native memory allocation (malloc) failed to allocate 664736 bytes for Chunk::new
# Possible reasons:
#   The system is out of physical RAM or swap space
#   The process is running with CompressedOops enabled, and the Java Heap may be blocking the growth of the native heap
# Possible solutions:
#   Reduce memory load on the system
#   Increase physical memory or swap space
#   Check if swap backing store is full
#   Decrease Java heap size (-Xmx/-Xms)
#   Decrease number of Java threads
#   Decrease Java thread stack sizes (-Xss)
#   Set larger code cache with -XX:ReservedCodeCacheSize=
#   JVM is running with Unscaled Compressed Oops mode in which the Java heap is
#     placed in the first 4GB address space. The Java Heap base address is the
#     maximum limit for the native heap growth. Please use -XX:HeapBaseMinAddress
#     to set the Java Heap base and to place the Java Heap above 4GB virtual address.
# This output file may be truncated or incomplete.
#
#  Out of Memory Error (./src/hotspot/share/memory/arena.cpp:197), pid=34840, tid=35828
#
# JRE version: OpenJDK Runtime Environment (11.0.11+9) (build 11.0.11+9-b60-7590822)
# Java VM: OpenJDK 64-Bit Server VM (11.0.11+9-b60-7590822, mixed mode, tiered, compressed oops, g1 gc, windows-amd64)
# No core dump will be written. Minidumps are not enabled by default on client versions of Windows
#

---------------  S U M M A R Y ------------

Command Line: --add-opens=java.base/java.util=ALL-UNNAMED --add-opens=java.base/java.lang=ALL-UNNAMED --add-opens=java.base/java.lang.invoke=ALL-UNNAMED --add-opens=java.base/java.util=ALL-UNNAMED --add-opens=java.prefs/java.util.prefs=ALL-UNNAMED --add-opens=java.prefs/java.util.prefs=ALL-UNNAMED --add-opens=java.base/java.nio.charset=ALL-UNNAMED --add-opens=java.base/java.net=ALL-UNNAMED --add-opens=java.base/java.util.concurrent.atomic=ALL-UNNAMED -Xmx2048m -Dfile.encoding=UTF-8 -Duser.country=KR -Duser.language=ko -Duser.variant org.gradle.launcher.daemon.bootstrap.GradleDaemon 7.2

Host: Intel(R) Core(TM) i7-7700HQ CPU @ 2.80GHz, 8 cores, 15G,  Windows 10 , 64 bit Build 19041 (10.0.19041.1645)
Time: Wed Apr 27 21:32:42 2022 대한민국 표준시 elapsed time: 21.275771 seconds (0d 0h 0m 21s)

---------------  T H R E A D  ---------------

Current thread (0x0000024517a37800):  JavaThread "C2 CompilerThread0" daemon [_thread_in_native, id=35828, stack(0x000000879d700000,0x000000879d800000)]


Current CompileTask:
C2:  21275 14005   !   4       org.gradle.internal.classloader.CachingClassLoader::loadClass (85 bytes)

Stack: [0x000000879d700000,0x000000879d800000]
Native frames: (J=compiled Java code, j=interpreted, Vv=VM code, C=native code)
V  [jvm.dll+0x5f214a]
V  [jvm.dll+0x726fb5]
V  [jvm.dll+0x7285cd]
V  [jvm.dll+0x728c83]
V  [jvm.dll+0x243278]
V  [jvm.dll+0xbc53c]
V  [jvm.dll+0xbca3c]
V  [jvm.dll+0x2b5c34]
V  [jvm.dll+0x508488]
V  [jvm.dll+0x1fd70e]
V  [jvm.dll+0x1fb35f]
V  [jvm.dll+0x183d6c]
V  [jvm.dll+0x209a57]
V  [jvm.dll+0x2082a1]
V  [jvm.dll+0x6ef58f]
V  [jvm.dll+0x6e80b5]
V  [jvm.dll+0x5f1036]
C  [ucrtbase.dll+0x21bb2]
C  [KERNEL32.DLL+0x17034]
C  [ntdll.dll+0x52651]


---------------  P R O C E S S  ---------------

Threads class SMR info:
_java_thread_list=0x000002451a65bec0, length=141, elements={
0x000002457accb000, 0x00000245179aa000, 0x00000245179b8000, 0x0000024517a28800,
0x0000024517a29000, 0x0000024517a2c000, 0x0000024517a37800, 0x0000024517a3b800,
0x0000024517a3f000, 0x0000024517bb6800, 0x0000024518a2f800, 0x0000024517ebc000,
0x000002451a9a9800, 0x0000024519f56000, 0x0000024519384000, 0x0000024519e61000,
0x000002451a3e5800, 0x0000024518ad4000, 0x0000024518f2c000, 0x000002451a38a800,
0x000002451a385800, 0x000002451a38b000, 0x000002451a388000, 0x000002451a38c000,
0x000002451a386800, 0x000002451a387000, 0x000002451a389000, 0x000002451a389800,
0x000002451b293800, 0x000002451b292000, 0x000002451b295800, 0x000002451b297000,
0x000002451b293000, 0x000002451b29c000, 0x000002451b29c800, 0x000002451b29d800,
0x000002451b29a000, 0x000002451b298000, 0x000002451b29b000, 0x000002451b29e800,
0x000002451b298800, 0x000002451b29f000, 0x000002451b299800, 0x000002451b2a0000,
0x000002451fa56000, 0x000002451fa50800, 0x000002451fa57000, 0x000002451fa54800,
0x000002451fa55000, 0x000002451fa53800, 0x000002451fa51000, 0x000002451fa57800,
0x000002451fa52000, 0x000002451fa58800, 0x000002451fa52800, 0x000002451fa5c800,
0x000002451fa5f000, 0x000002451fa59800, 0x000002451fa5b800, 0x000002451fa5d800,
0x000002451fa5a000, 0x000002451fa5b000, 0x000002451fa5e000, 0x000002451b033000,
0x000002451b035800, 0x000002451b035000, 0x000002451b031800, 0x000002451b034000,
0x000002451b032800, 0x000002451b036800, 0x000002451b030800, 0x000002451b039000,
0x000002451b03b800, 0x000002451b03a800, 0x000002451b038000, 0x000002451b039800,
0x000002451b03c000, 0x000002451b03d000, 0x000002451b037800, 0x000002451b03e000,
0x000002451b03f800, 0x000002451b03e800, 0x000002451b157800, 0x000002451b159000,
0x000002451b15b800, 0x000002451b15c800, 0x000002451b158800, 0x000002451b156800,
0x000002451b15a000, 0x000002451b15d800, 0x000002451b15e000, 0x000002451b160800,
0x000002451b15f000, 0x000002451b15b000, 0x000002451b163000, 0x000002451b161800,
0x000002451b164000, 0x000002451b162000, 0x000002451b165800, 0x000002451b164800,
0x000002451b15f800, 0x000002451ba12000, 0x000002451ba17800, 0x000002451ba15000,
0x000002451ba16800, 0x000002451ba18800, 0x000002451ba16000, 0x000002451ba13800,
0x000002451ba12800, 0x000002451ba14000, 0x000002451ebd9000, 0x000002451ebd4800,
0x000002451ebd6800, 0x000002451ebd5000, 0x000002451ebd7800, 0x000002451ebda000,
0x000002451ebdb000, 0x000002451ebd6000, 0x000002451ebd8800, 0x000002451d070000,
0x000002451d06d800, 0x000002451d06f000, 0x000002451badb800, 0x000002451d070800,
0x000002451d071800, 0x000002451d072800, 0x000002451d06c800, 0x000002451d06e000,
0x000002451d077000, 0x000002451d073000, 0x000002451d075800, 0x000002451d079800,
0x000002451d076800, 0x000002451d074800, 0x000002451d078000, 0x000002451d079000,
0x000002451d074000, 0x000002451d07a800, 0x000002451e6ba000, 0x000002451e6bf800,
0x000002451cfed800
}

Java Threads: ( => current thread )
  0x000002457accb000 JavaThread "main" [_thread_blocked, id=35144, stack(0x000000879cb00000,0x000000879cc00000)]
  0x00000245179aa000 JavaThread "Reference Handler" daemon [_thread_blocked, id=34112, stack(0x000000879d200000,0x000000879d300000)]
  0x00000245179b8000 JavaThread "Finalizer" daemon [_thread_blocked, id=35444, stack(0x000000879d300000,0x000000879d400000)]
  0x0000024517a28800 JavaThread "Signal Dispatcher" daemon [_thread_blocked, id=34160, stack(0x000000879d400000,0x000000879d500000)]
  0x0000024517a29000 JavaThread "Attach Listener" daemon [_thread_blocked, id=34300, stack(0x000000879d500000,0x000000879d600000)]
  0x0000024517a2c000 JavaThread "Service Thread" daemon [_thread_blocked, id=35352, stack(0x000000879d600000,0x000000879d700000)]
=>0x0000024517a37800 JavaThread "C2 CompilerThread0" daemon [_thread_in_native, id=35828, stack(0x000000879d700000,0x000000879d800000)]
  0x0000024517a3b800 JavaThread "C1 CompilerThread0" daemon [_thread_in_native, id=34964, stack(0x000000879d800000,0x000000879d900000)]
  0x0000024517a3f000 JavaThread "Sweeper thread" daemon [_thread_blocked, id=24448, stack(0x000000879d900000,0x000000879da00000)]
  0x0000024517bb6800 JavaThread "Common-Cleaner" daemon [_thread_blocked, id=35380, stack(0x000000879da00000,0x000000879db00000)]
  0x0000024518a2f800 JavaThread "Daemon health stats" [_thread_blocked, id=35112, stack(0x000000879e300000,0x000000879e400000)]
  0x0000024517ebc000 JavaThread "Incoming local TCP Connector on port 2928" [_thread_in_native, id=36020, stack(0x000000879dc00000,0x000000879dd00000)]
  0x000002451a9a9800 JavaThread "Daemon periodic checks" [_thread_blocked, id=36032, stack(0x000000879dd00000,0x000000879de00000)]
  0x0000024519f56000 JavaThread "Daemon" [_thread_blocked, id=36036, stack(0x000000879e400000,0x000000879e500000)]
  0x0000024519384000 JavaThread "Handler for socket connection from /127.0.0.1:2928 to /127.0.0.1:2929" [_thread_in_native, id=36040, stack(0x000000879e500000,0x000000879e600000)]
  0x0000024519e61000 JavaThread "Cancel handler" [_thread_blocked, id=36052, stack(0x000000879e600000,0x000000879e700000)]
  0x000002451a3e5800 JavaThread "Daemon worker" [_thread_blocked, id=36060, stack(0x000000879e700000,0x000000879e800000)]
  0x0000024518ad4000 JavaThread "Asynchronous log dispatcher for DefaultDaemonConnection: socket connection from /127.0.0.1:2928 to /127.0.0.1:2929" [_thread_blocked, id=36072, stack(0x000000879e800000,0x000000879e900000)]
  0x0000024518f2c000 JavaThread "Stdin handler" [_thread_blocked, id=36076, stack(0x000000879e900000,0x000000879ea00000)]
  0x000002451a38a800 JavaThread "Daemon client event forwarder" [_thread_blocked, id=36080, stack(0x000000879ea00000,0x000000879eb00000)]
  0x000002451a385800 JavaThread "Cache worker for journal cache (C:\Users\khk68\.gradle\caches\journal-1)" [_thread_blocked, id=36140, stack(0x000000879eb00000,0x000000879ec00000)]
  0x000002451a38b000 JavaThread "File lock request listener" [_thread_in_native, id=36144, stack(0x000000879ec00000,0x000000879ed00000)]
  0x000002451a388000 JavaThread "Cache worker for file hash cache (C:\Users\khk68\.gradle\caches\7.2\fileHashes)" [_thread_blocked, id=36148, stack(0x000000879ed00000,0x000000879ee00000)]
  0x000002451a38c000 JavaThread "Cache worker for file hash cache (C:\Users\khk68\Desktop\BCSD\BCSD-Beginner-KangHeeKwon\.gradle\7.2\fileHashes)" [_thread_blocked, id=36180, stack(0x000000879f200000,0x000000879f300000)]
  0x000002451a386800 JavaThread "File watcher server" daemon [_thread_in_native, id=36216, stack(0x000000879f300000,0x000000879f400000)]
  0x000002451a387000 JavaThread "File watcher consumer" daemon [_thread_blocked, id=36220, stack(0x000000879f400000,0x000000879f500000)]
  0x000002451a389000 JavaThread "Cache worker for checksums cache (C:\Users\khk68\Desktop\BCSD\BCSD-Beginner-KangHeeKwon\.gradle\checksums)" [_thread_blocked, id=36244, stack(0x000000879f500000,0x000000879f600000)]
  0x000002451a389800 JavaThread "Cache worker for cache directory md-supplier (C:\Users\khk68\.gradle\caches\7.2\md-supplier)" [_thread_blocked, id=36252, stack(0x000000879f600000,0x000000879f700000)]
  0x000002451b293800 JavaThread "Cache worker for cache directory md-rule (C:\Users\khk68\.gradle\caches\7.2\md-rule)" [_thread_blocked, id=36264, stack(0x000000879f700000,0x000000879f800000)]
  0x000002451b292000 JavaThread "Cache worker for execution history cache (C:\Users\khk68\.gradle\caches\7.2\executionHistory)" [_thread_blocked, id=36308, stack(0x000000879f900000,0x000000879fa00000)]
  0x000002451b295800 JavaThread "jar transforms" [_thread_blocked, id=36344, stack(0x000000879fa00000,0x000000879fb00000)]
  0x000002451b297000 JavaThread "Cache worker for file content cache (C:\Users\khk68\.gradle\caches\7.2\fileContent)" [_thread_blocked, id=36348, stack(0x000000879fb00000,0x000000879fc00000)]
  0x000002451b293000 JavaThread "jar transforms Thread 2" [_thread_blocked, id=36356, stack(0x000000879fc00000,0x000000879fd00000)]
  0x000002451b29c000 JavaThread "Cache worker for dependencies-accessors (C:\Users\khk68\Desktop\BCSD\BCSD-Beginner-KangHeeKwon\.gradle\7.2\dependencies-accessors)" [_thread_blocked, id=36360, stack(0x000000879fd00000,0x000000879fe00000)]
  0x000002451b29c800 JavaThread "jar transforms Thread 3" [_thread_blocked, id=36368, stack(0x000000879fe00000,0x000000879ff00000)]
  0x000002451b29d800 JavaThread "Cache worker for Build Output Cleanup Cache (C:\Users\khk68\Desktop\BCSD\BCSD-Beginner-KangHeeKwon\.gradle\buildOutputCleanup)" [_thread_blocked, id=36384, stack(0x000000879ff00000,0x00000087a0000000)]
  0x000002451b29a000 JavaThread "Unconstrained build operations" [_thread_blocked, id=36396, stack(0x00000087a0000000,0x00000087a0100000)]
  0x000002451b298000 JavaThread "Unconstrained build operations Thread 2" [_thread_blocked, id=36400, stack(0x00000087a0100000,0x00000087a0200000)]
  0x000002451b29b000 JavaThread "Unconstrained build operations Thread 3" [_thread_blocked, id=36404, stack(0x00000087a0200000,0x00000087a0300000)]
  0x000002451b29e800 JavaThread "Unconstrained build operations Thread 4" [_thread_blocked, id=36408, stack(0x00000087a0300000,0x00000087a0400000)]
  0x000002451b298800 JavaThread "Unconstrained build operations Thread 5" [_thread_blocked, id=36412, stack(0x00000087a0400000,0x00000087a0500000)]
  0x000002451b29f000 JavaThread "Unconstrained build operations Thread 6" [_thread_blocked, id=36416, stack(0x00000087a0500000,0x00000087a0600000)]
  0x000002451b299800 JavaThread "Unconstrained build operations Thread 7" [_thread_blocked, id=36420, stack(0x00000087a0600000,0x00000087a0700000)]
  0x000002451b2a0000 JavaThread "Unconstrained build operations Thread 8" [_thread_blocked, id=36424, stack(0x00000087a0700000,0x00000087a0800000)]
  0x000002451fa56000 JavaThread "Unconstrained build operations Thread 9" [_thread_in_vm, id=36428, stack(0x00000087a0800000,0x00000087a0900000)]
  0x000002451fa50800 JavaThread "Unconstrained build operations Thread 10" [_thread_blocked, id=36432, stack(0x00000087a0900000,0x00000087a0a00000)]
  0x000002451fa57000 JavaThread "Unconstrained build operations Thread 11" [_thread_blocked, id=36436, stack(0x00000087a0a00000,0x00000087a0b00000)]
  0x000002451fa54800 JavaThread "Unconstrained build operations Thread 12" [_thread_in_Java, id=36440, stack(0x00000087a0b00000,0x00000087a0c00000)]
  0x000002451fa55000 JavaThread "Unconstrained build operations Thread 13" [_thread_blocked, id=36444, stack(0x00000087a0c00000,0x00000087a0d00000)]
  0x000002451fa53800 JavaThread "Unconstrained build operations Thread 14" [_thread_blocked, id=36448, stack(0x00000087a0d00000,0x00000087a0e00000)]
  0x000002451fa51000 JavaThread "Unconstrained build operations Thread 15" [_thread_blocked, id=36452, stack(0x00000087a0e00000,0x00000087a0f00000)]
  0x000002451fa57800 JavaThread "Unconstrained build operations Thread 16" [_thread_blocked, id=36456, stack(0x00000087a0f00000,0x00000087a1000000)]
  0x000002451fa52000 JavaThread "Unconstrained build operations Thread 17" [_thread_blocked, id=36460, stack(0x00000087a1000000,0x00000087a1100000)]
  0x000002451fa58800 JavaThread "Unconstrained build operations Thread 18" [_thread_in_Java, id=36464, stack(0x00000087a1100000,0x00000087a1200000)]
  0x000002451fa52800 JavaThread "Unconstrained build operations Thread 19" [_thread_blocked, id=36468, stack(0x00000087a1200000,0x00000087a1300000)]
  0x000002451fa5c800 JavaThread "Unconstrained build operations Thread 20" [_thread_blocked, id=36472, stack(0x00000087a1300000,0x00000087a1400000)]
  0x000002451fa5f000 JavaThread "Unconstrained build operations Thread 21" [_thread_blocked, id=36476, stack(0x00000087a1400000,0x00000087a1500000)]
  0x000002451fa59800 JavaThread "Unconstrained build operations Thread 22" [_thread_blocked, id=36480, stack(0x00000087a1500000,0x00000087a1600000)]
  0x000002451fa5b800 JavaThread "Unconstrained build operations Thread 23" [_thread_blocked, id=36484, stack(0x00000087a1600000,0x00000087a1700000)]
  0x000002451fa5d800 JavaThread "Unconstrained build operations Thread 24" [_thread_blocked, id=36488, stack(0x00000087a1700000,0x00000087a1800000)]
  0x000002451fa5a000 JavaThread "Unconstrained build operations Thread 25" [_thread_blocked, id=36492, stack(0x00000087a1800000,0x00000087a1900000)]
  0x000002451fa5b000 JavaThread "Unconstrained build operations Thread 26" [_thread_in_Java, id=36496, stack(0x00000087a1900000,0x00000087a1a00000)]
  0x000002451fa5e000 JavaThread "Unconstrained build operations Thread 27" [_thread_blocked, id=36500, stack(0x00000087a1a00000,0x00000087a1b00000)]
  0x000002451b033000 JavaThread "Unconstrained build operations Thread 28" [_thread_blocked, id=36504, stack(0x00000087a1b00000,0x00000087a1c00000)]
  0x000002451b035800 JavaThread "Unconstrained build operations Thread 29" [_thread_blocked, id=36508, stack(0x00000087a1c00000,0x00000087a1d00000)]
  0x000002451b035000 JavaThread "Unconstrained build operations Thread 30" [_thread_blocked, id=36512, stack(0x00000087a1d00000,0x00000087a1e00000)]
  0x000002451b031800 JavaThread "Unconstrained build operations Thread 31" [_thread_blocked, id=36516, stack(0x00000087a1e00000,0x00000087a1f00000)]
  0x000002451b034000 JavaThread "Unconstrained build operations Thread 32" [_thread_blocked, id=36520, stack(0x00000087a1f00000,0x00000087a2000000)]
  0x000002451b032800 JavaThread "Unconstrained build operations Thread 33" [_thread_blocked, id=36524, stack(0x00000087a2000000,0x00000087a2100000)]
  0x000002451b036800 JavaThread "Unconstrained build operations Thread 34" [_thread_blocked, id=36528, stack(0x00000087a2100000,0x00000087a2200000)]
  0x000002451b030800 JavaThread "Unconstrained build operations Thread 35" [_thread_blocked, id=36532, stack(0x00000087a2200000,0x00000087a2300000)]
  0x000002451b039000 JavaThread "Unconstrained build operations Thread 36" [_thread_blocked, id=36536, stack(0x00000087a2300000,0x00000087a2400000)]
  0x000002451b03b800 JavaThread "Unconstrained build operations Thread 37" [_thread_blocked, id=36540, stack(0x00000087a2400000,0x00000087a2500000)]
  0x000002451b03a800 JavaThread "Unconstrained build operations Thread 38" [_thread_blocked, id=36544, stack(0x00000087a2500000,0x00000087a2600000)]
  0x000002451b038000 JavaThread "Unconstrained build operations Thread 39" [_thread_blocked, id=36548, stack(0x00000087a2600000,0x00000087a2700000)]
  0x000002451b039800 JavaThread "Unconstrained build operations Thread 40" [_thread_blocked, id=36552, stack(0x00000087a2700000,0x00000087a2800000)]
  0x000002451b03c000 JavaThread "Unconstrained build operations Thread 41" [_thread_blocked, id=36556, stack(0x00000087a2800000,0x00000087a2900000)]
  0x000002451b03d000 JavaThread "Unconstrained build operations Thread 42" [_thread_blocked, id=36560, stack(0x00000087a2900000,0x00000087a2a00000)]
  0x000002451b037800 JavaThread "Unconstrained build operations Thread 43" [_thread_blocked, id=36564, stack(0x00000087a2a00000,0x00000087a2b00000)]
  0x000002451b03e000 JavaThread "Unconstrained build operations Thread 44" [_thread_blocked, id=36568, stack(0x00000087a2b00000,0x00000087a2c00000)]
  0x000002451b03f800 JavaThread "Unconstrained build operations Thread 45" [_thread_blocked, id=36572, stack(0x00000087a2c00000,0x00000087a2d00000)]
  0x000002451b03e800 JavaThread "Unconstrained build operations Thread 46" [_thread_blocked, id=36576, stack(0x00000087a2d00000,0x00000087a2e00000)]
  0x000002451b157800 JavaThread "Unconstrained build operations Thread 47" [_thread_blocked, id=36580, stack(0x00000087a2e00000,0x00000087a2f00000)]
  0x000002451b159000 JavaThread "Unconstrained build operations Thread 48" [_thread_blocked, id=36584, stack(0x00000087a2f00000,0x00000087a3000000)]
  0x000002451b15b800 JavaThread "Unconstrained build operations Thread 49" [_thread_blocked, id=36588, stack(0x00000087a3000000,0x00000087a3100000)]
  0x000002451b15c800 JavaThread "Unconstrained build operations Thread 50" [_thread_blocked, id=36592, stack(0x00000087a3100000,0x00000087a3200000)]
  0x000002451b158800 JavaThread "Unconstrained build operations Thread 51" [_thread_blocked, id=36596, stack(0x00000087a3200000,0x00000087a3300000)]
  0x000002451b156800 JavaThread "Unconstrained build operations Thread 52" [_thread_blocked, id=36600, stack(0x00000087a3300000,0x00000087a3400000)]
  0x000002451b15a000 JavaThread "Unconstrained build operations Thread 53" [_thread_blocked, id=36604, stack(0x00000087a3400000,0x00000087a3500000)]
  0x000002451b15d800 JavaThread "Unconstrained build operations Thread 54" [_thread_blocked, id=36608, stack(0x00000087a3500000,0x00000087a3600000)]
  0x000002451b15e000 JavaThread "Unconstrained build operations Thread 55" [_thread_blocked, id=36612, stack(0x00000087a3600000,0x00000087a3700000)]
  0x000002451b160800 JavaThread "Unconstrained build operations Thread 56" [_thread_blocked, id=36616, stack(0x00000087a3700000,0x00000087a3800000)]
  0x000002451b15f000 JavaThread "Unconstrained build operations Thread 57" [_thread_blocked, id=36620, stack(0x00000087a3800000,0x00000087a3900000)]
  0x000002451b15b000 JavaThread "Unconstrained build operations Thread 58" [_thread_blocked, id=36624, stack(0x00000087a3900000,0x00000087a3a00000)]
  0x000002451b163000 JavaThread "Unconstrained build operations Thread 59" [_thread_blocked, id=36628, stack(0x00000087a3a00000,0x00000087a3b00000)]
  0x000002451b161800 JavaThread "Unconstrained build operations Thread 60" [_thread_blocked, id=36632, stack(0x00000087a3b00000,0x00000087a3c00000)]
  0x000002451b164000 JavaThread "Unconstrained build operations Thread 61" [_thread_blocked, id=36636, stack(0x00000087a3c00000,0x00000087a3d00000)]
  0x000002451b162000 JavaThread "Unconstrained build operations Thread 62" [_thread_blocked, id=36640, stack(0x00000087a3d00000,0x00000087a3e00000)]
  0x000002451b165800 JavaThread "Unconstrained build operations Thread 63" [_thread_blocked, id=36644, stack(0x00000087a3e00000,0x00000087a3f00000)]
  0x000002451b164800 JavaThread "Unconstrained build operations Thread 64" [_thread_blocked, id=36648, stack(0x00000087a3f00000,0x00000087a4000000)]
  0x000002451b15f800 JavaThread "Unconstrained build operations Thread 65" [_thread_blocked, id=36652, stack(0x00000087a4000000,0x00000087a4100000)]
  0x000002451ba12000 JavaThread "Unconstrained build operations Thread 66" [_thread_blocked, id=36656, stack(0x00000087a4100000,0x00000087a4200000)]
  0x000002451ba17800 JavaThread "Unconstrained build operations Thread 67" [_thread_blocked, id=36660, stack(0x00000087a4200000,0x00000087a4300000)]
  0x000002451ba15000 JavaThread "Unconstrained build operations Thread 68" [_thread_blocked, id=36664, stack(0x00000087a4300000,0x00000087a4400000)]
  0x000002451ba16800 JavaThread "Unconstrained build operations Thread 69" [_thread_blocked, id=36668, stack(0x00000087a4400000,0x00000087a4500000)]
  0x000002451ba18800 JavaThread "Unconstrained build operations Thread 70" [_thread_blocked, id=36672, stack(0x00000087a4500000,0x00000087a4600000)]
  0x000002451ba16000 JavaThread "Unconstrained build operations Thread 71" [_thread_blocked, id=36676, stack(0x00000087a4600000,0x00000087a4700000)]
  0x000002451ba13800 JavaThread "Unconstrained build operations Thread 72" [_thread_in_vm, id=36680, stack(0x00000087a4700000,0x00000087a4800000)]
  0x000002451ba12800 JavaThread "Unconstrained build operations Thread 73" [_thread_blocked, id=36684, stack(0x00000087a4800000,0x00000087a4900000)]
  0x000002451ba14000 JavaThread "Unconstrained build operations Thread 74" [_thread_blocked, id=36688, stack(0x00000087a4900000,0x00000087a4a00000)]
  0x000002451ebd9000 JavaThread "Unconstrained build operations Thread 75" [_thread_blocked, id=36692, stack(0x00000087a4a00000,0x00000087a4b00000)]
  0x000002451ebd4800 JavaThread "Unconstrained build operations Thread 76" [_thread_blocked, id=36696, stack(0x00000087a4b00000,0x00000087a4c00000)]
  0x000002451ebd6800 JavaThread "Unconstrained build operations Thread 77" [_thread_blocked, id=36700, stack(0x00000087a4c00000,0x00000087a4d00000)]
  0x000002451ebd5000 JavaThread "Unconstrained build operations Thread 78" [_thread_blocked, id=36704, stack(0x00000087a4d00000,0x00000087a4e00000)]
  0x000002451ebd7800 JavaThread "Unconstrained build operations Thread 79" [_thread_blocked, id=36708, stack(0x00000087a4e00000,0x00000087a4f00000)]
  0x000002451ebda000 JavaThread "Unconstrained build operations Thread 80" [_thread_blocked, id=36712, stack(0x00000087a4f00000,0x00000087a5000000)]
  0x000002451ebdb000 JavaThread "jar transforms Thread 4" [_thread_blocked, id=36756, stack(0x00000087a5000000,0x00000087a5100000)]
  0x000002451ebd6000 JavaThread "jar transforms Thread 5" [_thread_blocked, id=36760, stack(0x00000087a5100000,0x00000087a5200000)]
  0x000002451ebd8800 JavaThread "jar transforms Thread 6" [_thread_blocked, id=36764, stack(0x00000087a5200000,0x00000087a5300000)]
  0x000002451d070000 JavaThread "jar transforms Thread 7" [_thread_blocked, id=36768, stack(0x00000087a5300000,0x00000087a5400000)]
  0x000002451d06d800 JavaThread "jar transforms Thread 8" [_thread_blocked, id=36772, stack(0x00000087a5400000,0x00000087a5500000)]
  0x000002451d06f000 JavaThread "Memory manager" [_thread_blocked, id=36004, stack(0x00000087a5500000,0x00000087a5600000)]
  0x000002451badb800 JavaThread "C2 CompilerThread1" daemon [_thread_in_native, id=35908, stack(0x000000879f100000,0x000000879f200000)]
  0x000002451d070800 JavaThread "build event listener" [_thread_blocked, id=10752, stack(0x00000087a5600000,0x00000087a5700000)]
  0x000002451d071800 JavaThread "Execution worker for ':'" [_thread_blocked, id=10728, stack(0x00000087a5700000,0x00000087a5800000)]
  0x000002451d072800 JavaThread "Execution worker for ':' Thread 2" [_thread_blocked, id=10344, stack(0x00000087a5800000,0x00000087a5900000)]
  0x000002451d06c800 JavaThread "Execution worker for ':' Thread 3" [_thread_blocked, id=9072, stack(0x00000087a5900000,0x00000087a5a00000)]
  0x000002451d06e000 JavaThread "Execution worker for ':' Thread 4" [_thread_blocked, id=6320, stack(0x00000087a5a00000,0x00000087a5b00000)]
  0x000002451d077000 JavaThread "Execution worker for ':' Thread 5" [_thread_blocked, id=11444, stack(0x00000087a5b00000,0x00000087a5c00000)]
  0x000002451d073000 JavaThread "Execution worker for ':' Thread 6" [_thread_blocked, id=9204, stack(0x00000087a5c00000,0x00000087a5d00000)]
  0x000002451d075800 JavaThread "Execution worker for ':' Thread 7" [_thread_blocked, id=10920, stack(0x00000087a5d00000,0x00000087a5e00000)]
  0x000002451d079800 JavaThread "Cache worker for execution history cache (C:\Users\khk68\Desktop\BCSD\BCSD-Beginner-KangHeeKwon\.gradle\7.2\executionHistory)" [_thread_blocked, id=11424, stack(0x00000087a5e00000,0x00000087a5f00000)]
  0x000002451d076800 JavaThread "WorkerExecutor Queue" [_thread_blocked, id=12984, stack(0x00000087a5f00000,0x00000087a6000000)]
  0x000002451d074800 JavaThread "WorkerExecutor Queue Thread 2" [_thread_blocked, id=16352, stack(0x00000087a6300000,0x00000087a6400000)]
  0x000002451d078000 JavaThread "WorkerExecutor Queue Thread 3" [_thread_blocked, id=16260, stack(0x00000087a6500000,0x00000087a6600000)]
  0x000002451d079000 JavaThread "WorkerExecutor Queue Thread 4" [_thread_blocked, id=16224, stack(0x00000087a6600000,0x00000087a6700000)]
  0x000002451d074000 JavaThread "WorkerExecutor Queue Thread 5" [_thread_blocked, id=10176, stack(0x00000087a6700000,0x00000087a6800000)]
  0x000002451d07a800 JavaThread "WorkerExecutor Queue Thread 6" [_thread_blocked, id=20384, stack(0x00000087a6800000,0x00000087a6900000)]
  0x000002451e6ba000 JavaThread "WorkerExecutor Queue Thread 7" [_thread_blocked, id=18740, stack(0x00000087a6900000,0x00000087a6a00000)]
  0x000002451e6bf800 JavaThread "WorkerExecutor Queue Thread 8" [_thread_blocked, id=22032, stack(0x00000087a6a00000,0x00000087a6b00000)]
  0x000002451cfed800 JavaThread "C2 CompilerThread2" daemon [_thread_in_native, id=20872, stack(0x000000879f800000,0x000000879f900000)]

Other Threads:
  0x00000245179a6000 VMThread "VM Thread" [stack: 0x000000879d100000,0x000000879d200000] [id=35344]
  0x0000024517beb000 WatcherThread [stack: 0x000000879db00000,0x000000879dc00000] [id=7468]
  0x000002457ace3800 GCTaskThread "GC Thread#0" [stack: 0x000000879cc00000,0x000000879cd00000] [id=35820]
  0x0000024518d49000 GCTaskThread "GC Thread#1" [stack: 0x000000879de00000,0x000000879df00000] [id=33224]
  0x0000024518740000 GCTaskThread "GC Thread#2" [stack: 0x000000879df00000,0x000000879e000000] [id=35028]
  0x0000024517d45800 GCTaskThread "GC Thread#3" [stack: 0x000000879e000000,0x000000879e100000] [id=29024]
  0x00000245183d8000 GCTaskThread "GC Thread#4" [stack: 0x000000879e100000,0x000000879e200000] [id=35232]
  0x0000024518d2d000 GCTaskThread "GC Thread#5" [stack: 0x000000879e200000,0x000000879e300000] [id=31856]
  0x0000024519d6f000 GCTaskThread "GC Thread#6" [stack: 0x000000879ee00000,0x000000879ef00000] [id=36156]
  0x000002451a1e8800 GCTaskThread "GC Thread#7" [stack: 0x000000879ef00000,0x000000879f000000] [id=36160]
  0x000002457ad15800 ConcurrentGCThread "G1 Main Marker" [stack: 0x000000879cd00000,0x000000879ce00000] [id=34348]
  0x000002457ad17000 ConcurrentGCThread "G1 Conc#0" [stack: 0x000000879ce00000,0x000000879cf00000] [id=35308]
  0x0000024519b2c800 ConcurrentGCThread "G1 Conc#1" [stack: 0x000000879f000000,0x000000879f100000] [id=36164]
  0x000002457adae000 ConcurrentGCThread "G1 Refine#0" [stack: 0x000000879cf00000,0x000000879d000000] [id=5452]
  0x000002451fd41000 ConcurrentGCThread "G1 Refine#1" [stack: 0x00000087a6000000,0x00000087a6100000] [id=16500]
  0x000002451d6c0000 ConcurrentGCThread "G1 Refine#2" [stack: 0x00000087a6100000,0x00000087a6200000] [id=16464]
  0x000002452045d000 ConcurrentGCThread "G1 Refine#3" [stack: 0x00000087a6200000,0x00000087a6300000] [id=84]
  0x0000024521d4d800 ConcurrentGCThread "G1 Refine#4" [stack: 0x00000087a6400000,0x00000087a6500000] [id=16388]
  0x0000024516ff8800 ConcurrentGCThread "G1 Young RemSet Sampling" [stack: 0x000000879d000000,0x000000879d100000] [id=35052]

Threads with active compile tasks:
C2 CompilerThread0  21333 14005   !   4       org.gradle.internal.classloader.CachingClassLoader::loadClass (85 bytes)
C1 CompilerThread0  21333 14133       3       com.android.tools.r8.internal.MY0::c (177 bytes)
C2 CompilerThread1  21333 14030       4       com.google.common.collect.MapMakerInternalMap$Segment::setValue (19 bytes)
C2 CompilerThread2  21333 14081       4       com.android.tools.r8.graph.W0::a (89 bytes)

VM state:not at safepoint (normal execution)

VM Mutex/Monitor currently owned by a thread: None

Heap address: 0x0000000080000000, size: 2048 MB, Compressed Oops mode: 32-bit
Narrow klass base: 0x0000000000000000, Narrow klass shift: 3
Compressed class space size: 1073741824 Address: 0x0000000100000000

Heap:
 garbage-first heap   total 262144K, used 167264K [0x0000000080000000, 0x0000000100000000)
  region size 1024K, 57 young (58368K), 2 survivors (2048K)
 Metaspace       used 103014K, capacity 105491K, committed 105660K, reserved 1140736K
  class space    used 12977K, capacity 13912K, committed 13976K, reserved 1048576K
Heap Regions: E=young(eden), S=young(survivor), O=old, HS=humongous(starts), HC=humongous(continues), CS=collection set, F=free, A=archive, TAMS=top-at-mark-start (previous, next)
|   0|0x0000000080000000, 0x0000000080100000, 0x0000000080100000|100%| O|  |TAMS 0x0000000080100000, 0x0000000080000000| Untracked 
|   1|0x0000000080100000, 0x0000000080200000, 0x0000000080200000|100%| O|  |TAMS 0x0000000080200000, 0x0000000080100000| Untracked 
|   2|0x0000000080200000, 0x0000000080300000, 0x0000000080300000|100%| O|  |TAMS 0x0000000080300000, 0x0000000080200000| Untracked 
|   3|0x0000000080300000, 0x0000000080400000, 0x0000000080400000|100%|HS|  |TAMS 0x0000000080400000, 0x0000000080300000| Complete 
|   4|0x0000000080400000, 0x0000000080500000, 0x0000000080500000|100%|HC|  |TAMS 0x0000000080500000, 0x0000000080400000| Complete 
|   5|0x0000000080500000, 0x0000000080600000, 0x0000000080600000|100%|HC|  |TAMS 0x0000000080600000, 0x0000000080500000| Complete 
|   6|0x0000000080600000, 0x0000000080700000, 0x0000000080700000|100%| O|  |TAMS 0x0000000080700000, 0x0000000080600000| Untracked 
|   7|0x0000000080700000, 0x0000000080800000, 0x0000000080800000|100%| O|  |TAMS 0x0000000080800000, 0x0000000080700000| Untracked 
|   8|0x0000000080800000, 0x0000000080900000, 0x0000000080900000|100%| O|  |TAMS 0x0000000080900000, 0x0000000080800000| Untracked 
|   9|0x0000000080900000, 0x0000000080a00000, 0x0000000080a00000|100%| O|  |TAMS 0x0000000080a00000, 0x0000000080900000| Untracked 
|  10|0x0000000080a00000, 0x0000000080b00000, 0x0000000080b00000|100%| O|  |TAMS 0x0000000080b00000, 0x0000000080a00000| Untracked 
|  11|0x0000000080b00000, 0x0000000080c00000, 0x0000000080c00000|100%| O|  |TAMS 0x0000000080c00000, 0x0000000080b00000| Untracked 
|  12|0x0000000080c00000, 0x0000000080d00000, 0x0000000080d00000|100%| O|  |TAMS 0x0000000080d00000, 0x0000000080c00000| Untracked 
|  13|0x0000000080d00000, 0x0000000080e00000, 0x0000000080e00000|100%| O|  |TAMS 0x0000000080e00000, 0x0000000080d00000| Untracked 
|  14|0x0000000080e00000, 0x0000000080f00000, 0x0000000080f00000|100%| O|  |TAMS 0x0000000080f00000, 0x0000000080e00000| Untracked 
|  15|0x0000000080f00000, 0x0000000081000000, 0x0000000081000000|100%| O|  |TAMS 0x0000000081000000, 0x0000000080f00000| Untracked 
|  16|0x0000000081000000, 0x0000000081100000, 0x0000000081100000|100%| O|  |TAMS 0x0000000081100000, 0x0000000081000000| Untracked 
|  17|0x0000000081100000, 0x0000000081200000, 0x0000000081200000|100%|HS|  |TAMS 0x0000000081200000, 0x0000000081100000| Complete 
|  18|0x0000000081200000, 0x0000000081300000, 0x0000000081300000|100%|HS|  |TAMS 0x0000000081300000, 0x0000000081200000| Complete 
|  19|0x0000000081300000, 0x0000000081400000, 0x0000000081400000|100%|HS|  |TAMS 0x0000000081400000, 0x0000000081300000| Complete 
|  20|0x0000000081400000, 0x0000000081500000, 0x0000000081500000|100%|HS|  |TAMS 0x0000000081500000, 0x0000000081400000| Complete 
|  21|0x0000000081500000, 0x0000000081600000, 0x0000000081600000|100%|HS|  |TAMS 0x0000000081600000, 0x0000000081500000| Complete 
|  22|0x0000000081600000, 0x0000000081700000, 0x0000000081700000|100%|HC|  |TAMS 0x0000000081700000, 0x0000000081600000| Complete 
|  23|0x0000000081700000, 0x0000000081800000, 0x0000000081800000|100%|HC|  |TAMS 0x0000000081800000, 0x0000000081700000| Complete 
|  24|0x0000000081800000, 0x0000000081900000, 0x0000000081900000|100%|HS|  |TAMS 0x0000000081900000, 0x0000000081800000| Complete 
|  25|0x0000000081900000, 0x0000000081a00000, 0x0000000081a00000|100%|HC|  |TAMS 0x0000000081a00000, 0x0000000081900000| Complete 
|  26|0x0000000081a00000, 0x0000000081b00000, 0x0000000081b00000|100%| O|  |TAMS 0x0000000081b00000, 0x0000000081a00000| Untracked 
|  27|0x0000000081b00000, 0x0000000081c00000, 0x0000000081c00000|100%| O|  |TAMS 0x0000000081c00000, 0x0000000081b00000| Untracked 
|  28|0x0000000081c00000, 0x0000000081d00000, 0x0000000081d00000|100%| O|  |TAMS 0x0000000081d00000, 0x0000000081c00000| Untracked 
|  29|0x0000000081d00000, 0x0000000081e00000, 0x0000000081e00000|100%| O|  |TAMS 0x0000000081e00000, 0x0000000081d00000| Untracked 
|  30|0x0000000081e00000, 0x0000000081f00000, 0x0000000081f00000|100%| O|  |TAMS 0x0000000081f00000, 0x0000000081e00000| Untracked 
|  31|0x0000000081f00000, 0x0000000082000000, 0x0000000082000000|100%| O|  |TAMS 0x0000000082000000, 0x0000000081f00000| Untracked 
|  32|0x0000000082000000, 0x0000000082100000, 0x0000000082100000|100%| O|  |TAMS 0x0000000082100000, 0x0000000082000000| Untracked 
|  33|0x0000000082100000, 0x0000000082200000, 0x0000000082200000|100%| O|  |TAMS 0x0000000082200000, 0x0000000082100000| Untracked 
|  34|0x0000000082200000, 0x0000000082300000, 0x0000000082300000|100%| O|  |TAMS 0x0000000082300000, 0x0000000082200000| Untracked 
|  35|0x0000000082300000, 0x0000000082400000, 0x0000000082400000|100%| O|  |TAMS 0x0000000082400000, 0x0000000082300000| Untracked 
|  36|0x0000000082400000, 0x0000000082500000, 0x0000000082500000|100%| O|  |TAMS 0x0000000082500000, 0x0000000082400000| Untracked 
|  37|0x0000000082500000, 0x0000000082600000, 0x0000000082600000|100%| O|  |TAMS 0x0000000082600000, 0x0000000082500000| Untracked 
|  38|0x0000000082600000, 0x0000000082700000, 0x0000000082700000|100%| O|  |TAMS 0x0000000082700000, 0x0000000082600000| Untracked 
|  39|0x0000000082700000, 0x0000000082800000, 0x0000000082800000|100%| O|  |TAMS 0x0000000082800000, 0x0000000082700000| Untracked 
|  40|0x0000000082800000, 0x0000000082900000, 0x0000000082900000|100%| O|  |TAMS 0x0000000082900000, 0x0000000082800000| Untracked 
|  41|0x0000000082900000, 0x0000000082a00000, 0x0000000082a00000|100%| O|  |TAMS 0x0000000082a00000, 0x0000000082900000| Untracked 
|  42|0x0000000082a00000, 0x0000000082b00000, 0x0000000082b00000|100%| O|  |TAMS 0x0000000082b00000, 0x0000000082a00000| Untracked 
|  43|0x0000000082b00000, 0x0000000082c00000, 0x0000000082c00000|100%| O|  |TAMS 0x0000000082c00000, 0x0000000082b00000| Untracked 
|  44|0x0000000082c00000, 0x0000000082d00000, 0x0000000082d00000|100%| O|  |TAMS 0x0000000082d00000, 0x0000000082c00000| Untracked 
|  45|0x0000000082d00000, 0x0000000082e00000, 0x0000000082e00000|100%| O|  |TAMS 0x0000000082e00000, 0x0000000082d00000| Untracked 
|  46|0x0000000082e00000, 0x0000000082f00000, 0x0000000082f00000|100%| O|  |TAMS 0x0000000082f00000, 0x0000000082e00000| Untracked 
|  47|0x0000000082f00000, 0x0000000083000000, 0x0000000083000000|100%| O|  |TAMS 0x0000000083000000, 0x0000000082f00000| Untracked 
|  48|0x0000000083000000, 0x0000000083100000, 0x0000000083100000|100%| O|  |TAMS 0x0000000083100000, 0x0000000083000000| Untracked 
|  49|0x0000000083100000, 0x0000000083200000, 0x0000000083200000|100%| O|  |TAMS 0x0000000083200000, 0x0000000083100000| Untracked 
|  50|0x0000000083200000, 0x0000000083300000, 0x0000000083300000|100%| O|  |TAMS 0x0000000083300000, 0x0000000083200000| Untracked 
|  51|0x0000000083300000, 0x0000000083400000, 0x0000000083400000|100%| O|  |TAMS 0x0000000083400000, 0x0000000083300000| Untracked 
|  52|0x0000000083400000, 0x0000000083500000, 0x0000000083500000|100%| O|  |TAMS 0x0000000083500000, 0x0000000083400000| Untracked 
|  53|0x0000000083500000, 0x0000000083600000, 0x0000000083600000|100%| O|  |TAMS 0x0000000083600000, 0x0000000083500000| Untracked 
|  54|0x0000000083600000, 0x0000000083700000, 0x0000000083700000|100%| O|  |TAMS 0x0000000083700000, 0x0000000083600000| Untracked 
|  55|0x0000000083700000, 0x0000000083800000, 0x0000000083800000|100%| O|  |TAMS 0x0000000083800000, 0x0000000083700000| Untracked 
|  56|0x0000000083800000, 0x0000000083900000, 0x0000000083900000|100%| O|  |TAMS 0x0000000083900000, 0x0000000083800000| Untracked 
|  57|0x0000000083900000, 0x0000000083a00000, 0x0000000083a00000|100%| O|  |TAMS 0x0000000083900000, 0x0000000083900000| Untracked 
|  58|0x0000000083a00000, 0x0000000083b00000, 0x0000000083b00000|100%| O|  |TAMS 0x0000000083a00000, 0x0000000083a00000| Untracked 
|  59|0x0000000083b00000, 0x0000000083c00000, 0x0000000083c00000|100%|HS|  |TAMS 0x0000000083c00000, 0x0000000083b00000| Complete 
|  60|0x0000000083c00000, 0x0000000083d00000, 0x0000000083d00000|100%| O|  |TAMS 0x0000000083d00000, 0x0000000083c00000| Untracked 
|  61|0x0000000083d00000, 0x0000000083e00000, 0x0000000083e00000|100%| O|  |TAMS 0x0000000083e00000, 0x0000000083d00000| Untracked 
|  62|0x0000000083e00000, 0x0000000083f00000, 0x0000000083f00000|100%| O|  |TAMS 0x0000000083f00000, 0x0000000083e00000| Untracked 
|  63|0x0000000083f00000, 0x0000000084000000, 0x0000000084000000|100%| O|  |TAMS 0x0000000084000000, 0x0000000083f00000| Untracked 
|  64|0x0000000084000000, 0x0000000084100000, 0x0000000084100000|100%| O|  |TAMS 0x0000000084100000, 0x0000000084000000| Untracked 
|  65|0x0000000084100000, 0x0000000084200000, 0x0000000084200000|100%| O|  |TAMS 0x0000000084200000, 0x0000000084100000| Untracked 
|  66|0x0000000084200000, 0x0000000084300000, 0x0000000084300000|100%| O|  |TAMS 0x0000000084300000, 0x0000000084200000| Untracked 
|  67|0x0000000084300000, 0x0000000084400000, 0x0000000084400000|100%| O|  |TAMS 0x0000000084400000, 0x0000000084300000| Untracked 
|  68|0x0000000084400000, 0x0000000084500000, 0x0000000084500000|100%| O|  |TAMS 0x0000000084500000, 0x0000000084400000| Untracked 
|  69|0x0000000084500000, 0x0000000084600000, 0x0000000084600000|100%| O|  |TAMS 0x0000000084600000, 0x0000000084500000| Untracked 
|  70|0x0000000084600000, 0x0000000084700000, 0x0000000084700000|100%| O|  |TAMS 0x0000000084700000, 0x0000000084600000| Untracked 
|  71|0x0000000084700000, 0x0000000084800000, 0x0000000084800000|100%| O|  |TAMS 0x0000000084800000, 0x0000000084700000| Untracked 
|  72|0x0000000084800000, 0x0000000084900000, 0x0000000084900000|100%| O|  |TAMS 0x0000000084900000, 0x0000000084800000| Untracked 
|  73|0x0000000084900000, 0x0000000084a00000, 0x0000000084a00000|100%| O|  |TAMS 0x0000000084a00000, 0x0000000084900000| Untracked 
|  74|0x0000000084a00000, 0x0000000084b00000, 0x0000000084b00000|100%|HS|  |TAMS 0x0000000084a00000, 0x0000000084a00000| Complete 
|  75|0x0000000084b00000, 0x0000000084c00000, 0x0000000084c00000|100%|HS|  |TAMS 0x0000000084b00000, 0x0000000084b00000| Complete 
|  76|0x0000000084c00000, 0x0000000084c00000, 0x0000000084d00000|  0%| F|  |TAMS 0x0000000084c00000, 0x0000000084c00000| Untracked 
|  77|0x0000000084d00000, 0x0000000084e00000, 0x0000000084e00000|100%| O|  |TAMS 0x0000000084e00000, 0x0000000084d00000| Untracked 
|  78|0x0000000084e00000, 0x0000000084f00000, 0x0000000084f00000|100%| O|  |TAMS 0x0000000084f00000, 0x0000000084e00000| Untracked 
|  79|0x0000000084f00000, 0x0000000085000000, 0x0000000085000000|100%| O|  |TAMS 0x0000000085000000, 0x0000000084f00000| Untracked 
|  80|0x0000000085000000, 0x0000000085100000, 0x0000000085100000|100%| O|  |TAMS 0x0000000085100000, 0x0000000085000000| Untracked 
|  81|0x0000000085100000, 0x0000000085200000, 0x0000000085200000|100%| O|  |TAMS 0x0000000085200000, 0x0000000085100000| Untracked 
|  82|0x0000000085200000, 0x0000000085300000, 0x0000000085300000|100%| O|  |TAMS 0x0000000085300000, 0x0000000085200000| Untracked 
|  83|0x0000000085300000, 0x0000000085400000, 0x0000000085400000|100%| O|  |TAMS 0x0000000085375c00, 0x0000000085300000| Untracked 
|  84|0x0000000085400000, 0x0000000085500000, 0x0000000085500000|100%| O|  |TAMS 0x0000000085500000, 0x0000000085400000| Untracked 
|  85|0x0000000085500000, 0x0000000085600000, 0x0000000085600000|100%| O|  |TAMS 0x0000000085600000, 0x0000000085500000| Untracked 
|  86|0x0000000085600000, 0x0000000085700000, 0x0000000085700000|100%| O|  |TAMS 0x0000000085700000, 0x0000000085600000| Untracked 
|  87|0x0000000085700000, 0x0000000085800000, 0x0000000085800000|100%| O|  |TAMS 0x0000000085800000, 0x0000000085700000| Untracked 
|  88|0x0000000085800000, 0x0000000085900000, 0x0000000085900000|100%| O|  |TAMS 0x0000000085900000, 0x0000000085800000| Untracked 
|  89|0x0000000085900000, 0x0000000085a00000, 0x0000000085a00000|100%| O|  |TAMS 0x0000000085a00000, 0x0000000085900000| Untracked 
|  90|0x0000000085a00000, 0x0000000085b00000, 0x0000000085b00000|100%| O|  |TAMS 0x0000000085b00000, 0x0000000085a00000| Untracked 
|  91|0x0000000085b00000, 0x0000000085c00000, 0x0000000085c00000|100%| O|  |TAMS 0x0000000085c00000, 0x0000000085b00000| Untracked 
|  92|0x0000000085c00000, 0x0000000085d00000, 0x0000000085d00000|100%| O|  |TAMS 0x0000000085d00000, 0x0000000085c00000| Untracked 
|  93|0x0000000085d00000, 0x0000000085e00000, 0x0000000085e00000|100%| O|  |TAMS 0x0000000085e00000, 0x0000000085d00000| Untracked 
|  94|0x0000000085e00000, 0x0000000085f00000, 0x0000000085f00000|100%| O|  |TAMS 0x0000000085f00000, 0x0000000085e00000| Untracked 
|  95|0x0000000085f00000, 0x0000000086000000, 0x0000000086000000|100%| O|  |TAMS 0x0000000086000000, 0x0000000085f00000| Untracked 
|  96|0x0000000086000000, 0x0000000086100000, 0x0000000086100000|100%| O|  |TAMS 0x0000000086100000, 0x0000000086000000| Untracked 
|  97|0x0000000086100000, 0x0000000086200000, 0x0000000086200000|100%| O|  |TAMS 0x0000000086200000, 0x0000000086100000| Untracked 
|  98|0x0000000086200000, 0x0000000086300000, 0x0000000086300000|100%| O|  |TAMS 0x0000000086300000, 0x0000000086200000| Untracked 
|  99|0x0000000086300000, 0x0000000086400000, 0x0000000086400000|100%| O|  |TAMS 0x0000000086400000, 0x0000000086300000| Untracked 
| 100|0x0000000086400000, 0x0000000086500000, 0x0000000086500000|100%| O|  |TAMS 0x0000000086400000, 0x0000000086400000| Untracked 
| 101|0x0000000086500000, 0x0000000086600000, 0x0000000086600000|100%| O|  |TAMS 0x0000000086500000, 0x0000000086500000| Untracked 
| 102|0x0000000086600000, 0x0000000086700000, 0x0000000086700000|100%| O|  |TAMS 0x0000000086600000, 0x0000000086600000| Untracked 
| 103|0x0000000086700000, 0x0000000086800000, 0x0000000086800000|100%| O|  |TAMS 0x0000000086700000, 0x0000000086700000| Untracked 
| 104|0x0000000086800000, 0x0000000086900000, 0x0000000086900000|100%| O|  |TAMS 0x0000000086800000, 0x0000000086800000| Untracked 
| 105|0x0000000086900000, 0x0000000086a00000, 0x0000000086a00000|100%| O|  |TAMS 0x0000000086900000, 0x0000000086900000| Untracked 
| 106|0x0000000086a00000, 0x0000000086b00000, 0x0000000086b00000|100%| O|  |TAMS 0x0000000086a00000, 0x0000000086a00000| Untracked 
| 107|0x0000000086b00000, 0x0000000086c00000, 0x0000000086c00000|100%| O|  |TAMS 0x0000000086b00000, 0x0000000086b00000| Untracked 
| 108|0x0000000086c00000, 0x0000000086d00000, 0x0000000086d00000|100%| O|  |TAMS 0x0000000086c00000, 0x0000000086c00000| Untracked 
| 109|0x0000000086d00000, 0x0000000086d58000, 0x0000000086e00000| 34%| O|  |TAMS 0x0000000086d00000, 0x0000000086d00000| Untracked 
| 110|0x0000000086e00000, 0x0000000086e00000, 0x0000000086f00000|  0%| F|  |TAMS 0x0000000086e00000, 0x0000000086e00000| Untracked 
| 111|0x0000000086f00000, 0x0000000086f00000, 0x0000000087000000|  0%| F|  |TAMS 0x0000000086f00000, 0x0000000086f00000| Untracked 
| 112|0x0000000087000000, 0x0000000087000000, 0x0000000087100000|  0%| F|  |TAMS 0x0000000087000000, 0x0000000087000000| Untracked 
| 113|0x0000000087100000, 0x0000000087100000, 0x0000000087200000|  0%| F|  |TAMS 0x0000000087100000, 0x0000000087100000| Untracked 
| 114|0x0000000087200000, 0x0000000087200000, 0x0000000087300000|  0%| F|  |TAMS 0x0000000087200000, 0x0000000087200000| Untracked 
| 115|0x0000000087300000, 0x0000000087300000, 0x0000000087400000|  0%| F|  |TAMS 0x0000000087300000, 0x0000000087300000| Untracked 
| 116|0x0000000087400000, 0x0000000087400000, 0x0000000087500000|  0%| F|  |TAMS 0x0000000087400000, 0x0000000087400000| Untracked 
| 117|0x0000000087500000, 0x0000000087500000, 0x0000000087600000|  0%| F|  |TAMS 0x0000000087500000, 0x0000000087500000| Untracked 
| 118|0x0000000087600000, 0x0000000087600000, 0x0000000087700000|  0%| F|  |TAMS 0x0000000087600000, 0x0000000087600000| Untracked 
| 119|0x0000000087700000, 0x0000000087700000, 0x0000000087800000|  0%| F|  |TAMS 0x0000000087700000, 0x0000000087700000| Untracked 
| 120|0x0000000087800000, 0x0000000087800000, 0x0000000087900000|  0%| F|  |TAMS 0x0000000087800000, 0x0000000087800000| Untracked 
| 121|0x0000000087900000, 0x0000000087900000, 0x0000000087a00000|  0%| F|  |TAMS 0x0000000087900000, 0x0000000087900000| Untracked 
| 122|0x0000000087a00000, 0x0000000087a00000, 0x0000000087b00000|  0%| F|  |TAMS 0x0000000087a00000, 0x0000000087a00000| Untracked 
| 123|0x0000000087b00000, 0x0000000087b00000, 0x0000000087c00000|  0%| F|  |TAMS 0x0000000087b00000, 0x0000000087b00000| Untracked 
| 124|0x0000000087c00000, 0x0000000087c00000, 0x0000000087d00000|  0%| F|  |TAMS 0x0000000087c00000, 0x0000000087c00000| Untracked 
| 125|0x0000000087d00000, 0x0000000087d00000, 0x0000000087e00000|  0%| F|  |TAMS 0x0000000087d00000, 0x0000000087d00000| Untracked 
| 126|0x0000000087e00000, 0x0000000087e00000, 0x0000000087f00000|  0%| F|  |TAMS 0x0000000087e00000, 0x0000000087e00000| Untracked 
| 127|0x0000000087f00000, 0x0000000087f00000, 0x0000000088000000|  0%| F|  |TAMS 0x0000000087f00000, 0x0000000087f00000| Untracked 
| 128|0x0000000088000000, 0x0000000088000000, 0x0000000088100000|  0%| F|  |TAMS 0x0000000088000000, 0x0000000088000000| Untracked 
| 129|0x0000000088100000, 0x0000000088100000, 0x0000000088200000|  0%| F|  |TAMS 0x0000000088100000, 0x0000000088100000| Untracked 
| 130|0x0000000088200000, 0x0000000088200000, 0x0000000088300000|  0%| F|  |TAMS 0x0000000088200000, 0x0000000088200000| Untracked 
| 131|0x0000000088300000, 0x0000000088300000, 0x0000000088400000|  0%| F|  |TAMS 0x0000000088300000, 0x0000000088300000| Untracked 
| 132|0x0000000088400000, 0x0000000088400000, 0x0000000088500000|  0%| F|  |TAMS 0x0000000088400000, 0x0000000088400000| Untracked 
| 133|0x0000000088500000, 0x0000000088500000, 0x0000000088600000|  0%| F|  |TAMS 0x0000000088500000, 0x0000000088500000| Untracked 
| 134|0x0000000088600000, 0x0000000088600000, 0x0000000088700000|  0%| F|  |TAMS 0x0000000088600000, 0x0000000088600000| Untracked 
| 135|0x0000000088700000, 0x0000000088700000, 0x0000000088800000|  0%| F|  |TAMS 0x0000000088700000, 0x0000000088700000| Untracked 
| 136|0x0000000088800000, 0x0000000088800000, 0x0000000088900000|  0%| F|  |TAMS 0x0000000088800000, 0x0000000088800000| Untracked 
| 137|0x0000000088900000, 0x0000000088900000, 0x0000000088a00000|  0%| F|  |TAMS 0x0000000088900000, 0x0000000088900000| Untracked 
| 138|0x0000000088a00000, 0x0000000088a00000, 0x0000000088b00000|  0%| F|  |TAMS 0x0000000088a00000, 0x0000000088a00000| Untracked 
| 139|0x0000000088b00000, 0x0000000088b00000, 0x0000000088c00000|  0%| F|  |TAMS 0x0000000088b00000, 0x0000000088b00000| Untracked 
| 140|0x0000000088c00000, 0x0000000088c00000, 0x0000000088d00000|  0%| F|  |TAMS 0x0000000088c00000, 0x0000000088c00000| Untracked 
| 141|0x0000000088d00000, 0x0000000088d00000, 0x0000000088e00000|  0%| F|  |TAMS 0x0000000088d00000, 0x0000000088d00000| Untracked 
| 142|0x0000000088e00000, 0x0000000088e00000, 0x0000000088f00000|  0%| F|  |TAMS 0x0000000088e00000, 0x0000000088e00000| Untracked 
| 143|0x0000000088f00000, 0x0000000088f00000, 0x0000000089000000|  0%| F|  |TAMS 0x0000000088f00000, 0x0000000088f00000| Untracked 
| 144|0x0000000089000000, 0x0000000089000000, 0x0000000089100000|  0%| F|  |TAMS 0x0000000089000000, 0x0000000089000000| Untracked 
| 145|0x0000000089100000, 0x0000000089100000, 0x0000000089200000|  0%| F|  |TAMS 0x0000000089100000, 0x0000000089100000| Untracked 
| 146|0x0000000089200000, 0x0000000089200000, 0x0000000089300000|  0%| F|  |TAMS 0x0000000089200000, 0x0000000089200000| Untracked 
| 147|0x0000000089300000, 0x0000000089300000, 0x0000000089400000|  0%| F|  |TAMS 0x0000000089300000, 0x0000000089300000| Untracked 
| 148|0x0000000089400000, 0x0000000089400000, 0x0000000089500000|  0%| F|  |TAMS 0x0000000089400000, 0x0000000089400000| Untracked 
| 149|0x0000000089500000, 0x0000000089500000, 0x0000000089600000|  0%| F|  |TAMS 0x0000000089500000, 0x0000000089500000| Untracked 
| 150|0x0000000089600000, 0x0000000089600000, 0x0000000089700000|  0%| F|  |TAMS 0x0000000089600000, 0x0000000089600000| Untracked 
| 151|0x0000000089700000, 0x0000000089700000, 0x0000000089800000|  0%| F|  |TAMS 0x0000000089700000, 0x0000000089700000| Untracked 
| 152|0x0000000089800000, 0x0000000089800000, 0x0000000089900000|  0%| F|  |TAMS 0x0000000089800000, 0x0000000089800000| Untracked 
| 153|0x0000000089900000, 0x0000000089900000, 0x0000000089a00000|  0%| F|  |TAMS 0x0000000089900000, 0x0000000089900000| Untracked 
| 154|0x0000000089a00000, 0x0000000089a00000, 0x0000000089b00000|  0%| F|  |TAMS 0x0000000089a00000, 0x0000000089a00000| Untracked 
| 155|0x0000000089b00000, 0x0000000089b00000, 0x0000000089c00000|  0%| F|  |TAMS 0x0000000089b00000, 0x0000000089b00000| Untracked 
| 156|0x0000000089c00000, 0x0000000089c00000, 0x0000000089d00000|  0%| F|  |TAMS 0x0000000089c00000, 0x0000000089c00000| Untracked 
| 157|0x0000000089d00000, 0x0000000089d00000, 0x0000000089e00000|  0%| F|  |TAMS 0x0000000089d00000, 0x0000000089d00000| Untracked 
| 158|0x0000000089e00000, 0x0000000089e00000, 0x0000000089f00000|  0%| F|  |TAMS 0x0000000089e00000, 0x0000000089e00000| Untracked 
| 159|0x0000000089f00000, 0x0000000089f00000, 0x000000008a000000|  0%| F|  |TAMS 0x0000000089f00000, 0x0000000089f00000| Untracked 
| 160|0x000000008a000000, 0x000000008a000000, 0x000000008a100000|  0%| F|  |TAMS 0x000000008a000000, 0x000000008a000000| Untracked 
| 161|0x000000008a100000, 0x000000008a100000, 0x000000008a200000|  0%| F|  |TAMS 0x000000008a100000, 0x000000008a100000| Untracked 
| 162|0x000000008a200000, 0x000000008a200000, 0x000000008a300000|  0%| F|  |TAMS 0x000000008a200000, 0x000000008a200000| Untracked 
| 163|0x000000008a300000, 0x000000008a300000, 0x000000008a400000|  0%| F|  |TAMS 0x000000008a300000, 0x000000008a300000| Untracked 
| 164|0x000000008a400000, 0x000000008a400000, 0x000000008a500000|  0%| F|  |TAMS 0x000000008a400000, 0x000000008a400000| Untracked 
| 165|0x000000008a500000, 0x000000008a500000, 0x000000008a600000|  0%| F|  |TAMS 0x000000008a500000, 0x000000008a500000| Untracked 
| 166|0x000000008a600000, 0x000000008a600000, 0x000000008a700000|  0%| F|  |TAMS 0x000000008a600000, 0x000000008a600000| Untracked 
| 167|0x000000008a700000, 0x000000008a700000, 0x000000008a800000|  0%| F|  |TAMS 0x000000008a700000, 0x000000008a700000| Untracked 
| 168|0x000000008a800000, 0x000000008a800000, 0x000000008a900000|  0%| F|  |TAMS 0x000000008a800000, 0x000000008a800000| Untracked 
| 169|0x000000008a900000, 0x000000008a900000, 0x000000008aa00000|  0%| F|  |TAMS 0x000000008a900000, 0x000000008a900000| Untracked 
| 170|0x000000008aa00000, 0x000000008aa00000, 0x000000008ab00000|  0%| F|  |TAMS 0x000000008aa00000, 0x000000008aa00000| Untracked 
| 171|0x000000008ab00000, 0x000000008ab00000, 0x000000008ac00000|  0%| F|  |TAMS 0x000000008ab00000, 0x000000008ab00000| Untracked 
| 172|0x000000008ac00000, 0x000000008ac00000, 0x000000008ad00000|  0%| F|  |TAMS 0x000000008ac00000, 0x000000008ac00000| Untracked 
| 173|0x000000008ad00000, 0x000000008ad00000, 0x000000008ae00000|  0%| F|  |TAMS 0x000000008ad00000, 0x000000008ad00000| Untracked 
| 174|0x000000008ae00000, 0x000000008ae00000, 0x000000008af00000|  0%| F|  |TAMS 0x000000008ae00000, 0x000000008ae00000| Untracked 
| 175|0x000000008af00000, 0x000000008af00000, 0x000000008b000000|  0%| F|  |TAMS 0x000000008af00000, 0x000000008af00000| Untracked 
| 176|0x000000008b000000, 0x000000008b000000, 0x000000008b100000|  0%| F|  |TAMS 0x000000008b000000, 0x000000008b000000| Untracked 
| 177|0x000000008b100000, 0x000000008b100000, 0x000000008b200000|  0%| F|  |TAMS 0x000000008b100000, 0x000000008b100000| Untracked 
| 178|0x000000008b200000, 0x000000008b200000, 0x000000008b300000|  0%| F|  |TAMS 0x000000008b200000, 0x000000008b200000| Untracked 
| 179|0x000000008b300000, 0x000000008b300000, 0x000000008b400000|  0%| F|  |TAMS 0x000000008b300000, 0x000000008b300000| Untracked 
| 180|0x000000008b400000, 0x000000008b400000, 0x000000008b500000|  0%| F|  |TAMS 0x000000008b400000, 0x000000008b400000| Untracked 
| 181|0x000000008b500000, 0x000000008b500000, 0x000000008b600000|  0%| F|  |TAMS 0x000000008b500000, 0x000000008b500000| Untracked 
| 182|0x000000008b600000, 0x000000008b600000, 0x000000008b700000|  0%| F|  |TAMS 0x000000008b600000, 0x000000008b600000| Untracked 
| 183|0x000000008b700000, 0x000000008b700000, 0x000000008b800000|  0%| F|  |TAMS 0x000000008b700000, 0x000000008b700000| Untracked 
| 184|0x000000008b800000, 0x000000008b800000, 0x000000008b900000|  0%| F|  |TAMS 0x000000008b800000, 0x000000008b800000| Untracked 
| 185|0x000000008b900000, 0x000000008b900000, 0x000000008ba00000|  0%| F|  |TAMS 0x000000008b900000, 0x000000008b900000| Untracked 
| 186|0x000000008ba00000, 0x000000008ba00000, 0x000000008bb00000|  0%| F|  |TAMS 0x000000008ba00000, 0x000000008ba00000| Untracked 
| 187|0x000000008bb00000, 0x000000008bb00000, 0x000000008bc00000|  0%| F|  |TAMS 0x000000008bb00000, 0x000000008bb00000| Untracked 
| 188|0x000000008bc00000, 0x000000008bc00000, 0x000000008bd00000|  0%| F|  |TAMS 0x000000008bc00000, 0x000000008bc00000| Untracked 
| 189|0x000000008bd00000, 0x000000008bd00000, 0x000000008be00000|  0%| F|  |TAMS 0x000000008bd00000, 0x000000008bd00000| Untracked 
| 190|0x000000008be00000, 0x000000008be00000, 0x000000008bf00000|  0%| F|  |TAMS 0x000000008be00000, 0x000000008be00000| Untracked 
| 191|0x000000008bf00000, 0x000000008bf00000, 0x000000008c000000|  0%| F|  |TAMS 0x000000008bf00000, 0x000000008bf00000| Untracked 
| 192|0x000000008c000000, 0x000000008c0b7d60, 0x000000008c100000| 71%| S|  |TAMS 0x000000008c000000, 0x000000008c000000| Complete 
| 193|0x000000008c100000, 0x000000008c200000, 0x000000008c200000|100%| S|  |TAMS 0x000000008c100000, 0x000000008c100000| Complete 
| 194|0x000000008c200000, 0x000000008c300000, 0x000000008c300000|100%| S|  |TAMS 0x000000008c200000, 0x000000008c200000| Complete 
| 195|0x000000008c300000, 0x000000008c400000, 0x000000008c400000|100%| S|  |TAMS 0x000000008c300000, 0x000000008c300000| Complete 
| 196|0x000000008c400000, 0x000000008c500000, 0x000000008c500000|100%| S|  |TAMS 0x000000008c400000, 0x000000008c400000| Complete 
| 197|0x000000008c500000, 0x000000008c5dba80, 0x000000008c600000| 85%| E|CS|TAMS 0x000000008c500000, 0x000000008c5dba80| Complete 
| 198|0x000000008c600000, 0x000000008c700000, 0x000000008c700000|100%| E|CS|TAMS 0x000000008c600000, 0x000000008c700000| Complete 
| 199|0x000000008c700000, 0x000000008c800000, 0x000000008c800000|100%| E|CS|TAMS 0x000000008c700000, 0x000000008c800000| Complete 
| 200|0x000000008c800000, 0x000000008c900000, 0x000000008c900000|100%| E|CS|TAMS 0x000000008c800000, 0x000000008c900000| Complete 
| 201|0x000000008c900000, 0x000000008ca00000, 0x000000008ca00000|100%| E|CS|TAMS 0x000000008c900000, 0x000000008ca00000| Complete 
| 202|0x000000008ca00000, 0x000000008cb00000, 0x000000008cb00000|100%| E|CS|TAMS 0x000000008ca00000, 0x000000008cb00000| Complete 
| 203|0x000000008cb00000, 0x000000008cc00000, 0x000000008cc00000|100%| E|CS|TAMS 0x000000008cb00000, 0x000000008cc00000| Complete 
| 204|0x000000008cc00000, 0x000000008cd00000, 0x000000008cd00000|100%| E|CS|TAMS 0x000000008cc00000, 0x000000008cd00000| Complete 
| 205|0x000000008cd00000, 0x000000008ce00000, 0x000000008ce00000|100%| E|CS|TAMS 0x000000008cd00000, 0x000000008ce00000| Complete 
| 206|0x000000008ce00000, 0x000000008cf00000, 0x000000008cf00000|100%| E|CS|TAMS 0x000000008ce00000, 0x000000008cf00000| Complete 
| 207|0x000000008cf00000, 0x000000008d000000, 0x000000008d000000|100%| E|CS|TAMS 0x000000008cf00000, 0x000000008d000000| Complete 
| 208|0x000000008d000000, 0x000000008d100000, 0x000000008d100000|100%| E|CS|TAMS 0x000000008d000000, 0x000000008d100000| Complete 
| 209|0x000000008d100000, 0x000000008d200000, 0x000000008d200000|100%| E|CS|TAMS 0x000000008d100000, 0x000000008d200000| Complete 
| 210|0x000000008d200000, 0x000000008d300000, 0x000000008d300000|100%| E|CS|TAMS 0x000000008d200000, 0x000000008d300000| Complete 
| 211|0x000000008d300000, 0x000000008d400000, 0x000000008d400000|100%| E|CS|TAMS 0x000000008d300000, 0x000000008d400000| Complete 
| 212|0x000000008d400000, 0x000000008d500000, 0x000000008d500000|100%| E|CS|TAMS 0x000000008d400000, 0x000000008d500000| Complete 
| 213|0x000000008d500000, 0x000000008d600000, 0x000000008d600000|100%| E|CS|TAMS 0x000000008d500000, 0x000000008d600000| Complete 
| 214|0x000000008d600000, 0x000000008d700000, 0x000000008d700000|100%| E|CS|TAMS 0x000000008d600000, 0x000000008d700000| Complete 
| 215|0x000000008d700000, 0x000000008d800000, 0x000000008d800000|100%| E|CS|TAMS 0x000000008d700000, 0x000000008d800000| Complete 
| 216|0x000000008d800000, 0x000000008d900000, 0x000000008d900000|100%| E|CS|TAMS 0x000000008d800000, 0x000000008d900000| Complete 
| 217|0x000000008d900000, 0x000000008da00000, 0x000000008da00000|100%| E|CS|TAMS 0x000000008d900000, 0x000000008da00000| Complete 
| 218|0x000000008da00000, 0x000000008db00000, 0x000000008db00000|100%| E|CS|TAMS 0x000000008da00000, 0x000000008db00000| Complete 
| 219|0x000000008db00000, 0x000000008dc00000, 0x000000008dc00000|100%| E|CS|TAMS 0x000000008db00000, 0x000000008dc00000| Complete 
| 220|0x000000008dc00000, 0x000000008dd00000, 0x000000008dd00000|100%| E|CS|TAMS 0x000000008dc00000, 0x000000008dd00000| Complete 
| 221|0x000000008dd00000, 0x000000008de00000, 0x000000008de00000|100%| E|CS|TAMS 0x000000008dd00000, 0x000000008de00000| Complete 
| 222|0x000000008de00000, 0x000000008df00000, 0x000000008df00000|100%| E|CS|TAMS 0x000000008de00000, 0x000000008df00000| Complete 
| 223|0x000000008df00000, 0x000000008e000000, 0x000000008e000000|100%| E|CS|TAMS 0x000000008df00000, 0x000000008e000000| Complete 
| 224|0x000000008e000000, 0x000000008e100000, 0x000000008e100000|100%| E|CS|TAMS 0x000000008e000000, 0x000000008e100000| Complete 
| 225|0x000000008e100000, 0x000000008e200000, 0x000000008e200000|100%| E|CS|TAMS 0x000000008e100000, 0x000000008e200000| Complete 
| 226|0x000000008e200000, 0x000000008e300000, 0x000000008e300000|100%| E|CS|TAMS 0x000000008e200000, 0x000000008e300000| Complete 
| 227|0x000000008e300000, 0x000000008e400000, 0x000000008e400000|100%| E|CS|TAMS 0x000000008e300000, 0x000000008e400000| Complete 
| 228|0x000000008e400000, 0x000000008e500000, 0x000000008e500000|100%| F|  |TAMS 0x000000008e400000, 0x000000008e400000| Untracked 
| 229|0x000000008e500000, 0x000000008e500000, 0x000000008e600000|  0%| F|  |TAMS 0x000000008e500000, 0x000000008e500000| Untracked 
| 230|0x000000008e600000, 0x000000008e600000, 0x000000008e700000|  0%| F|  |TAMS 0x000000008e600000, 0x000000008e600000| Untracked 
| 231|0x000000008e700000, 0x000000008e700000, 0x000000008e800000|  0%| F|  |TAMS 0x000000008e700000, 0x000000008e700000| Untracked 
| 232|0x000000008e800000, 0x000000008e800000, 0x000000008e900000|  0%| F|  |TAMS 0x000000008e800000, 0x000000008e800000| Untracked 
| 233|0x000000008e900000, 0x000000008e900000, 0x000000008ea00000|  0%| F|  |TAMS 0x000000008e900000, 0x000000008e900000| Untracked 
| 234|0x000000008ea00000, 0x000000008ea00000, 0x000000008eb00000|  0%| F|  |TAMS 0x000000008ea00000, 0x000000008ea00000| Untracked 
| 235|0x000000008eb00000, 0x000000008eb00000, 0x000000008ec00000|  0%| F|  |TAMS 0x000000008eb00000, 0x000000008eb00000| Untracked 
| 236|0x000000008ec00000, 0x000000008ec00000, 0x000000008ed00000|  0%| F|  |TAMS 0x000000008ec00000, 0x000000008ec00000| Untracked 
| 237|0x000000008ed00000, 0x000000008ed00000, 0x000000008ee00000|  0%| F|  |TAMS 0x000000008ed00000, 0x000000008ed00000| Untracked 
| 238|0x000000008ee00000, 0x000000008ee00000, 0x000000008ef00000|  0%| F|  |TAMS 0x000000008ee00000, 0x000000008ee00000| Untracked 
| 239|0x000000008ef00000, 0x000000008ef00000, 0x000000008f000000|  0%| F|  |TAMS 0x000000008ef00000, 0x000000008ef00000| Untracked 
| 240|0x000000008f000000, 0x000000008f000000, 0x000000008f100000|  0%| F|  |TAMS 0x000000008f000000, 0x000000008f000000| Untracked 
| 241|0x000000008f100000, 0x000000008f100000, 0x000000008f200000|  0%| F|  |TAMS 0x000000008f100000, 0x000000008f100000| Untracked 
| 242|0x000000008f200000, 0x000000008f200000, 0x000000008f300000|  0%| F|  |TAMS 0x000000008f200000, 0x000000008f200000| Untracked 
| 243|0x000000008f300000, 0x000000008f300000, 0x000000008f400000|  0%| F|  |TAMS 0x000000008f300000, 0x000000008f300000| Untracked 
| 244|0x000000008f400000, 0x000000008f400000, 0x000000008f500000|  0%| F|  |TAMS 0x000000008f400000, 0x000000008f400000| Untracked 
| 245|0x000000008f500000, 0x000000008f500000, 0x000000008f600000|  0%| F|  |TAMS 0x000000008f500000, 0x000000008f500000| Untracked 
| 246|0x000000008f600000, 0x000000008f600000, 0x000000008f700000|  0%| F|  |TAMS 0x000000008f600000, 0x000000008f600000| Untracked 
| 247|0x000000008f700000, 0x000000008f700000, 0x000000008f800000|  0%| F|  |TAMS 0x000000008f700000, 0x000000008f700000| Untracked 
| 248|0x000000008f800000, 0x000000008f800000, 0x000000008f900000|  0%| F|  |TAMS 0x000000008f800000, 0x000000008f800000| Untracked 
| 249|0x000000008f900000, 0x000000008f900000, 0x000000008fa00000|  0%| F|  |TAMS 0x000000008f900000, 0x000000008f900000| Untracked 
| 250|0x000000008fa00000, 0x000000008fa00000, 0x000000008fb00000|  0%| F|  |TAMS 0x000000008fa00000, 0x000000008fa00000| Untracked 
| 251|0x000000008fb00000, 0x000000008fb00000, 0x000000008fc00000|  0%| F|  |TAMS 0x000000008fb00000, 0x000000008fb00000| Untracked 
| 252|0x000000008fc00000, 0x000000008fc00000, 0x000000008fd00000|  0%| F|  |TAMS 0x000000008fc00000, 0x000000008fc00000| Untracked 
| 253|0x000000008fd00000, 0x000000008fd00000, 0x000000008fe00000|  0%| F|  |TAMS 0x000000008fd00000, 0x000000008fd00000| Untracked 
| 254|0x000000008fe00000, 0x000000008fe00000, 0x000000008ff00000|  0%| F|  |TAMS 0x000000008fe00000, 0x000000008fe00000| Untracked 
| 255|0x000000008ff00000, 0x000000008ff00000, 0x0000000090000000|  0%| F|  |TAMS 0x000000008ff00000, 0x000000008ff00000| Untracked 

Card table byte_map: [0x000002450fe70000,0x0000024510270000] _byte_map_base: 0x000002450fa70000

Marking Bits (Prev, Next): (CMBitMap*) 0x000002457ad0cb78, (CMBitMap*) 0x000002457ad0cbb0
 Prev Bits: [0x0000024510670000, 0x0000024512670000)
 Next Bits: [0x0000024512670000, 0x0000024514670000)

Polling page: 0x000002457adb0000

Metaspace:

Usage:
  Non-class:     89.50 MB capacity,    88.05 MB ( 98%) used,     1.15 MB (  1%) free+waste,   296.00 KB ( <1%) overhead. 
      Class:     13.62 MB capacity,    12.70 MB ( 93%) used,   808.34 KB (  6%) free+waste,   133.50 KB ( <1%) overhead. 
       Both:    103.12 MB capacity,   100.75 MB ( 98%) used,     1.94 MB (  2%) free+waste,   429.50 KB ( <1%) overhead. 

Virtual space:
  Non-class space:       98.00 MB reserved,      89.54 MB ( 91%) committed 
      Class space:        1.00 GB reserved,      13.65 MB (  1%) committed 
             Both:        1.10 GB reserved,     103.18 MB (  9%) committed 

Chunk freelists:
   Non-Class:  39.00 KB
       Class:  7.00 KB
        Both:  46.00 KB

MaxMetaspaceSize: 17179869184.00 GB
CompressedClassSpaceSize: 1.00 GB

CodeHeap 'non-profiled nmethods': size=120000Kb used=9441Kb max_used=9441Kb free=110558Kb
 bounds [0x0000024507ad0000, 0x0000024508410000, 0x000002450f000000]
CodeHeap 'profiled nmethods': size=120000Kb used=30394Kb max_used=30394Kb free=89605Kb
 bounds [0x00000245005a0000, 0x0000024502350000, 0x0000024507ad0000]
CodeHeap 'non-nmethods': size=5760Kb used=2320Kb max_used=2384Kb free=3439Kb
 bounds [0x0000024500000000, 0x0000024500270000, 0x00000245005a0000]
 total_blobs=14903 nmethods=13970 adapters=844
 compilation: enabled
              stopped_count=0, restarted_count=0
 full_count=0

Compilation events (20 events):
Event: 21.237 Thread 0x0000024517a3b800 14004   !   3       java.util.concurrent.ConcurrentHashMap::putVal (432 bytes)
Event: 21.239 Thread 0x0000024517a3b800 nmethod 14004 0x000002450230bd90 code [0x000002450230c120, 0x000002450230e258]
Event: 21.240 Thread 0x0000024517a37800 14005   !   4       org.gradle.internal.classloader.CachingClassLoader::loadClass (85 bytes)
Event: 21.241 Thread 0x000002451cfed800 14006       4       com.google.common.collect.MapMakerInternalMap::get (23 bytes)
Event: 21.244 Thread 0x0000024517a3b800 14008       3       com.android.tools.r8.internal.zS0::<init> (15 bytes)
Event: 21.244 Thread 0x0000024517a3b800 nmethod 14008 0x000002450230ed10 code [0x000002450230eee0, 0x000002450230f158]
Event: 21.244 Thread 0x0000024517a3b800 14009       1       com.android.tools.r8.ProgramResource$ByteResource::getKind (5 bytes)
Event: 21.244 Thread 0x0000024517a3b800 nmethod 14009 0x00000245083fa290 code [0x00000245083fa440, 0x00000245083fa4f8]
Event: 21.244 Thread 0x0000024517a3b800 14010       3       com.android.tools.r8.internal.lR0::hasNext (35 bytes)
Event: 21.244 Thread 0x0000024517a3b800 nmethod 14010 0x000002450230f290 code [0x000002450230f460, 0x000002450230f6e8]
Event: 21.250 Thread 0x000002451badb800 nmethod 13999 0x00000245083fa790 code [0x00000245083fa960, 0x00000245083fbf58]
Event: 21.250 Thread 0x000002451badb800 14012       4       java.lang.invoke.LambdaForm$BasicType::basicType (19 bytes)
Event: 21.253 Thread 0x000002451cfed800 nmethod 14006 0x00000245083fc590 code [0x00000245083fc7a0, 0x00000245083fcf08]
Event: 21.253 Thread 0x000002451cfed800 14007   !   4       com.google.common.collect.MapMakerInternalMap$Segment::get (58 bytes)
Event: 21.254 Thread 0x000002451badb800 nmethod 14012 0x00000245083fd690 code [0x00000245083fd860, 0x00000245083fdb08]
Event: 21.254 Thread 0x000002451badb800 14013       4       sun.invoke.util.BytecodeDescriptor::unparse (37 bytes)
Event: 21.264 Thread 0x000002451cfed800 nmethod 14007 0x00000245083fde10 code [0x00000245083fe000, 0x00000245083fe588]
Event: 21.267 Thread 0x000002451badb800 nmethod 14013 0x00000245083feb90 code [0x00000245083fed80, 0x00000245083ff8c8]
Event: 21.267 Thread 0x0000024517a3b800 14014       3       com.android.tools.r8.internal.mH0::g (26 bytes)
Event: 21.267 Thread 0x0000024517a3b800 nmethod 14014 0x000002450230f810 code [0x000002450230f9c0, 0x000002450230fb18]

GC Heap History (20 events):
Event: 12.206 GC heap before
{Heap before GC invocations=11 (full 0):
 garbage-first heap   total 262144K, used 164054K [0x0000000080000000, 0x0000000100000000)
  region size 1024K, 112 young (114688K), 9 survivors (9216K)
 Metaspace       used 75306K, capacity 76937K, committed 77040K, reserved 1116160K
  class space    used 9764K, capacity 10382K, committed 10444K, reserved 1048576K
}
Event: 12.217 GC heap after
{Heap after GC invocations=12 (full 0):
 garbage-first heap   total 262144K, used 66291K [0x0000000080000000, 0x0000000100000000)
  region size 1024K, 8 young (8192K), 8 survivors (8192K)
 Metaspace       used 75306K, capacity 76937K, committed 77040K, reserved 1116160K
  class space    used 9764K, capacity 10382K, committed 10444K, reserved 1048576K
}
Event: 14.135 GC heap before
{Heap before GC invocations=12 (full 0):
 garbage-first heap   total 262144K, used 173811K [0x0000000080000000, 0x0000000100000000)
  region size 1024K, 113 young (115712K), 8 survivors (8192K)
 Metaspace       used 84987K, capacity 87087K, committed 87280K, reserved 1124352K
  class space    used 11122K, capacity 11938K, committed 11980K, reserved 1048576K
}
Event: 14.148 GC heap after
{Heap after GC invocations=13 (full 0):
 garbage-first heap   total 262144K, used 72695K [0x0000000080000000, 0x0000000100000000)
  region size 1024K, 14 young (14336K), 14 survivors (14336K)
 Metaspace       used 84987K, capacity 87087K, committed 87280K, reserved 1124352K
  class space    used 11122K, capacity 11938K, committed 11980K, reserved 1048576K
}
Event: 15.781 GC heap before
{Heap before GC invocations=13 (full 0):
 garbage-first heap   total 262144K, used 184311K [0x0000000080000000, 0x0000000100000000)
  region size 1024K, 121 young (123904K), 14 survivors (14336K)
 Metaspace       used 86792K, capacity 88910K, committed 89200K, reserved 1126400K
  class space    used 11263K, capacity 12073K, committed 12108K, reserved 1048576K
}
Event: 15.806 GC heap after
{Heap after GC invocations=14 (full 0):
 garbage-first heap   total 262144K, used 93634K [0x0000000080000000, 0x0000000100000000)
  region size 1024K, 16 young (16384K), 16 survivors (16384K)
 Metaspace       used 86792K, capacity 88910K, committed 89200K, reserved 1126400K
  class space    used 11263K, capacity 12073K, committed 12108K, reserved 1048576K
}
Event: 16.608 GC heap before
{Heap before GC invocations=14 (full 0):
 garbage-first heap   total 262144K, used 195010K [0x0000000080000000, 0x0000000100000000)
  region size 1024K, 107 young (109568K), 16 survivors (16384K)
 Metaspace       used 88307K, capacity 90495K, committed 90736K, reserved 1128448K
  class space    used 11414K, capacity 12259K, committed 12364K, reserved 1048576K
}
Event: 16.624 GC heap after
{Heap after GC invocations=15 (full 0):
 garbage-first heap   total 262144K, used 100663K [0x0000000080000000, 0x0000000100000000)
  region size 1024K, 7 young (7168K), 7 survivors (7168K)
 Metaspace       used 88307K, capacity 90495K, committed 90736K, reserved 1128448K
  class space    used 11414K, capacity 12259K, committed 12364K, reserved 1048576K
}
Event: 17.332 GC heap before
{Heap before GC invocations=15 (full 0):
 garbage-first heap   total 262144K, used 208183K [0x0000000080000000, 0x0000000100000000)
  region size 1024K, 98 young (100352K), 7 survivors (7168K)
 Metaspace       used 92311K, capacity 94548K, committed 94832K, reserved 1132544K
  class space    used 11714K, capacity 12565K, committed 12620K, reserved 1048576K
}
Event: 17.347 GC heap after
{Heap after GC invocations=16 (full 0):
 garbage-first heap   total 262144K, used 106193K [0x0000000080000000, 0x0000000100000000)
  region size 1024K, 12 young (12288K), 12 survivors (12288K)
 Metaspace       used 92311K, capacity 94548K, committed 94832K, reserved 1132544K
  class space    used 11714K, capacity 12565K, committed 12620K, reserved 1048576K
}
Event: 17.935 GC heap before
{Heap before GC invocations=16 (full 0):
 garbage-first heap   total 262144K, used 200401K [0x0000000080000000, 0x0000000100000000)
  region size 1024K, 103 young (105472K), 12 survivors (12288K)
 Metaspace       used 93416K, capacity 95730K, committed 95984K, reserved 1132544K
  class space    used 11793K, capacity 12638K, committed 12748K, reserved 1048576K
}
Event: 17.942 GC heap after
{Heap after GC invocations=17 (full 0):
 garbage-first heap   total 262144K, used 104402K [0x0000000080000000, 0x0000000100000000)
  region size 1024K, 3 young (3072K), 3 survivors (3072K)
 Metaspace       used 93416K, capacity 95730K, committed 95984K, reserved 1132544K
  class space    used 11793K, capacity 12638K, committed 12748K, reserved 1048576K
}
Event: 18.498 GC heap before
{Heap before GC invocations=17 (full 0):
 garbage-first heap   total 262144K, used 200658K [0x0000000080000000, 0x0000000100000000)
  region size 1024K, 98 young (100352K), 3 survivors (3072K)
 Metaspace       used 93424K, capacity 95730K, committed 95984K, reserved 1132544K
  class space    used 11793K, capacity 12638K, committed 12748K, reserved 1048576K
}
Event: 18.503 GC heap after
{Heap after GC invocations=18 (full 0):
 garbage-first heap   total 262144K, used 105195K [0x0000000080000000, 0x0000000100000000)
  region size 1024K, 4 young (4096K), 4 survivors (4096K)
 Metaspace       used 93424K, capacity 95730K, committed 95984K, reserved 1132544K
  class space    used 11793K, capacity 12638K, committed 12748K, reserved 1048576K
}
Event: 19.818 GC heap before
{Heap before GC invocations=18 (full 0):
 garbage-first heap   total 262144K, used 194283K [0x0000000080000000, 0x0000000100000000)
  region size 1024K, 91 young (93184K), 4 survivors (4096K)
 Metaspace       used 98323K, capacity 100569K, committed 100668K, reserved 1136640K
  class space    used 12393K, capacity 13263K, committed 13336K, reserved 1048576K
}
Event: 19.825 GC heap after
{Heap after GC invocations=19 (full 0):
 garbage-first heap   total 262144K, used 102825K [0x0000000080000000, 0x0000000100000000)
  region size 1024K, 3 young (3072K), 3 survivors (3072K)
 Metaspace       used 98323K, capacity 100569K, committed 100668K, reserved 1136640K
  class space    used 12393K, capacity 13263K, committed 13336K, reserved 1048576K
}
Event: 21.114 GC heap before
{Heap before GC invocations=20 (full 0):
 garbage-first heap   total 262144K, used 207273K [0x0000000080000000, 0x0000000100000000)
  region size 1024K, 107 young (109568K), 3 survivors (3072K)
 Metaspace       used 100296K, capacity 102509K, committed 102972K, reserved 1138688K
  class space    used 12543K, capacity 13383K, committed 13592K, reserved 1048576K
}
Event: 21.122 GC heap after
{Heap after GC invocations=21 (full 0):
 garbage-first heap   total 262144K, used 115656K [0x0000000080000000, 0x0000000100000000)
  region size 1024K, 14 young (14336K), 14 survivors (14336K)
 Metaspace       used 100296K, capacity 102509K, committed 102972K, reserved 1138688K
  class space    used 12543K, capacity 13383K, committed 13592K, reserved 1048576K
}
Event: 21.123 GC heap before
{Heap before GC invocations=21 (full 0):
 garbage-first heap   total 262144K, used 115656K [0x0000000080000000, 0x0000000100000000)
  region size 1024K, 16 young (16384K), 14 survivors (14336K)
 Metaspace       used 100310K, capacity 102509K, committed 102972K, reserved 1138688K
  class space    used 12545K, capacity 13383K, committed 13592K, reserved 1048576K
}
Event: 21.129 GC heap after
{Heap after GC invocations=22 (full 0):
 garbage-first heap   total 262144K, used 110944K [0x0000000080000000, 0x0000000100000000)
  region size 1024K, 2 young (2048K), 2 survivors (2048K)
 Metaspace       used 100310K, capacity 102509K, committed 102972K, reserved 1138688K
  class space    used 12545K, capacity 13383K, committed 13592K, reserved 1048576K
}

Deoptimization events (20 events):
Event: 21.173 Thread 0x000002451b033000 DEOPT PACKING pc=0x00000245083f0d80 sp=0x00000087a1bfa540
Event: 21.173 Thread 0x000002451fa56000 DEOPT PACKING pc=0x00000245083f0d80 sp=0x00000087a08fa4d0
Event: 21.173 Thread 0x000002451b033000 DEOPT UNPACKING pc=0x000002450002662f sp=0x00000087a1bfa4f8 mode 2
Event: 21.173 Thread 0x000002451fa56000 DEOPT UNPACKING pc=0x000002450002662f sp=0x00000087a08fa488 mode 2
Event: 21.213 Thread 0x000002451fa58800 DEOPT PACKING pc=0x00000245022b9f55 sp=0x00000087a11fa2c0
Event: 21.213 Thread 0x000002451fa58800 DEOPT UNPACKING pc=0x0000024500026dde sp=0x00000087a11f97e0 mode 0
Event: 21.234 Thread 0x000002451ba13800 Uncommon trap: trap_request=0xffffff4d fr.pc=0x0000024508047050 relative=0x0000000000000170
Event: 21.234 Thread 0x000002451ba13800 Uncommon trap: reason=unstable_if action=reinterpret pc=0x0000024508047050 method=com.google.common.collect.MapMakerInternalMap$Segment.getEntry(Ljava/lang/Object;I)Lcom/google/common/collect/MapMakerInternalMap$InternalEntry; @ 63 c2
Event: 21.234 Thread 0x000002451ba13800 DEOPT PACKING pc=0x0000024508047050 sp=0x00000087a47f9a50
Event: 21.234 Thread 0x000002451ba13800 DEOPT UNPACKING pc=0x000002450002662f sp=0x00000087a47f9a08 mode 2
Event: 21.234 Thread 0x000002451ba13800 Uncommon trap: trap_request=0xffffff4d fr.pc=0x00000245083f2d4c relative=0x000000000000170c
Event: 21.234 Thread 0x000002451ba13800 Uncommon trap: reason=unstable_if action=reinterpret pc=0x00000245083f2d4c method=java.util.concurrent.ConcurrentHashMap.putVal(Ljava/lang/Object;Ljava/lang/Object;Z)Ljava/lang/Object; @ 162 c2
Event: 21.234 Thread 0x000002451ba13800 DEOPT PACKING pc=0x00000245083f2d4c sp=0x00000087a47f98d0
Event: 21.234 Thread 0x000002451ba13800 DEOPT UNPACKING pc=0x000002450002662f sp=0x00000087a47f9878 mode 2
Event: 21.234 Thread 0x000002451ba13800 Uncommon trap: trap_request=0xffffff4d fr.pc=0x00000245080763a0 relative=0x0000000000001a00
Event: 21.234 Thread 0x000002451ba13800 Uncommon trap: reason=unstable_if action=reinterpret pc=0x00000245080763a0 method=com.google.common.collect.MapMakerInternalMap$Segment.put(Ljava/lang/Object;ILjava/lang/Object;Z)Ljava/lang/Object; @ 92 c2
Event: 21.234 Thread 0x000002451ba13800 DEOPT PACKING pc=0x00000245080763a0 sp=0x00000087a47f9a90
Event: 21.234 Thread 0x000002451ba13800 DEOPT UNPACKING pc=0x000002450002662f sp=0x00000087a47f9a38 mode 2
Event: 21.243 Thread 0x000002451b15d800 DEOPT PACKING pc=0x00000245022b9f55 sp=0x00000087a35fa5b0
Event: 21.243 Thread 0x000002451b15d800 DEOPT UNPACKING pc=0x0000024500026dde sp=0x00000087a35f9ad0 mode 0

Classes redefined (0 events):
No events

Internal exceptions (20 events):
Event: 20.699 Thread 0x000002451fa54800 Exception <a 'sun/nio/fs/WindowsException'{0x000000008d00f018}> (0x000000008d00f018) thrown at [./src/hotspot/share/prims/jni.cpp, line 615]
Event: 20.702 Thread 0x000002451b033000 Exception <a 'sun/nio/fs/WindowsException'{0x000000008d017988}> (0x000000008d017988) thrown at [./src/hotspot/share/prims/jni.cpp, line 615]
Event: 20.703 Thread 0x000002451fa56000 Exception <a 'sun/nio/fs/WindowsException'{0x000000008d03e818}> (0x000000008d03e818) thrown at [./src/hotspot/share/prims/jni.cpp, line 615]
Event: 20.704 Thread 0x000002451fa58800 Exception <a 'sun/nio/fs/WindowsException'{0x000000008d0359b0}> (0x000000008d0359b0) thrown at [./src/hotspot/share/prims/jni.cpp, line 615]
Event: 20.718 Thread 0x000002451ba13800 Exception <a 'sun/nio/fs/WindowsException'{0x000000008d0fae70}> (0x000000008d0fae70) thrown at [./src/hotspot/share/prims/jni.cpp, line 615]
Event: 20.720 Thread 0x000002451fa58800 Exception <a 'sun/nio/fs/WindowsException'{0x000000008cf2cc18}> (0x000000008cf2cc18) thrown at [./src/hotspot/share/prims/jni.cpp, line 615]
Event: 20.726 Thread 0x000002451b033000 Exception <a 'sun/nio/fs/WindowsException'{0x000000008cf6ce30}> (0x000000008cf6ce30) thrown at [./src/hotspot/share/prims/jni.cpp, line 615]
Event: 20.728 Thread 0x000002451fa54800 Exception <a 'sun/nio/fs/WindowsException'{0x000000008cf93b88}> (0x000000008cf93b88) thrown at [./src/hotspot/share/prims/jni.cpp, line 615]
Event: 20.775 Thread 0x000002451b03a800 Implicit null exception at 0x00000245083b6cdd to 0x00000245083b744c
Event: 20.815 Thread 0x000002451fa5b800 Implicit null exception at 0x00000245083b3ad2 to 0x00000245083b3ed8
Event: 20.815 Thread 0x000002451b03a800 Implicit null exception at 0x00000245083b3ad2 to 0x00000245083b3ed8
Event: 21.078 Thread 0x000002451fa54800 Exception <a 'sun/nio/fs/WindowsException'{0x000000008b04f060}> (0x000000008b04f060) thrown at [./src/hotspot/share/prims/jni.cpp, line 615]
Event: 21.078 Thread 0x000002451fa5b800 Exception <a 'sun/nio/fs/WindowsException'{0x000000008b06f8d8}> (0x000000008b06f8d8) thrown at [./src/hotspot/share/prims/jni.cpp, line 615]
Event: 21.078 Thread 0x000002451fa56000 Exception <a 'sun/nio/fs/WindowsException'{0x000000008b1ef0d8}> (0x000000008b1ef0d8) thrown at [./src/hotspot/share/prims/jni.cpp, line 615]
Event: 21.091 Thread 0x000002451fa5b000 Exception <a 'sun/nio/fs/WindowsException'{0x000000008a49abe8}> (0x000000008a49abe8) thrown at [./src/hotspot/share/prims/jni.cpp, line 615]
Event: 21.104 Thread 0x000002451ba13800 Exception <a 'sun/nio/fs/WindowsException'{0x0000000089bbc9f0}> (0x0000000089bbc9f0) thrown at [./src/hotspot/share/prims/jni.cpp, line 615]
Event: 21.148 Thread 0x000002451b033000 Exception <a 'sun/nio/fs/WindowsException'{0x000000008f3dbc40}> (0x000000008f3dbc40) thrown at [./src/hotspot/share/prims/jni.cpp, line 615]
Event: 21.211 Thread 0x000002451fa58800 Exception <a 'sun/nio/fs/WindowsException'{0x000000008db78cf8}> (0x000000008db78cf8) thrown at [./src/hotspot/share/prims/jni.cpp, line 615]
Event: 21.242 Thread 0x000002451b15d800 Exception <a 'sun/nio/fs/WindowsException'{0x000000008d39d9c0}> (0x000000008d39d9c0) thrown at [./src/hotspot/share/prims/jni.cpp, line 615]
Event: 21.250 Thread 0x000002451b15d800 Exception <a 'java/lang/NoSuchMethodError'{0x000000008d250d38}: 'java.lang.Object java.lang.invoke.DirectMethodHandle$Holder.invokeStaticInit(java.lang.Object, java.lang.Object, java.lang.Object, java.lang.Object, java.lang.Object, java.lang.Object, java.lang.Object, java.lang.Object, java.lang.Object, java.lang.Object, java.lang.Object, java.lang.Object, java.lang.Object, java.lang.Object, java.lang.Object, java.lang.Object, java.lang.Object, java.lang.Object, int, java.lang.Object, java.lang.Object)'> (0

Events (20 events):
Event: 21.271 loading class com/android/tools/r8/graph/g2
Event: 21.271 loading class com/android/tools/r8/graph/g2 done
Event: 21.271 loading class com/android/tools/r8/internal/NY0
Event: 21.271 loading class com/android/tools/r8/internal/NY0 done
Event: 21.271 loading class com/android/tools/r8/graph/u1
Event: 21.271 loading class com/android/tools/r8/graph/u1 done
Event: 21.272 loading class java/lang/reflect/GenericSignatureFormatError
Event: 21.272 loading class java/lang/reflect/GenericSignatureFormatError done
Event: 21.272 loading class com/android/tools/r8/graph/u1$e
Event: 21.272 loading class com/android/tools/r8/graph/u1$e done
Event: 21.272 loading class com/android/tools/r8/graph/u1$i
Event: 21.272 loading class com/android/tools/r8/graph/u1$i done
Event: 21.272 loading class com/android/tools/r8/graph/u1$c
Event: 21.272 loading class com/android/tools/r8/graph/u1$c done
Event: 21.273 loading class com/android/tools/r8/graph/u1$k
Event: 21.273 loading class com/android/tools/r8/graph/u1$k done
Event: 21.273 loading class com/android/tools/r8/synthesis/t
Event: 21.273 loading class com/android/tools/r8/synthesis/t done
Event: 21.273 loading class com/android/tools/r8/internal/MJ0
Event: 21.273 loading class com/android/tools/r8/internal/MJ0 done


Dynamic libraries:
0x00007ff6821f0000 - 0x00007ff6821fa000 	C:\Program Files\Android\Android Studio\jre\bin\java.exe
0x00007ff871f70000 - 0x00007ff872165000 	C:\WINDOWS\SYSTEM32\ntdll.dll
0x00007ff8708c0000 - 0x00007ff87097e000 	C:\WINDOWS\System32\KERNEL32.DLL
0x00007ff86f8f0000 - 0x00007ff86fbb8000 	C:\WINDOWS\System32\KERNELBASE.dll
0x00007ff86fbc0000 - 0x00007ff86fcc0000 	C:\WINDOWS\System32\ucrtbase.dll
0x00007ff86b410000 - 0x00007ff86b429000 	C:\Program Files\Android\Android Studio\jre\bin\jli.dll
0x00007ff85c6c0000 - 0x00007ff85c6d7000 	C:\Program Files\Android\Android Studio\jre\bin\VCRUNTIME140.dll
0x00007ff871220000 - 0x00007ff8713c0000 	C:\WINDOWS\System32\USER32.dll
0x00007ff86f690000 - 0x00007ff86f6b2000 	C:\WINDOWS\System32\win32u.dll
0x00007ff8704a0000 - 0x00007ff8704ca000 	C:\WINDOWS\System32\GDI32.dll
0x00007ff85b120000 - 0x00007ff85b3ba000 	C:\WINDOWS\WinSxS\amd64_microsoft.windows.common-controls_6595b64144ccf1df_6.0.19041.1110_none_60b5254171f9507e\COMCTL32.dll
0x00007ff86fcc0000 - 0x00007ff86fdcb000 	C:\WINDOWS\System32\gdi32full.dll
0x00007ff870980000 - 0x00007ff870a1e000 	C:\WINDOWS\System32\msvcrt.dll
0x00007ff86ff30000 - 0x00007ff86ffcd000 	C:\WINDOWS\System32\msvcp_win.dll
0x00007ff871070000 - 0x00007ff8710a0000 	C:\WINDOWS\System32\IMM32.DLL
0x00007ff836030000 - 0x00007ff8360cd000 	C:\Program Files\Android\Android Studio\jre\bin\msvcp140.dll
0x00007ff8107a0000 - 0x00007ff811275000 	C:\Program Files\Android\Android Studio\jre\bin\server\jvm.dll
0x00007ff871170000 - 0x00007ff87121e000 	C:\WINDOWS\System32\ADVAPI32.dll
0x00007ff8704d0000 - 0x00007ff87056c000 	C:\WINDOWS\System32\sechost.dll
0x00007ff870be0000 - 0x00007ff870d05000 	C:\WINDOWS\System32\RPCRT4.dll
0x00007ff871f20000 - 0x00007ff871f28000 	C:\WINDOWS\System32\PSAPI.DLL
0x00007ff847f70000 - 0x00007ff847f79000 	C:\WINDOWS\SYSTEM32\WSOCK32.dll
0x00007ff85e610000 - 0x00007ff85e637000 	C:\WINDOWS\SYSTEM32\WINMM.dll
0x00007ff8707f0000 - 0x00007ff87085b000 	C:\WINDOWS\System32\WS2_32.dll
0x00007ff867a20000 - 0x00007ff867a2a000 	C:\WINDOWS\SYSTEM32\VERSION.dll
0x00007ff86d5b0000 - 0x00007ff86d5c2000 	C:\WINDOWS\SYSTEM32\kernel.appcore.dll
0x00007ff86a300000 - 0x00007ff86a311000 	C:\Program Files\Android\Android Studio\jre\bin\verify.dll
0x00007ff85c990000 - 0x00007ff85cb74000 	C:\WINDOWS\SYSTEM32\DBGHELP.DLL
0x00007ff85a720000 - 0x00007ff85a74c000 	C:\WINDOWS\SYSTEM32\dbgcore.DLL
0x00007ff86f770000 - 0x00007ff86f7f2000 	C:\WINDOWS\System32\bcryptPrimitives.dll
0x00007ff85a3b0000 - 0x00007ff85a3d9000 	C:\Program Files\Android\Android Studio\jre\bin\java.dll
0x00007ff86b5b0000 - 0x00007ff86b5bb000 	C:\Program Files\Android\Android Studio\jre\bin\jimage.dll
0x00007ff869d60000 - 0x00007ff869d78000 	C:\Program Files\Android\Android Studio\jre\bin\zip.dll
0x00007ff8713c0000 - 0x00007ff871b04000 	C:\WINDOWS\System32\SHELL32.dll
0x00007ff86d7b0000 - 0x00007ff86df44000 	C:\WINDOWS\SYSTEM32\windows.storage.dll
0x00007ff870d10000 - 0x00007ff871064000 	C:\WINDOWS\System32\combase.dll
0x00007ff86f100000 - 0x00007ff86f12c000 	C:\WINDOWS\SYSTEM32\Wldp.dll
0x00007ff871cb0000 - 0x00007ff871d5d000 	C:\WINDOWS\System32\SHCORE.dll
0x00007ff870860000 - 0x00007ff8708b5000 	C:\WINDOWS\System32\shlwapi.dll
0x00007ff86f5d0000 - 0x00007ff86f5ef000 	C:\WINDOWS\SYSTEM32\profapi.dll
0x00007ff867ef0000 - 0x00007ff867f0a000 	C:\Program Files\Android\Android Studio\jre\bin\net.dll
0x00007ff85eac0000 - 0x00007ff85ebca000 	C:\WINDOWS\SYSTEM32\WINHTTP.dll
0x00007ff86ee60000 - 0x00007ff86eeca000 	C:\WINDOWS\system32\mswsock.dll
0x00007ff85a240000 - 0x00007ff85a254000 	C:\Program Files\Android\Android Studio\jre\bin\nio.dll
0x00007ff84abe0000 - 0x00007ff84ac07000 	C:\Users\khk68\.gradle\native\e1d6ef7f7dcc3fd88c89a11ec53ec762bb8ba0a96d01ffa2cd45eb1d1d8dd5c5\windows-amd64\native-platform.dll
0x00007ff832ad0000 - 0x00007ff832c14000 	C:\Users\khk68\.gradle\native\5664cfc778a61ccfe75a443a1ab52a65af34e5dc3c78e0209fed803814484fcb\windows-amd64\native-platform-file-events.dll
0x00007ff86a2f0000 - 0x00007ff86a2fa000 	C:\Program Files\Android\Android Studio\jre\bin\management.dll
0x00007ff869be0000 - 0x00007ff869bed000 	C:\Program Files\Android\Android Studio\jre\bin\management_ext.dll
0x00007ff86f060000 - 0x00007ff86f078000 	C:\WINDOWS\SYSTEM32\CRYPTSP.dll
0x00007ff86e710000 - 0x00007ff86e744000 	C:\WINDOWS\system32\rsaenh.dll
0x00007ff86f870000 - 0x00007ff86f897000 	C:\WINDOWS\System32\bcrypt.dll
0x00007ff86f550000 - 0x00007ff86f57e000 	C:\WINDOWS\SYSTEM32\USERENV.dll
0x00007ff86f050000 - 0x00007ff86f05c000 	C:\WINDOWS\SYSTEM32\CRYPTBASE.dll
0x00007ff86eb00000 - 0x00007ff86eb3b000 	C:\WINDOWS\SYSTEM32\IPHLPAPI.DLL
0x00007ff8706a0000 - 0x00007ff8706a8000 	C:\WINDOWS\System32\NSI.dll
0x00007ff866640000 - 0x00007ff866657000 	C:\WINDOWS\SYSTEM32\dhcpcsvc6.DLL
0x00007ff866b40000 - 0x00007ff866b5d000 	C:\WINDOWS\SYSTEM32\dhcpcsvc.DLL
0x00007ff86eb40000 - 0x00007ff86ec0b000 	C:\WINDOWS\SYSTEM32\DNSAPI.dll
0x00007ff86e3a0000 - 0x00007ff86e3d3000 	C:\WINDOWS\SYSTEM32\ntmarta.dll

dbghelp: loaded successfully - version: 4.0.5 - missing functions: none
symbol engine: initialized successfully - sym options: 0x614 - pdb path: .;C:\Program Files\Android\Android Studio\jre\bin;C:\WINDOWS\SYSTEM32;C:\WINDOWS\WinSxS\amd64_microsoft.windows.common-controls_6595b64144ccf1df_6.0.19041.1110_none_60b5254171f9507e;C:\Program Files\Android\Android Studio\jre\bin\server;C:\Users\khk68\.gradle\native\e1d6ef7f7dcc3fd88c89a11ec53ec762bb8ba0a96d01ffa2cd45eb1d1d8dd5c5\windows-amd64;C:\Users\khk68\.gradle\native\5664cfc778a61ccfe75a443a1ab52a65af34e5dc3c78e0209fed803814484fcb\windows-amd64

VM Arguments:
jvm_args: --add-opens=java.base/java.util=ALL-UNNAMED --add-opens=java.base/java.lang=ALL-UNNAMED --add-opens=java.base/java.lang.invoke=ALL-UNNAMED --add-opens=java.base/java.util=ALL-UNNAMED --add-opens=java.prefs/java.util.prefs=ALL-UNNAMED --add-opens=java.prefs/java.util.prefs=ALL-UNNAMED --add-opens=java.base/java.nio.charset=ALL-UNNAMED --add-opens=java.base/java.net=ALL-UNNAMED --add-opens=java.base/java.util.concurrent.atomic=ALL-UNNAMED -Xmx2048m -Dfile.encoding=UTF-8 -Duser.country=KR -Duser.language=ko -Duser.variant 
java_command: org.gradle.launcher.daemon.bootstrap.GradleDaemon 7.2
java_class_path (initial): C:\Users\khk68\.gradle\wrapper\dists\gradle-7.2-bin\2dnblmf4td7x66yl1d74lt32g\gradle-7.2\lib\gradle-launcher-7.2.jar
Launcher Type: SUN_STANDARD

[Global flags]
     intx CICompilerCount                          = 4                                         {product} {ergonomic}
     uint ConcGCThreads                            = 2                                         {product} {ergonomic}
     uint G1ConcRefinementThreads                  = 8                                         {product} {ergonomic}
   size_t G1HeapRegionSize                         = 1048576                                   {product} {ergonomic}
    uintx GCDrainStackTargetSize                   = 64                                        {product} {ergonomic}
   size_t InitialHeapSize                          = 268435456                                 {product} {ergonomic}
   size_t MarkStackSize                            = 4194304                                   {product} {ergonomic}
   size_t MaxHeapSize                              = 2147483648                                {product} {command line}
   size_t MaxNewSize                               = 1287651328                                {product} {ergonomic}
   size_t MinHeapDeltaBytes                        = 1048576                                   {product} {ergonomic}
    uintx NonNMethodCodeHeapSize                   = 5836300                                {pd product} {ergonomic}
    uintx NonProfiledCodeHeapSize                  = 122910970                              {pd product} {ergonomic}
    uintx ProfiledCodeHeapSize                     = 122910970                              {pd product} {ergonomic}
    uintx ReservedCodeCacheSize                    = 251658240                              {pd product} {ergonomic}
     bool SegmentedCodeCache                       = true                                      {product} {ergonomic}
     bool UseCompressedClassPointers               = true                                 {lp64_product} {ergonomic}
     bool UseCompressedOops                        = true                                 {lp64_product} {ergonomic}
     bool UseG1GC                                  = true                                      {product} {ergonomic}
     bool UseLargePagesIndividualAllocation        = false                                  {pd product} {ergonomic}

Logging:
Log output configuration:
 #0: stdout all=warning uptime,level,tags
 #1: stderr all=off uptime,level,tags

Environment Variables:
PATH=C:\Program Files (x86)\NAT Service;C:\Program Files (x86)\Common Files\Oracle\Java\javapath;C:\Program Files (x86)\Common Files\Intel\Shared Libraries\redist\intel64\compiler;C:\Windows\system32;C:\Windows;C:\Windows\System32\Wbem;C:\Windows\System32\WindowsPowerShell\v1.0\;C:\Program Files (x86)\NVIDIA Corporation\PhysX\Common;C:\Program Files\dotnet\;C:\WINDOWS\system32;C:\WINDOWS;C:\WINDOWS\System32\Wbem;C:\WINDOWS\System32\WindowsPowerShell\v1.0\;C:\WINDOWS\System32\OpenSSH\;C:\Program Files\Intel\WiFi\bin\;C:\Program Files\Common Files\Intel\WirelessCommon\;C:\WINDOWS\system32;C:\WINDOWS;C:\WINDOWS\System32\Wbem;C:\WINDOWS\System32\WindowsPowerShell\v1.0\;C:\WINDOWS\System32\OpenSSH\;C:\Users\khk68\AppData\Local\Programs\Python\Python310;C:\Users\khk68\AppData\Local\Programs\Python\Python310\Scripts;C:\bin\bin;C:\Program Files\Git\cmd;C:\Users\khk68\AppData\Local\Microsoft\WindowsApps;C:\Program Files\Bandizip\;C:\Program Files\Intel\WiFi\bin\;C:\Program Files\Common Files\Intel\WirelessCommon\;
USERNAME=강희권
OS=Windows_NT
PROCESSOR_IDENTIFIER=Intel64 Family 6 Model 158 Stepping 9, GenuineIntel



---------------  S Y S T E M  ---------------

OS: Windows 10 , 64 bit Build 19041 (10.0.19041.1645)
OS uptime: 0 days 4:34 hours

CPU:total 8 (initial active 8) (4 cores per cpu, 2 threads per core) family 6 model 158 stepping 9 microcode 0xb4, cmov, cx8, fxsr, mmx, sse, sse2, sse3, ssse3, sse4.1, sse4.2, popcnt, avx, avx2, aes, clmul, erms, 3dnowpref, lzcnt, ht, tsc, tscinvbit, bmi1, bmi2, adx, fma

Memory: 4k page, system-wide physical 16259M (2433M free)
TotalPageFile size 16259M (AvailPageFile size 0M)
current process WorkingSet (physical memory assigned to process): 589M, peak: 589M
current process commit charge ("private bytes"): 659M, peak: 660M

vm_info: OpenJDK 64-Bit Server VM (11.0.11+9-b60-7590822) for windows-amd64 JRE (11.0.11+9-b60-7590822), built on Jul 29 2021 21:43:44 by "builder" with MS VC++ 14.0 (VS2015)

END.
